2019-09-27 11:41:02.469 [main] DEBUG cruise.umplificator.UmplificatorMain - Configure Logger from log4j.properties
2019-09-27 11:41:02.475 [main] DEBUG cruise.umplificator.UmplificatorMain - Umplification process started!
2019-09-27 11:41:02.477 [main] DEBUG cruise.umplificator.core.Umplificator - start time : 1569598862477
2019-09-27 11:41:02.477 [main] INFO  cruise.umplificator.FileHelper - 
Files to be umplified: 
EnvironmentImpl.java

-----------------------
2019-09-27 11:41:02.484 [main] DEBUG cruise.umplificator.rules.RuleRunner - 1569598862484,1,Umplificator_traces.ump,24,RuleRunner,1894369629,me_e,RuleRunner,Instantiate RuleRunner- Resources, FileSystem and Repository created
2019-09-27 11:41:02.484 [main] DEBUG cruise.umplificator.rules.RuleRunner - 1569598862484,1,Umplificator_traces.ump,24,RuleRunner,1894369629,me_e,RuleRunner,Instantiate RuleRunner- Resources, FileSystem and Repository created
2019-09-27 11:41:02.493 [main] DEBUG cruise.umplificator.rules.RuleService - 1569598862493,1,Umplificator_traces.ump,20,RuleService,20224131,me_e,startRuleEngine,RuleService.startRuleEngine
2019-09-27 11:41:02.494 [main] DEBUG cruise.umplificator.rules.RuleRunner - 1569598862494,1,Umplificator_traces.ump,25,RuleRunner,1894369629,me_e,addRuleFile,RuleRunner.addRuleFile - Add Rule Files to Session
2019-09-27 11:41:03.863 [main] DEBUG cruise.umplificator.rules.RuleRunner - 1569598863863,1,Umplificator_traces.ump,28,RuleRunner,1894369629,me_e,insertUmpleModel,RuleRunner.insertUmpleModel - Insert Umple Model into working memory
2019-09-27 11:41:03.865 [main] DEBUG cruise.umplificator.core.Umplificator - Input language is: .java
2019-09-27 11:41:03.865 [main] INFO  cruise.umplificator.core.Umplificator - Attempting Umplification of EnvironmentImpl.java
2019-09-27 11:41:03.868 [main] DEBUG cruise.umplificator.core.Umplificator - ---Input---
2019-09-27 11:41:03.868 [main] DEBUG cruise.umplificator.core.Umplificator - // Original file location:  /home/abdulaziz/Desktop/BerkeleyDb/all_feature_try/CheckLeaks/com/sleepycat/je/dbi/EnvironmentImpl.java
// Original file location:  /home/abdulaziz/Desktop/BerkeleyDb/all_feature_try/CheckLeaks/com/sleepycat/je/dbi/EnvironmentImpl.java
package com.sleepycat.je.dbi;
public class EnvironmentImpl {
  /** 
 * Debugging support. Check for leaked locks and transactions.
 */
  private void checkLeaks() throws DatabaseException {
    new EnvironmentImpl_checkLeaks(this).execute();
  }
  protected void hook311() throws DatabaseException {
  }
  protected void hook325(  StringBuffer errors) throws DatabaseException {
    try {
      checkLeaks();
      this.hook311();
    }
 catch (    DatabaseException DBE) {
      errors.append("\nException performing validity checks: ");
      errors.append(DBE.toString()).append("\n");
    }
    original(errors);
  }
// START_OF_INNER_ELEMENT 
// START_OF_INNER_ELEMENT 
// // @MethodObject static class EnvironmentImpl_checkLeaks {
// //     EnvironmentImpl_checkLeaks(    EnvironmentImpl _this){
// //       this._this=_this;
// //     }
// //     void execute() throws DatabaseException {
// //       if (!_this.configManager.getBoolean(EnvironmentParams.ENV_CHECK_LEAKS)) {
// //         return;
// //       }
// //       clean=true;
// //       this.hook313();
// //       this.hook312();
// //       assert clean : "Lock, transaction, or latch left behind at environment close";
// //     }
// //     protected EnvironmentImpl _this;
// //     protected boolean clean;
// //     protected StatsConfig statsConfig;
// //     protected LockStats lockStat;
// //     protected TransactionStats txnStat;
// //     protected TransactionStats.Active[] active;
// //     protected void hook312() throws DatabaseException {
// //     }
// //     protected void hook313() throws DatabaseException {
// //     }
// //   }
// END_OF_INNER_ELEMENT 
// END_OF_INNER_ELEMENT 
}

2019-09-27 11:41:03.869 [main] DEBUG cruise.umplificator.parser.JavaParser - 1569598863869,1,Umplificator_traces.ump,13,JavaParser,2081501023,me_e,parseUnit,Parsing Compilation Unit
2019-09-27 11:41:03.980 [main] DEBUG cruise.umplificator.visitor.JavaClassVisitor - -Visiting PackageDeclaration-com.sleepycat.je.dbi
2019-09-27 11:41:03.980 [main] DEBUG cruise.umplificator.visitor.JavaClassVisitor - Visiting TypeDeclarations-EnvironmentImpl
2019-09-27 11:41:03.980 [main] DEBUG cruise.umplificator.visitor.JavaClassVisitor - Visiting MethodDeclarations-checkLeaks
2019-09-27 11:41:03.980 [main] DEBUG cruise.umplificator.visitor.JavaClassVisitor - Visiting MethodDeclarations-hook311
2019-09-27 11:41:03.980 [main] DEBUG cruise.umplificator.visitor.JavaClassVisitor - Visiting MethodDeclarations-hook325
2019-09-27 11:41:03.980 [main] DEBUG cruise.umplificator.parser.JavaParser - 1569598863980,1,Umplificator_traces.ump,14,JavaParser,2081501023,me_x,parseUnit,Initializing Java Visitor for Compilation Unit
2019-09-27 11:41:03.980 [main] DEBUG cruise.umplificator.rules.RuleRunner - 1569598863980,1,Umplificator_traces.ump,26,RuleRunner,1894369629,me_e,insertJavaElements,RuleRunner.insertJavaElements - Insert Java elements into working memory
2019-09-27 11:41:03.982 [main] DEBUG cruise.umplificator.rules.RuleRunner - 1569598863982,1,Umplificator_traces.ump,30,RuleRunner,1894369629,me_e,fireAllRules,RuleRunner.fireAllRules - Fire rules
2019-09-27 11:41:03.982 [main] DEBUG cruise.umplificator.rules.RuleRunner - RuleRunner.fireAllRules - Fire rules LEVEL3
2019-09-27 11:41:03.983 [main] DEBUG cruise.umplificator.rules.RuleRunner - RuleRunner.fireAllRules - Fire rules LEVEL2
2019-09-27 11:41:03.983 [main] DEBUG cruise.umplificator.rules.RuleRunner - RuleRunner.fireAllRules - Fire rules LEVEL2.1
2019-09-27 11:41:03.983 [main] DEBUG cruise.umplificator.rules.RuleRunner - RuleRunner.fireAllRules - Fire rules LEVEL1
2019-09-27 11:41:04.027 [main] DEBUG cruise.umplificator.parser.JavaParser - 1569598864027,1,Umplificator_traces.ump,13,JavaParser,1070619454,me_e,parseUnit,Parsing Compilation Unit
2019-09-27 11:41:04.031 [main] DEBUG cruise.umplificator.visitor.JavaClassVisitor - -Visiting PackageDeclaration-com.sleepycat.je.dbi
2019-09-27 11:41:04.031 [main] DEBUG cruise.umplificator.visitor.JavaClassVisitor - Visiting TypeDeclarations-EnvironmentImpl
2019-09-27 11:41:04.031 [main] DEBUG cruise.umplificator.visitor.JavaClassVisitor - Visiting MethodDeclarations-checkLeaks
2019-09-27 11:41:04.031 [main] DEBUG cruise.umplificator.visitor.JavaClassVisitor - Visiting MethodDeclarations-hook311
2019-09-27 11:41:04.032 [main] DEBUG cruise.umplificator.visitor.JavaClassVisitor - Visiting MethodDeclarations-hook325
2019-09-27 11:41:04.032 [main] DEBUG cruise.umplificator.parser.JavaParser - 1569598864032,1,Umplificator_traces.ump,14,JavaParser,1070619454,me_x,parseUnit,Initializing Java Visitor for Compilation Unit
2019-09-27 11:41:04.037 [main] INFO  cruise.umplificator.core.Umplificator - Umplification process completed for EnvironmentImpl.java!
2019-09-27 11:41:04.078 [main] DEBUG cruise.umplificator.FileHelper - --UmpleClass has been created fornull/EnvironmentImpl.ump--
2019-09-27 11:41:04.078 [main] DEBUG cruise.umplificator.core.Umplificator - Elapsed Time : 1601
2019-09-27 11:41:04.078 [main] DEBUG cruise.umplificator.core.Umplificator - Stop Time : start[1569598862477] time[1601] tag[model]
2019-09-27 11:41:04.078 [main] INFO  cruise.umplificator.UmplificatorMain - Success!
