2019-09-27 17:45:23.139 [main] DEBUG cruise.umplificator.UmplificatorMain - Configure Logger from log4j.properties
2019-09-27 17:45:23.146 [main] DEBUG cruise.umplificator.UmplificatorMain - Umplification process started!
2019-09-27 17:45:23.148 [main] DEBUG cruise.umplificator.core.Umplificator - start time : 1569620723148
2019-09-27 17:45:23.149 [main] INFO  cruise.umplificator.FileHelper - 
Files to be umplified: 
INCompressor.java

-----------------------
2019-09-27 17:45:23.157 [main] DEBUG cruise.umplificator.rules.RuleRunner - 1569620723157,1,Umplificator_traces.ump,24,RuleRunner,1894369629,me_e,RuleRunner,Instantiate RuleRunner- Resources, FileSystem and Repository created
2019-09-27 17:45:23.157 [main] DEBUG cruise.umplificator.rules.RuleRunner - 1569620723157,1,Umplificator_traces.ump,24,RuleRunner,1894369629,me_e,RuleRunner,Instantiate RuleRunner- Resources, FileSystem and Repository created
2019-09-27 17:45:23.167 [main] DEBUG cruise.umplificator.rules.RuleService - 1569620723167,1,Umplificator_traces.ump,20,RuleService,20224131,me_e,startRuleEngine,RuleService.startRuleEngine
2019-09-27 17:45:23.167 [main] DEBUG cruise.umplificator.rules.RuleRunner - 1569620723167,1,Umplificator_traces.ump,25,RuleRunner,1894369629,me_e,addRuleFile,RuleRunner.addRuleFile - Add Rule Files to Session
2019-09-27 17:45:24.647 [main] DEBUG cruise.umplificator.rules.RuleRunner - 1569620724647,1,Umplificator_traces.ump,28,RuleRunner,1894369629,me_e,insertUmpleModel,RuleRunner.insertUmpleModel - Insert Umple Model into working memory
2019-09-27 17:45:24.649 [main] DEBUG cruise.umplificator.core.Umplificator - Input language is: .java
2019-09-27 17:45:24.650 [main] INFO  cruise.umplificator.core.Umplificator - Attempting Umplification of INCompressor.java
2019-09-27 17:45:24.654 [main] DEBUG cruise.umplificator.core.Umplificator - ---Input---
2019-09-27 17:45:24.655 [main] DEBUG cruise.umplificator.core.Umplificator - 
2019-09-27 17:45:24.655 [main] DEBUG cruise.umplificator.parser.JavaParser - 1569620724655,1,Umplificator_traces.ump,13,JavaParser,2081501023,me_e,parseUnit,Parsing Compilation Unit
2019-09-27 17:45:24.773 [main] DEBUG cruise.umplificator.parser.JavaParser - 1569620724773,1,Umplificator_traces.ump,14,JavaParser,2081501023,me_x,parseUnit,Initializing Java Visitor for Compilation Unit
2019-09-27 17:45:24.773 [main] DEBUG cruise.umplificator.rules.RuleRunner - 1569620724773,1,Umplificator_traces.ump,26,RuleRunner,1894369629,me_e,insertJavaElements,RuleRunner.insertJavaElements - Insert Java elements into working memory
2019-09-27 17:45:24.773 [main] DEBUG cruise.umplificator.rules.RuleRunner - 1569620724773,1,Umplificator_traces.ump,30,RuleRunner,1894369629,me_e,fireAllRules,RuleRunner.fireAllRules - Fire rules
2019-09-27 17:45:24.773 [main] DEBUG cruise.umplificator.rules.RuleRunner - RuleRunner.fireAllRules - Fire rules LEVEL3
2019-09-27 17:45:24.773 [main] DEBUG cruise.umplificator.rules.RuleRunner - RuleRunner.fireAllRules - Fire rules LEVEL2
2019-09-27 17:45:24.773 [main] DEBUG cruise.umplificator.rules.RuleRunner - RuleRunner.fireAllRules - Fire rules LEVEL2.1
2019-09-27 17:45:24.773 [main] DEBUG cruise.umplificator.rules.RuleRunner - RuleRunner.fireAllRules - Fire rules LEVEL1
2019-09-27 17:45:24.784 [main] INFO  cruise.umplificator.core.Umplificator - Umplification process completed for INCompressor.java!
2019-09-27 17:45:24.787 [main] DEBUG cruise.umplificator.core.Umplificator - Elapsed Time : 1638
2019-09-27 17:45:24.787 [main] DEBUG cruise.umplificator.core.Umplificator - Stop Time : start[1569620723148] time[1638] tag[model]
2019-09-27 17:45:24.787 [main] INFO  cruise.umplificator.UmplificatorMain - Success!
