2019-09-26 21:28:32.610 [main] DEBUG cruise.umplificator.UmplificatorMain - Configure Logger from log4j.properties
2019-09-26 21:28:32.617 [main] DEBUG cruise.umplificator.UmplificatorMain - Umplification process started!
2019-09-26 21:28:32.620 [main] DEBUG cruise.umplificator.core.Umplificator - start time : 1569547712620
2019-09-26 21:28:32.621 [main] INFO  cruise.umplificator.FileHelper - 
Files to be umplified: 
Environment.java
EnvironmentImpl.java
TruncateResult.java
DbTree.java
Database.java

-----------------------
2019-09-26 21:28:32.630 [main] DEBUG cruise.umplificator.rules.RuleRunner - 1569547712630,1,Umplificator_traces.ump,24,RuleRunner,1894369629,me_e,RuleRunner,Instantiate RuleRunner- Resources, FileSystem and Repository created
2019-09-26 21:28:32.631 [main] DEBUG cruise.umplificator.rules.RuleRunner - 1569547712631,1,Umplificator_traces.ump,24,RuleRunner,1894369629,me_e,RuleRunner,Instantiate RuleRunner- Resources, FileSystem and Repository created
2019-09-26 21:28:32.643 [main] DEBUG cruise.umplificator.rules.RuleService - 1569547712643,1,Umplificator_traces.ump,20,RuleService,20224131,me_e,startRuleEngine,RuleService.startRuleEngine
2019-09-26 21:28:32.644 [main] DEBUG cruise.umplificator.rules.RuleRunner - 1569547712644,1,Umplificator_traces.ump,25,RuleRunner,1894369629,me_e,addRuleFile,RuleRunner.addRuleFile - Add Rule Files to Session
2019-09-26 21:28:34.784 [main] DEBUG cruise.umplificator.rules.RuleRunner - 1569547714784,1,Umplificator_traces.ump,28,RuleRunner,1894369629,me_e,insertUmpleModel,RuleRunner.insertUmpleModel - Insert Umple Model into working memory
2019-09-26 21:28:34.787 [main] DEBUG cruise.umplificator.core.Umplificator - Input language is: .java
2019-09-26 21:28:34.787 [main] INFO  cruise.umplificator.core.Umplificator - Attempting Umplification of Environment.java
2019-09-26 21:28:34.803 [main] DEBUG cruise.umplificator.core.Umplificator - ---Input---
2019-09-26 21:28:34.803 [main] DEBUG cruise.umplificator.core.Umplificator - package com.sleepycat.je;
public class Environment {
  /** 
 * Javadoc for this public method is generated via the doc templates in the
 * doc_src directory.
 */
  public long truncateDatabase(  Transaction txn,  String databaseName,  boolean returnCount) throws DatabaseException {
    checkHandleIsValid();
    checkEnv();
    DatabaseUtil.checkForNullParam(databaseName,"databaseName");
    Locker locker=null;
    boolean operationOk=false;
    long count=0;
    try {
      locker=LockerFactory.getWritableLocker(this,txn,environmentImpl.isTransactional(),true,null);
      count=environmentImpl.truncate(locker,databaseName,returnCount);
      operationOk=true;
    }
  finally {
      if (locker != null) {
        locker.operationEnd(operationOk);
      }
    }
    return count;
  }
}

2019-09-26 21:28:34.804 [main] DEBUG cruise.umplificator.parser.JavaParser - 1569547714804,1,Umplificator_traces.ump,13,JavaParser,2081501023,me_e,parseUnit,Parsing Compilation Unit
2019-09-26 21:28:35.121 [main] DEBUG cruise.umplificator.visitor.JavaClassVisitor - -Visiting PackageDeclaration-com.sleepycat.je
2019-09-26 21:28:35.121 [main] DEBUG cruise.umplificator.visitor.JavaClassVisitor - Visiting TypeDeclarations-Environment
2019-09-26 21:28:35.123 [main] DEBUG cruise.umplificator.visitor.JavaClassVisitor - Visiting MethodDeclarations-truncateDatabase
2019-09-26 21:28:35.124 [main] DEBUG cruise.umplificator.parser.JavaParser - 1569547715124,1,Umplificator_traces.ump,14,JavaParser,2081501023,me_x,parseUnit,Initializing Java Visitor for Compilation Unit
2019-09-26 21:28:35.124 [main] DEBUG cruise.umplificator.rules.RuleRunner - 1569547715124,1,Umplificator_traces.ump,26,RuleRunner,1894369629,me_e,insertJavaElements,RuleRunner.insertJavaElements - Insert Java elements into working memory
2019-09-26 21:28:35.127 [main] DEBUG cruise.umplificator.rules.RuleRunner - 1569547715127,1,Umplificator_traces.ump,30,RuleRunner,1894369629,me_e,fireAllRules,RuleRunner.fireAllRules - Fire rules
2019-09-26 21:28:35.128 [main] DEBUG cruise.umplificator.rules.RuleRunner - RuleRunner.fireAllRules - Fire rules LEVEL3
2019-09-26 21:28:35.128 [main] DEBUG cruise.umplificator.rules.RuleRunner - RuleRunner.fireAllRules - Fire rules LEVEL2
2019-09-26 21:28:35.129 [main] DEBUG cruise.umplificator.rules.RuleRunner - RuleRunner.fireAllRules - Fire rules LEVEL2.1
2019-09-26 21:28:35.129 [main] DEBUG cruise.umplificator.rules.RuleRunner - RuleRunner.fireAllRules - Fire rules LEVEL1
2019-09-26 21:28:35.225 [main] DEBUG cruise.umplificator.parser.JavaParser - 1569547715225,1,Umplificator_traces.ump,13,JavaParser,1898730595,me_e,parseUnit,Parsing Compilation Unit
2019-09-26 21:28:35.235 [main] DEBUG cruise.umplificator.visitor.JavaClassVisitor - -Visiting PackageDeclaration-com.sleepycat.je
2019-09-26 21:28:35.235 [main] DEBUG cruise.umplificator.visitor.JavaClassVisitor - Visiting TypeDeclarations-Environment
2019-09-26 21:28:35.235 [main] DEBUG cruise.umplificator.visitor.JavaClassVisitor - Visiting MethodDeclarations-truncateDatabase
2019-09-26 21:28:35.236 [main] DEBUG cruise.umplificator.parser.JavaParser - 1569547715236,1,Umplificator_traces.ump,14,JavaParser,1898730595,me_x,parseUnit,Initializing Java Visitor for Compilation Unit
2019-09-26 21:28:35.247 [main] INFO  cruise.umplificator.core.Umplificator - Umplification process completed for Environment.java!
2019-09-26 21:28:35.248 [main] DEBUG cruise.umplificator.core.Umplificator - Input language is: .java
2019-09-26 21:28:35.248 [main] INFO  cruise.umplificator.core.Umplificator - Attempting Umplification of EnvironmentImpl.java
2019-09-26 21:28:35.248 [main] DEBUG cruise.umplificator.core.Umplificator - ---Input---
2019-09-26 21:28:35.249 [main] DEBUG cruise.umplificator.core.Umplificator - package com.sleepycat.je.dbi;
public class EnvironmentImpl {
  /** 
 * Truncate a database. Return a new DatabaseImpl object which represents
 * the new truncated database. The old database is marked as deleted.
 * @deprecated This supports Database.truncate(), which is deprecated.
 */
  public TruncateResult truncate(  Locker locker,  DatabaseImpl database) throws DatabaseException {
    return dbMapTree.truncate(locker,database,true);
  }
  /** 
 * Truncate a database.
 */
  public long truncate(  Locker locker,  String databaseName,  boolean returnCount) throws DatabaseException {
    return dbMapTree.truncate(locker,databaseName,returnCount);
  }
}

2019-09-26 21:28:35.249 [main] DEBUG cruise.umplificator.parser.JavaParser - 1569547715249,1,Umplificator_traces.ump,13,JavaParser,1816633311,me_e,parseUnit,Parsing Compilation Unit
2019-09-26 21:28:35.252 [main] DEBUG cruise.umplificator.visitor.JavaClassVisitor - -Visiting PackageDeclaration-com.sleepycat.je.dbi
2019-09-26 21:28:35.252 [main] DEBUG cruise.umplificator.visitor.JavaClassVisitor - Visiting TypeDeclarations-EnvironmentImpl
2019-09-26 21:28:35.252 [main] DEBUG cruise.umplificator.visitor.JavaClassVisitor - Visiting MethodDeclarations-truncate
2019-09-26 21:28:35.252 [main] DEBUG cruise.umplificator.visitor.JavaClassVisitor - Visiting MethodDeclarations-truncate
2019-09-26 21:28:35.252 [main] DEBUG cruise.umplificator.parser.JavaParser - 1569547715252,1,Umplificator_traces.ump,14,JavaParser,1816633311,me_x,parseUnit,Initializing Java Visitor for Compilation Unit
2019-09-26 21:28:35.252 [main] DEBUG cruise.umplificator.rules.RuleRunner - 1569547715252,1,Umplificator_traces.ump,26,RuleRunner,1894369629,me_e,insertJavaElements,RuleRunner.insertJavaElements - Insert Java elements into working memory
2019-09-26 21:28:35.253 [main] DEBUG cruise.umplificator.rules.RuleRunner - 1569547715253,1,Umplificator_traces.ump,30,RuleRunner,1894369629,me_e,fireAllRules,RuleRunner.fireAllRules - Fire rules
2019-09-26 21:28:35.253 [main] DEBUG cruise.umplificator.rules.RuleRunner - RuleRunner.fireAllRules - Fire rules LEVEL3
2019-09-26 21:28:35.253 [main] DEBUG cruise.umplificator.rules.RuleRunner - RuleRunner.fireAllRules - Fire rules LEVEL2
2019-09-26 21:28:35.253 [main] DEBUG cruise.umplificator.rules.RuleRunner - RuleRunner.fireAllRules - Fire rules LEVEL2.1
2019-09-26 21:28:35.253 [main] DEBUG cruise.umplificator.rules.RuleRunner - RuleRunner.fireAllRules - Fire rules LEVEL1
2019-09-26 21:28:35.255 [main] DEBUG cruise.umplificator.parser.JavaParser - 1569547715254,1,Umplificator_traces.ump,13,JavaParser,1845746463,me_e,parseUnit,Parsing Compilation Unit
2019-09-26 21:28:35.258 [main] DEBUG cruise.umplificator.visitor.JavaClassVisitor - -Visiting PackageDeclaration-com.sleepycat.je.dbi
2019-09-26 21:28:35.258 [main] DEBUG cruise.umplificator.visitor.JavaClassVisitor - Visiting TypeDeclarations-EnvironmentImpl
2019-09-26 21:28:35.258 [main] DEBUG cruise.umplificator.visitor.JavaClassVisitor - Visiting MethodDeclarations-truncate
2019-09-26 21:28:35.259 [main] DEBUG cruise.umplificator.visitor.JavaClassVisitor - Visiting MethodDeclarations-truncate
2019-09-26 21:28:35.259 [main] DEBUG cruise.umplificator.parser.JavaParser - 1569547715259,1,Umplificator_traces.ump,14,JavaParser,1845746463,me_x,parseUnit,Initializing Java Visitor for Compilation Unit
2019-09-26 21:28:35.259 [main] DEBUG cruise.umplificator.parser.JavaParser - 1569547715259,1,Umplificator_traces.ump,13,JavaParser,201245433,me_e,parseUnit,Parsing Compilation Unit
2019-09-26 21:28:35.263 [main] DEBUG cruise.umplificator.visitor.JavaClassVisitor - -Visiting PackageDeclaration-com.sleepycat.je.dbi
2019-09-26 21:28:35.263 [main] DEBUG cruise.umplificator.visitor.JavaClassVisitor - Visiting TypeDeclarations-EnvironmentImpl
2019-09-26 21:28:35.263 [main] DEBUG cruise.umplificator.visitor.JavaClassVisitor - Visiting MethodDeclarations-truncate
2019-09-26 21:28:35.263 [main] DEBUG cruise.umplificator.visitor.JavaClassVisitor - Visiting MethodDeclarations-truncate
2019-09-26 21:28:35.263 [main] DEBUG cruise.umplificator.parser.JavaParser - 1569547715263,1,Umplificator_traces.ump,14,JavaParser,201245433,me_x,parseUnit,Initializing Java Visitor for Compilation Unit
2019-09-26 21:28:35.264 [main] DEBUG cruise.umplificator.parser.JavaParser - 1569547715264,1,Umplificator_traces.ump,13,JavaParser,1888400144,me_e,parseUnit,Parsing Compilation Unit
2019-09-26 21:28:35.267 [main] DEBUG cruise.umplificator.visitor.JavaClassVisitor - -Visiting PackageDeclaration-com.sleepycat.je
2019-09-26 21:28:35.267 [main] DEBUG cruise.umplificator.visitor.JavaClassVisitor - Visiting TypeDeclarations-Environment
2019-09-26 21:28:35.267 [main] DEBUG cruise.umplificator.visitor.JavaClassVisitor - Visiting MethodDeclarations-truncateDatabase
2019-09-26 21:28:35.267 [main] DEBUG cruise.umplificator.parser.JavaParser - 1569547715267,1,Umplificator_traces.ump,14,JavaParser,1888400144,me_x,parseUnit,Initializing Java Visitor for Compilation Unit
2019-09-26 21:28:35.268 [main] INFO  cruise.umplificator.core.Umplificator - Umplification process completed for EnvironmentImpl.java!
2019-09-26 21:28:35.269 [main] DEBUG cruise.umplificator.core.Umplificator - Input language is: .java
2019-09-26 21:28:35.269 [main] INFO  cruise.umplificator.core.Umplificator - Attempting Umplification of TruncateResult.java
2019-09-26 21:28:35.269 [main] DEBUG cruise.umplificator.core.Umplificator - ---Input---
2019-09-26 21:28:35.269 [main] DEBUG cruise.umplificator.core.Umplificator - package com.sleepycat.je.dbi;
import de.ovgu.cide.jakutil.*;
/** 
 * Holds the result of a database truncate operation.
 */
public class TruncateResult {
  private DatabaseImpl db;
  private int count;
  TruncateResult(  DatabaseImpl db,  int count){
    this.db=db;
    this.count=count;
  }
  public DatabaseImpl getDatabase(){
    return db;
  }
  public int getRecordCount(){
    return count;
  }
}

2019-09-26 21:28:35.269 [main] DEBUG cruise.umplificator.parser.JavaParser - 1569547715269,1,Umplificator_traces.ump,13,JavaParser,1857852787,me_e,parseUnit,Parsing Compilation Unit
2019-09-26 21:28:35.275 [main] DEBUG cruise.umplificator.visitor.JavaClassVisitor - -Visiting PackageDeclaration-com.sleepycat.je.dbi
2019-09-26 21:28:35.276 [main] DEBUG cruise.umplificator.visitor.JavaClassVisitor - Visiting ImportDeclarations-de.ovgu.cide.jakutil
2019-09-26 21:28:35.276 [main] DEBUG cruise.umplificator.visitor.JavaClassVisitor - Visiting TypeDeclarations-TruncateResult
2019-09-26 21:28:35.276 [main] DEBUG cruise.umplificator.visitor.JavaClassVisitor - Visiting FieldDeclarations-private DatabaseImpl db;

2019-09-26 21:28:35.276 [main] DEBUG cruise.umplificator.visitor.JavaClassVisitor - Visiting FieldDeclarations-private int count;

2019-09-26 21:28:35.278 [main] DEBUG cruise.umplificator.visitor.JavaClassVisitor - Visiting MethodDeclarations-TruncateResult
2019-09-26 21:28:35.278 [main] DEBUG cruise.umplificator.visitor.JavaClassVisitor - Visiting MethodDeclarations-getDatabase
2019-09-26 21:28:35.278 [main] DEBUG cruise.umplificator.visitor.JavaClassVisitor - Visiting MethodDeclarations-getRecordCount
2019-09-26 21:28:35.278 [main] DEBUG cruise.umplificator.parser.JavaParser - 1569547715278,1,Umplificator_traces.ump,14,JavaParser,1857852787,me_x,parseUnit,Initializing Java Visitor for Compilation Unit
2019-09-26 21:28:35.278 [main] DEBUG cruise.umplificator.rules.RuleRunner - 1569547715278,1,Umplificator_traces.ump,26,RuleRunner,1894369629,me_e,insertJavaElements,RuleRunner.insertJavaElements - Insert Java elements into working memory
2019-09-26 21:28:35.279 [main] DEBUG cruise.umplificator.rules.RuleRunner - 1569547715279,1,Umplificator_traces.ump,30,RuleRunner,1894369629,me_e,fireAllRules,RuleRunner.fireAllRules - Fire rules
2019-09-26 21:28:35.279 [main] DEBUG cruise.umplificator.rules.RuleRunner - RuleRunner.fireAllRules - Fire rules LEVEL3
2019-09-26 21:28:35.279 [main] DEBUG cruise.umplificator.rules.RuleRunner - RuleRunner.fireAllRules - Fire rules LEVEL2
2019-09-26 21:28:35.279 [main] DEBUG cruise.umplificator.rules.RuleRunner - RuleRunner.fireAllRules - Fire rules LEVEL2.1
2019-09-26 21:28:35.279 [main] DEBUG cruise.umplificator.rules.RuleRunner - RuleRunner.fireAllRules - Fire rules LEVEL1
2019-09-26 21:28:35.283 [main] DEBUG cruise.umplificator.parser.JavaParser - 1569547715283,1,Umplificator_traces.ump,13,JavaParser,1751751420,me_e,parseUnit,Parsing Compilation Unit
2019-09-26 21:28:35.286 [main] DEBUG cruise.umplificator.visitor.JavaClassVisitor - -Visiting PackageDeclaration-com.sleepycat.je.dbi
2019-09-26 21:28:35.287 [main] DEBUG cruise.umplificator.visitor.JavaClassVisitor - Visiting ImportDeclarations-de.ovgu.cide.jakutil
2019-09-26 21:28:35.287 [main] DEBUG cruise.umplificator.visitor.JavaClassVisitor - Visiting TypeDeclarations-TruncateResult
2019-09-26 21:28:35.287 [main] DEBUG cruise.umplificator.visitor.JavaClassVisitor - Visiting FieldDeclarations-private DatabaseImpl db;

2019-09-26 21:28:35.287 [main] DEBUG cruise.umplificator.visitor.JavaClassVisitor - Visiting FieldDeclarations-private int count;

2019-09-26 21:28:35.287 [main] DEBUG cruise.umplificator.visitor.JavaClassVisitor - Visiting MethodDeclarations-TruncateResult
2019-09-26 21:28:35.287 [main] DEBUG cruise.umplificator.visitor.JavaClassVisitor - Visiting MethodDeclarations-getDatabase
2019-09-26 21:28:35.287 [main] DEBUG cruise.umplificator.visitor.JavaClassVisitor - Visiting MethodDeclarations-getRecordCount
2019-09-26 21:28:35.287 [main] DEBUG cruise.umplificator.parser.JavaParser - 1569547715287,1,Umplificator_traces.ump,14,JavaParser,1751751420,me_x,parseUnit,Initializing Java Visitor for Compilation Unit
2019-09-26 21:28:35.288 [main] DEBUG cruise.umplificator.parser.JavaParser - 1569547715287,1,Umplificator_traces.ump,13,JavaParser,658135690,me_e,parseUnit,Parsing Compilation Unit
2019-09-26 21:28:35.292 [main] DEBUG cruise.umplificator.visitor.JavaClassVisitor - -Visiting PackageDeclaration-com.sleepycat.je.dbi
2019-09-26 21:28:35.292 [main] DEBUG cruise.umplificator.visitor.JavaClassVisitor - Visiting ImportDeclarations-de.ovgu.cide.jakutil
2019-09-26 21:28:35.292 [main] DEBUG cruise.umplificator.visitor.JavaClassVisitor - Visiting TypeDeclarations-TruncateResult
2019-09-26 21:28:35.292 [main] DEBUG cruise.umplificator.visitor.JavaClassVisitor - Visiting FieldDeclarations-private DatabaseImpl db;

2019-09-26 21:28:35.292 [main] DEBUG cruise.umplificator.visitor.JavaClassVisitor - Visiting FieldDeclarations-private int count;

2019-09-26 21:28:35.292 [main] DEBUG cruise.umplificator.visitor.JavaClassVisitor - Visiting MethodDeclarations-TruncateResult
2019-09-26 21:28:35.292 [main] DEBUG cruise.umplificator.visitor.JavaClassVisitor - Visiting MethodDeclarations-getDatabase
2019-09-26 21:28:35.292 [main] DEBUG cruise.umplificator.visitor.JavaClassVisitor - Visiting MethodDeclarations-getRecordCount
2019-09-26 21:28:35.292 [main] DEBUG cruise.umplificator.parser.JavaParser - 1569547715292,1,Umplificator_traces.ump,14,JavaParser,658135690,me_x,parseUnit,Initializing Java Visitor for Compilation Unit
2019-09-26 21:28:35.292 [main] DEBUG cruise.umplificator.parser.JavaParser - 1569547715292,1,Umplificator_traces.ump,13,JavaParser,404994500,me_e,parseUnit,Parsing Compilation Unit
2019-09-26 21:28:35.295 [main] DEBUG cruise.umplificator.visitor.JavaClassVisitor - -Visiting PackageDeclaration-com.sleepycat.je.dbi
2019-09-26 21:28:35.295 [main] DEBUG cruise.umplificator.visitor.JavaClassVisitor - Visiting ImportDeclarations-de.ovgu.cide.jakutil
2019-09-26 21:28:35.295 [main] DEBUG cruise.umplificator.visitor.JavaClassVisitor - Visiting TypeDeclarations-TruncateResult
2019-09-26 21:28:35.295 [main] DEBUG cruise.umplificator.visitor.JavaClassVisitor - Visiting FieldDeclarations-private DatabaseImpl db;

2019-09-26 21:28:35.295 [main] DEBUG cruise.umplificator.visitor.JavaClassVisitor - Visiting FieldDeclarations-private int count;

2019-09-26 21:28:35.295 [main] DEBUG cruise.umplificator.visitor.JavaClassVisitor - Visiting MethodDeclarations-TruncateResult
2019-09-26 21:28:35.295 [main] DEBUG cruise.umplificator.visitor.JavaClassVisitor - Visiting MethodDeclarations-getDatabase
2019-09-26 21:28:35.296 [main] DEBUG cruise.umplificator.visitor.JavaClassVisitor - Visiting MethodDeclarations-getRecordCount
2019-09-26 21:28:35.296 [main] DEBUG cruise.umplificator.parser.JavaParser - 1569547715296,1,Umplificator_traces.ump,14,JavaParser,404994500,me_x,parseUnit,Initializing Java Visitor for Compilation Unit
2019-09-26 21:28:35.297 [main] DEBUG cruise.umplificator.parser.JavaParser - 1569547715297,1,Umplificator_traces.ump,13,JavaParser,2135359921,me_e,parseUnit,Parsing Compilation Unit
2019-09-26 21:28:35.300 [main] DEBUG cruise.umplificator.visitor.JavaClassVisitor - -Visiting PackageDeclaration-com.sleepycat.je.dbi
2019-09-26 21:28:35.300 [main] DEBUG cruise.umplificator.visitor.JavaClassVisitor - Visiting ImportDeclarations-de.ovgu.cide.jakutil
2019-09-26 21:28:35.300 [main] DEBUG cruise.umplificator.visitor.JavaClassVisitor - Visiting TypeDeclarations-TruncateResult
2019-09-26 21:28:35.300 [main] DEBUG cruise.umplificator.visitor.JavaClassVisitor - Visiting FieldDeclarations-private DatabaseImpl db;

2019-09-26 21:28:35.300 [main] DEBUG cruise.umplificator.visitor.JavaClassVisitor - Visiting FieldDeclarations-private int count;

2019-09-26 21:28:35.300 [main] DEBUG cruise.umplificator.visitor.JavaClassVisitor - Visiting MethodDeclarations-TruncateResult
2019-09-26 21:28:35.300 [main] DEBUG cruise.umplificator.visitor.JavaClassVisitor - Visiting MethodDeclarations-getDatabase
2019-09-26 21:28:35.301 [main] DEBUG cruise.umplificator.visitor.JavaClassVisitor - Visiting MethodDeclarations-getRecordCount
2019-09-26 21:28:35.301 [main] DEBUG cruise.umplificator.parser.JavaParser - 1569547715301,1,Umplificator_traces.ump,14,JavaParser,2135359921,me_x,parseUnit,Initializing Java Visitor for Compilation Unit
2019-09-26 21:28:35.301 [main] DEBUG cruise.umplificator.parser.JavaParser - 1569547715301,1,Umplificator_traces.ump,13,JavaParser,182254297,me_e,parseUnit,Parsing Compilation Unit
2019-09-26 21:28:35.303 [main] DEBUG cruise.umplificator.visitor.JavaClassVisitor - -Visiting PackageDeclaration-com.sleepycat.je.dbi
2019-09-26 21:28:35.304 [main] DEBUG cruise.umplificator.visitor.JavaClassVisitor - Visiting ImportDeclarations-de.ovgu.cide.jakutil
2019-09-26 21:28:35.304 [main] DEBUG cruise.umplificator.visitor.JavaClassVisitor - Visiting TypeDeclarations-TruncateResult
2019-09-26 21:28:35.304 [main] DEBUG cruise.umplificator.visitor.JavaClassVisitor - Visiting FieldDeclarations-private DatabaseImpl db;

2019-09-26 21:28:35.304 [main] DEBUG cruise.umplificator.visitor.JavaClassVisitor - Visiting FieldDeclarations-private int count;

2019-09-26 21:28:35.304 [main] DEBUG cruise.umplificator.visitor.JavaClassVisitor - Visiting MethodDeclarations-TruncateResult
2019-09-26 21:28:35.304 [main] DEBUG cruise.umplificator.visitor.JavaClassVisitor - Visiting MethodDeclarations-getDatabase
2019-09-26 21:28:35.304 [main] DEBUG cruise.umplificator.visitor.JavaClassVisitor - Visiting MethodDeclarations-getRecordCount
2019-09-26 21:28:35.304 [main] DEBUG cruise.umplificator.parser.JavaParser - 1569547715304,1,Umplificator_traces.ump,14,JavaParser,182254297,me_x,parseUnit,Initializing Java Visitor for Compilation Unit
2019-09-26 21:28:35.304 [main] DEBUG cruise.umplificator.parser.JavaParser - 1569547715304,1,Umplificator_traces.ump,13,JavaParser,263495647,me_e,parseUnit,Parsing Compilation Unit
2019-09-26 21:28:35.307 [main] DEBUG cruise.umplificator.visitor.JavaClassVisitor - -Visiting PackageDeclaration-com.sleepycat.je.dbi
2019-09-26 21:28:35.307 [main] DEBUG cruise.umplificator.visitor.JavaClassVisitor - Visiting ImportDeclarations-de.ovgu.cide.jakutil
2019-09-26 21:28:35.308 [main] DEBUG cruise.umplificator.visitor.JavaClassVisitor - Visiting TypeDeclarations-TruncateResult
2019-09-26 21:28:35.309 [main] DEBUG cruise.umplificator.visitor.JavaClassVisitor - Visiting FieldDeclarations-private DatabaseImpl db;

2019-09-26 21:28:35.309 [main] DEBUG cruise.umplificator.visitor.JavaClassVisitor - Visiting FieldDeclarations-private int count;

2019-09-26 21:28:35.309 [main] DEBUG cruise.umplificator.visitor.JavaClassVisitor - Visiting MethodDeclarations-TruncateResult
2019-09-26 21:28:35.309 [main] DEBUG cruise.umplificator.visitor.JavaClassVisitor - Visiting MethodDeclarations-getDatabase
2019-09-26 21:28:35.309 [main] DEBUG cruise.umplificator.visitor.JavaClassVisitor - Visiting MethodDeclarations-getRecordCount
2019-09-26 21:28:35.309 [main] DEBUG cruise.umplificator.parser.JavaParser - 1569547715309,1,Umplificator_traces.ump,14,JavaParser,263495647,me_x,parseUnit,Initializing Java Visitor for Compilation Unit
2019-09-26 21:28:35.309 [main] DEBUG cruise.umplificator.parser.JavaParser - 1569547715309,1,Umplificator_traces.ump,13,JavaParser,976133979,me_e,parseUnit,Parsing Compilation Unit
2019-09-26 21:28:35.312 [main] DEBUG cruise.umplificator.visitor.JavaClassVisitor - -Visiting PackageDeclaration-com.sleepycat.je.dbi
2019-09-26 21:28:35.312 [main] DEBUG cruise.umplificator.visitor.JavaClassVisitor - Visiting TypeDeclarations-EnvironmentImpl
2019-09-26 21:28:35.312 [main] DEBUG cruise.umplificator.visitor.JavaClassVisitor - Visiting MethodDeclarations-truncate
2019-09-26 21:28:35.313 [main] DEBUG cruise.umplificator.visitor.JavaClassVisitor - Visiting MethodDeclarations-truncate
2019-09-26 21:28:35.313 [main] DEBUG cruise.umplificator.parser.JavaParser - 1569547715313,1,Umplificator_traces.ump,14,JavaParser,976133979,me_x,parseUnit,Initializing Java Visitor for Compilation Unit
2019-09-26 21:28:35.313 [main] DEBUG cruise.umplificator.parser.JavaParser - 1569547715313,1,Umplificator_traces.ump,13,JavaParser,2107853606,me_e,parseUnit,Parsing Compilation Unit
2019-09-26 21:28:35.316 [main] DEBUG cruise.umplificator.visitor.JavaClassVisitor - -Visiting PackageDeclaration-com.sleepycat.je
2019-09-26 21:28:35.316 [main] DEBUG cruise.umplificator.visitor.JavaClassVisitor - Visiting TypeDeclarations-Environment
2019-09-26 21:28:35.316 [main] DEBUG cruise.umplificator.visitor.JavaClassVisitor - Visiting MethodDeclarations-truncateDatabase
2019-09-26 21:28:35.316 [main] DEBUG cruise.umplificator.parser.JavaParser - 1569547715316,1,Umplificator_traces.ump,14,JavaParser,2107853606,me_x,parseUnit,Initializing Java Visitor for Compilation Unit
2019-09-26 21:28:35.326 [main] INFO  cruise.umplificator.core.Umplificator - Umplification process completed for TruncateResult.java!
2019-09-26 21:28:35.327 [main] DEBUG cruise.umplificator.core.Umplificator - Input language is: .java
2019-09-26 21:28:35.327 [main] INFO  cruise.umplificator.core.Umplificator - Attempting Umplification of DbTree.java
2019-09-26 21:28:35.327 [main] DEBUG cruise.umplificator.core.Umplificator - ---Input---
2019-09-26 21:28:35.327 [main] DEBUG cruise.umplificator.core.Umplificator - package com.sleepycat.je.dbi;
public class DbTree {
  /** 
 * To truncate, remove the database named by databaseName and create a new
 * database in its place.
 * @param returnCountif true, must return the count of records in the database,
 * which can be an expensive option.
 */
  long truncate(  Locker locker,  String databaseName,  boolean returnCount) throws DatabaseException {
    CursorImpl nameCursor=null;
    Locker autoTxn=null;
    try {
      NameLockResult result=lockNameLN(locker,databaseName,"truncate");
      nameCursor=result.nameCursor;
      if (nameCursor == null) {
        return 0;
      }
 else {
        DatabaseId newId=new DatabaseId(getNextDbId());
        DatabaseImpl newDb=(DatabaseImpl)result.dbImpl.clone();
        newDb.setId(newId);
        newDb.setTree(new Tree(newDb));
        CursorImpl idCursor=null;
        boolean operationOk=false;
        try {
          autoTxn=createLocker(envImpl);
          idCursor=new CursorImpl(idDatabase,autoTxn);
          idCursor.putLN(newId.getBytes(),new MapLN(newDb),false);
          operationOk=true;
        }
  finally {
          if (idCursor != null) {
            idCursor.close();
          }
          if (autoTxn != null) {
            autoTxn.operationEnd(operationOk);
          }
        }
        result.nameLN.setId(newDb.getId());
        long recordCount=0;
        if (returnCount) {
          recordCount=result.dbImpl.countRecords();
        }
        DatabaseEntry dataDbt=new DatabaseEntry(new byte[0]);
        nameCursor.putCurrent(dataDbt,null,null);
        this.hook296(locker,result,newDb);
        return recordCount;
      }
    }
 catch (    CloneNotSupportedException CNSE) {
      throw new DatabaseException(CNSE);
    }
 finally {
      if (nameCursor != null) {
        this.hook294(nameCursor);
        nameCursor.close();
      }
    }
  }
  /** 
 * Truncate a database named by databaseName. Return the new DatabaseImpl
 * object that represents the truncated database. The old one is marked as
 * deleted.
 * @deprecated This method used by Database.truncate()
 */
  TruncateResult truncate(  Locker locker,  DatabaseImpl oldDatabase,  boolean returnCount) throws DatabaseException {
    CursorImpl nameCursor=new CursorImpl(nameDatabase,locker);
    try {
      String databaseName=getDbName(oldDatabase.getId());
      DatabaseEntry keyDbt=new DatabaseEntry(databaseName.getBytes("UTF-8"));
      boolean found=(nameCursor.searchAndPosition(keyDbt,null,SearchMode.SET,LockType.WRITE) & CursorImpl.FOUND) != 0;
      if (!found) {
        throw new DatabaseException("Database " + databaseName + " not found in map tree");
      }
      NameLN nameLN=(NameLN)nameCursor.getCurrentLNAlreadyLatched(LockType.WRITE);
      assert nameLN != null;
      int handleCount=oldDatabase.getReferringHandleCount();
      if (handleCount > 1) {
        throw new DatabaseException("Can't truncate database " + databaseName + ","+ handleCount+ " open databases exist");
      }
      DatabaseImpl newDb;
      DatabaseId newId=new DatabaseId(getNextDbId());
      newDb=(DatabaseImpl)oldDatabase.clone();
      newDb.setId(newId);
      newDb.setTree(new Tree(newDb));
      CursorImpl idCursor=null;
      boolean operationOk=false;
      Locker autoTxn=null;
      try {
        autoTxn=createLocker(envImpl);
        idCursor=new CursorImpl(idDatabase,autoTxn);
        idCursor.putLN(newId.getBytes(),new MapLN(newDb),false);
        operationOk=true;
      }
  finally {
        if (idCursor != null) {
          idCursor.close();
        }
        if (autoTxn != null) {
          autoTxn.operationEnd(operationOk);
        }
      }
      nameLN.setId(newDb.getId());
      long count=0;
      if (returnCount) {
        count=oldDatabase.countRecords();
      }
      this.hook297(locker,oldDatabase);
      DatabaseEntry dataDbt=new DatabaseEntry(new byte[0]);
      nameCursor.putCurrent(dataDbt,null,null);
      return new TruncateResult(newDb,(int)count);
    }
 catch (    CloneNotSupportedException CNSE) {
      throw new DatabaseException(CNSE);
    }
catch (    UnsupportedEncodingException UEE) {
      throw new DatabaseException(UEE);
    }
 finally {
      this.hook295(nameCursor);
      nameCursor.close();
    }
  }
  protected void hook294(  CursorImpl nameCursor) throws DatabaseException {
  }
  protected void hook295(  CursorImpl nameCursor) throws DatabaseException {
  }
  protected void hook296(  Locker locker,  NameLockResult result,  DatabaseImpl newDb) throws DatabaseException, CloneNotSupportedException {
  }
  protected void hook297(  Locker locker,  DatabaseImpl oldDatabase) throws DatabaseException, CloneNotSupportedException, UnsupportedEncodingException {
  }
}

2019-09-26 21:28:35.327 [main] DEBUG cruise.umplificator.parser.JavaParser - 1569547715327,1,Umplificator_traces.ump,13,JavaParser,565627330,me_e,parseUnit,Parsing Compilation Unit
2019-09-26 21:28:35.353 [main] DEBUG cruise.umplificator.visitor.JavaClassVisitor - -Visiting PackageDeclaration-com.sleepycat.je.dbi
2019-09-26 21:28:35.353 [main] DEBUG cruise.umplificator.visitor.JavaClassVisitor - Visiting TypeDeclarations-DbTree
2019-09-26 21:28:35.353 [main] DEBUG cruise.umplificator.visitor.JavaClassVisitor - Visiting MethodDeclarations-truncate
2019-09-26 21:28:35.353 [main] DEBUG cruise.umplificator.visitor.JavaClassVisitor - Visiting MethodDeclarations-truncate
2019-09-26 21:28:35.354 [main] DEBUG cruise.umplificator.visitor.JavaClassVisitor - Visiting MethodDeclarations-hook294
2019-09-26 21:28:35.354 [main] DEBUG cruise.umplificator.visitor.JavaClassVisitor - Visiting MethodDeclarations-hook295
2019-09-26 21:28:35.354 [main] DEBUG cruise.umplificator.visitor.JavaClassVisitor - Visiting MethodDeclarations-hook296
2019-09-26 21:28:35.354 [main] DEBUG cruise.umplificator.visitor.JavaClassVisitor - Visiting MethodDeclarations-hook297
2019-09-26 21:28:35.354 [main] DEBUG cruise.umplificator.parser.JavaParser - 1569547715354,1,Umplificator_traces.ump,14,JavaParser,565627330,me_x,parseUnit,Initializing Java Visitor for Compilation Unit
2019-09-26 21:28:35.354 [main] DEBUG cruise.umplificator.rules.RuleRunner - 1569547715354,1,Umplificator_traces.ump,26,RuleRunner,1894369629,me_e,insertJavaElements,RuleRunner.insertJavaElements - Insert Java elements into working memory
2019-09-26 21:28:35.354 [main] DEBUG cruise.umplificator.rules.RuleRunner - 1569547715354,1,Umplificator_traces.ump,30,RuleRunner,1894369629,me_e,fireAllRules,RuleRunner.fireAllRules - Fire rules
2019-09-26 21:28:35.354 [main] DEBUG cruise.umplificator.rules.RuleRunner - RuleRunner.fireAllRules - Fire rules LEVEL3
2019-09-26 21:28:35.354 [main] DEBUG cruise.umplificator.rules.RuleRunner - RuleRunner.fireAllRules - Fire rules LEVEL2
2019-09-26 21:28:35.354 [main] DEBUG cruise.umplificator.rules.RuleRunner - RuleRunner.fireAllRules - Fire rules LEVEL2.1
2019-09-26 21:28:35.355 [main] DEBUG cruise.umplificator.rules.RuleRunner - RuleRunner.fireAllRules - Fire rules LEVEL1
2019-09-26 21:28:35.356 [main] DEBUG cruise.umplificator.parser.JavaParser - 1569547715356,1,Umplificator_traces.ump,13,JavaParser,1662824745,me_e,parseUnit,Parsing Compilation Unit
2019-09-26 21:28:35.358 [main] DEBUG cruise.umplificator.visitor.JavaClassVisitor - -Visiting PackageDeclaration-com.sleepycat.je.dbi
2019-09-26 21:28:35.359 [main] DEBUG cruise.umplificator.visitor.JavaClassVisitor - Visiting ImportDeclarations-de.ovgu.cide.jakutil
2019-09-26 21:28:35.359 [main] DEBUG cruise.umplificator.visitor.JavaClassVisitor - Visiting TypeDeclarations-TruncateResult
2019-09-26 21:28:35.359 [main] DEBUG cruise.umplificator.visitor.JavaClassVisitor - Visiting FieldDeclarations-private DatabaseImpl db;

2019-09-26 21:28:35.359 [main] DEBUG cruise.umplificator.visitor.JavaClassVisitor - Visiting FieldDeclarations-private int count;

2019-09-26 21:28:35.359 [main] DEBUG cruise.umplificator.visitor.JavaClassVisitor - Visiting MethodDeclarations-TruncateResult
2019-09-26 21:28:35.359 [main] DEBUG cruise.umplificator.visitor.JavaClassVisitor - Visiting MethodDeclarations-getDatabase
2019-09-26 21:28:35.359 [main] DEBUG cruise.umplificator.visitor.JavaClassVisitor - Visiting MethodDeclarations-getRecordCount
2019-09-26 21:28:35.359 [main] DEBUG cruise.umplificator.parser.JavaParser - 1569547715359,1,Umplificator_traces.ump,14,JavaParser,1662824745,me_x,parseUnit,Initializing Java Visitor for Compilation Unit
2019-09-26 21:28:35.360 [main] DEBUG cruise.umplificator.parser.JavaParser - 1569547715360,1,Umplificator_traces.ump,13,JavaParser,1025566069,me_e,parseUnit,Parsing Compilation Unit
2019-09-26 21:28:35.376 [main] DEBUG cruise.umplificator.visitor.JavaClassVisitor - -Visiting PackageDeclaration-com.sleepycat.je.dbi
2019-09-26 21:28:35.377 [main] DEBUG cruise.umplificator.visitor.JavaClassVisitor - Visiting TypeDeclarations-DbTree
2019-09-26 21:28:35.377 [main] DEBUG cruise.umplificator.visitor.JavaClassVisitor - Visiting MethodDeclarations-truncate
2019-09-26 21:28:35.377 [main] DEBUG cruise.umplificator.visitor.JavaClassVisitor - Visiting MethodDeclarations-truncate
2019-09-26 21:28:35.377 [main] DEBUG cruise.umplificator.visitor.JavaClassVisitor - Visiting MethodDeclarations-hook294
2019-09-26 21:28:35.377 [main] DEBUG cruise.umplificator.visitor.JavaClassVisitor - Visiting MethodDeclarations-hook295
2019-09-26 21:28:35.377 [main] DEBUG cruise.umplificator.visitor.JavaClassVisitor - Visiting MethodDeclarations-hook296
2019-09-26 21:28:35.377 [main] DEBUG cruise.umplificator.visitor.JavaClassVisitor - Visiting MethodDeclarations-hook297
2019-09-26 21:28:35.377 [main] DEBUG cruise.umplificator.parser.JavaParser - 1569547715377,1,Umplificator_traces.ump,14,JavaParser,1025566069,me_x,parseUnit,Initializing Java Visitor for Compilation Unit
2019-09-26 21:28:35.381 [main] DEBUG cruise.umplificator.parser.JavaParser - 1569547715381,1,Umplificator_traces.ump,13,JavaParser,844264574,me_e,parseUnit,Parsing Compilation Unit
2019-09-26 21:28:35.389 [main] DEBUG cruise.umplificator.visitor.JavaClassVisitor - -Visiting PackageDeclaration-com.sleepycat.je.dbi
2019-09-26 21:28:35.389 [main] DEBUG cruise.umplificator.visitor.JavaClassVisitor - Visiting TypeDeclarations-DbTree
2019-09-26 21:28:35.389 [main] DEBUG cruise.umplificator.visitor.JavaClassVisitor - Visiting MethodDeclarations-truncate
2019-09-26 21:28:35.390 [main] DEBUG cruise.umplificator.visitor.JavaClassVisitor - Visiting MethodDeclarations-truncate
2019-09-26 21:28:35.390 [main] DEBUG cruise.umplificator.visitor.JavaClassVisitor - Visiting MethodDeclarations-hook294
2019-09-26 21:28:35.390 [main] DEBUG cruise.umplificator.visitor.JavaClassVisitor - Visiting MethodDeclarations-hook295
2019-09-26 21:28:35.390 [main] DEBUG cruise.umplificator.visitor.JavaClassVisitor - Visiting MethodDeclarations-hook296
2019-09-26 21:28:35.390 [main] DEBUG cruise.umplificator.visitor.JavaClassVisitor - Visiting MethodDeclarations-hook297
2019-09-26 21:28:35.390 [main] DEBUG cruise.umplificator.parser.JavaParser - 1569547715390,1,Umplificator_traces.ump,14,JavaParser,844264574,me_x,parseUnit,Initializing Java Visitor for Compilation Unit
2019-09-26 21:28:35.391 [main] DEBUG cruise.umplificator.parser.JavaParser - 1569547715391,1,Umplificator_traces.ump,13,JavaParser,726374052,me_e,parseUnit,Parsing Compilation Unit
2019-09-26 21:28:35.399 [main] DEBUG cruise.umplificator.visitor.JavaClassVisitor - -Visiting PackageDeclaration-com.sleepycat.je.dbi
2019-09-26 21:28:35.399 [main] DEBUG cruise.umplificator.visitor.JavaClassVisitor - Visiting TypeDeclarations-DbTree
2019-09-26 21:28:35.400 [main] DEBUG cruise.umplificator.visitor.JavaClassVisitor - Visiting MethodDeclarations-truncate
2019-09-26 21:28:35.400 [main] DEBUG cruise.umplificator.visitor.JavaClassVisitor - Visiting MethodDeclarations-truncate
2019-09-26 21:28:35.400 [main] DEBUG cruise.umplificator.visitor.JavaClassVisitor - Visiting MethodDeclarations-hook294
2019-09-26 21:28:35.400 [main] DEBUG cruise.umplificator.visitor.JavaClassVisitor - Visiting MethodDeclarations-hook295
2019-09-26 21:28:35.400 [main] DEBUG cruise.umplificator.visitor.JavaClassVisitor - Visiting MethodDeclarations-hook296
2019-09-26 21:28:35.400 [main] DEBUG cruise.umplificator.visitor.JavaClassVisitor - Visiting MethodDeclarations-hook297
2019-09-26 21:28:35.400 [main] DEBUG cruise.umplificator.parser.JavaParser - 1569547715400,1,Umplificator_traces.ump,14,JavaParser,726374052,me_x,parseUnit,Initializing Java Visitor for Compilation Unit
2019-09-26 21:28:35.401 [main] DEBUG cruise.umplificator.parser.JavaParser - 1569547715401,1,Umplificator_traces.ump,13,JavaParser,769195805,me_e,parseUnit,Parsing Compilation Unit
2019-09-26 21:28:35.411 [main] DEBUG cruise.umplificator.visitor.JavaClassVisitor - -Visiting PackageDeclaration-com.sleepycat.je.dbi
2019-09-26 21:28:35.411 [main] DEBUG cruise.umplificator.visitor.JavaClassVisitor - Visiting TypeDeclarations-DbTree
2019-09-26 21:28:35.411 [main] DEBUG cruise.umplificator.visitor.JavaClassVisitor - Visiting MethodDeclarations-truncate
2019-09-26 21:28:35.412 [main] DEBUG cruise.umplificator.visitor.JavaClassVisitor - Visiting MethodDeclarations-truncate
2019-09-26 21:28:35.412 [main] DEBUG cruise.umplificator.visitor.JavaClassVisitor - Visiting MethodDeclarations-hook294
2019-09-26 21:28:35.412 [main] DEBUG cruise.umplificator.visitor.JavaClassVisitor - Visiting MethodDeclarations-hook295
2019-09-26 21:28:35.412 [main] DEBUG cruise.umplificator.visitor.JavaClassVisitor - Visiting MethodDeclarations-hook296
2019-09-26 21:28:35.412 [main] DEBUG cruise.umplificator.visitor.JavaClassVisitor - Visiting MethodDeclarations-hook297
2019-09-26 21:28:35.412 [main] DEBUG cruise.umplificator.parser.JavaParser - 1569547715412,1,Umplificator_traces.ump,14,JavaParser,769195805,me_x,parseUnit,Initializing Java Visitor for Compilation Unit
2019-09-26 21:28:35.412 [main] DEBUG cruise.umplificator.parser.JavaParser - 1569547715412,1,Umplificator_traces.ump,13,JavaParser,401194142,me_e,parseUnit,Parsing Compilation Unit
2019-09-26 21:28:35.417 [main] DEBUG cruise.umplificator.visitor.JavaClassVisitor - -Visiting PackageDeclaration-com.sleepycat.je.dbi
2019-09-26 21:28:35.417 [main] DEBUG cruise.umplificator.visitor.JavaClassVisitor - Visiting ImportDeclarations-de.ovgu.cide.jakutil
2019-09-26 21:28:35.417 [main] DEBUG cruise.umplificator.visitor.JavaClassVisitor - Visiting TypeDeclarations-TruncateResult
2019-09-26 21:28:35.417 [main] DEBUG cruise.umplificator.visitor.JavaClassVisitor - Visiting FieldDeclarations-private DatabaseImpl db;

2019-09-26 21:28:35.417 [main] DEBUG cruise.umplificator.visitor.JavaClassVisitor - Visiting FieldDeclarations-private int count;

2019-09-26 21:28:35.417 [main] DEBUG cruise.umplificator.visitor.JavaClassVisitor - Visiting MethodDeclarations-TruncateResult
2019-09-26 21:28:35.417 [main] DEBUG cruise.umplificator.visitor.JavaClassVisitor - Visiting MethodDeclarations-getDatabase
2019-09-26 21:28:35.417 [main] DEBUG cruise.umplificator.visitor.JavaClassVisitor - Visiting MethodDeclarations-getRecordCount
2019-09-26 21:28:35.417 [main] DEBUG cruise.umplificator.parser.JavaParser - 1569547715417,1,Umplificator_traces.ump,14,JavaParser,401194142,me_x,parseUnit,Initializing Java Visitor for Compilation Unit
2019-09-26 21:28:35.417 [main] DEBUG cruise.umplificator.parser.JavaParser - 1569547715417,1,Umplificator_traces.ump,13,JavaParser,918145945,me_e,parseUnit,Parsing Compilation Unit
2019-09-26 21:28:35.419 [main] DEBUG cruise.umplificator.visitor.JavaClassVisitor - -Visiting PackageDeclaration-com.sleepycat.je.dbi
2019-09-26 21:28:35.419 [main] DEBUG cruise.umplificator.visitor.JavaClassVisitor - Visiting TypeDeclarations-EnvironmentImpl
2019-09-26 21:28:35.419 [main] DEBUG cruise.umplificator.visitor.JavaClassVisitor - Visiting MethodDeclarations-truncate
2019-09-26 21:28:35.420 [main] DEBUG cruise.umplificator.visitor.JavaClassVisitor - Visiting MethodDeclarations-truncate
2019-09-26 21:28:35.420 [main] DEBUG cruise.umplificator.parser.JavaParser - 1569547715420,1,Umplificator_traces.ump,14,JavaParser,918145945,me_x,parseUnit,Initializing Java Visitor for Compilation Unit
2019-09-26 21:28:35.420 [main] DEBUG cruise.umplificator.parser.JavaParser - 1569547715420,1,Umplificator_traces.ump,13,JavaParser,1093703004,me_e,parseUnit,Parsing Compilation Unit
2019-09-26 21:28:35.423 [main] DEBUG cruise.umplificator.visitor.JavaClassVisitor - -Visiting PackageDeclaration-com.sleepycat.je
2019-09-26 21:28:35.423 [main] DEBUG cruise.umplificator.visitor.JavaClassVisitor - Visiting TypeDeclarations-Environment
2019-09-26 21:28:35.423 [main] DEBUG cruise.umplificator.visitor.JavaClassVisitor - Visiting MethodDeclarations-truncateDatabase
2019-09-26 21:28:35.423 [main] DEBUG cruise.umplificator.parser.JavaParser - 1569547715423,1,Umplificator_traces.ump,14,JavaParser,1093703004,me_x,parseUnit,Initializing Java Visitor for Compilation Unit
2019-09-26 21:28:35.426 [main] INFO  cruise.umplificator.core.Umplificator - Umplification process completed for DbTree.java!
2019-09-26 21:28:35.426 [main] DEBUG cruise.umplificator.core.Umplificator - Input language is: .java
2019-09-26 21:28:35.426 [main] INFO  cruise.umplificator.core.Umplificator - Attempting Umplification of Database.java
2019-09-26 21:28:35.427 [main] DEBUG cruise.umplificator.core.Umplificator - ---Input---
2019-09-26 21:28:35.427 [main] DEBUG cruise.umplificator.core.Umplificator - // Original file location:  /home/abdulaziz/Desktop/BerkeleyDb/ALL_FEATURE/features/TruncateOp/com/sleepycat/je/Database.java
package com.sleepycat.je;
import com.sleepycat.je.dbi.TruncateResult;
public class Database {
  /** 
 * @deprecated It has not been possible to implement this method with
 * correct transactional semantics without incurring a performance penalty
 * on all Database operations. Truncate functionality has been moved to
 * Environment.truncateDatabase(), which requires that all Database handles
 * on the database are closed before the truncate operation can execute.
 */
  public int truncate(  Transaction txn,  boolean countRecords) throws DatabaseException {
    return new Database_truncate(this,txn,countRecords).execute();
  }
  /** 
 * Internal unchecked truncate that optionally counts records.
 * @deprecated
 */
  int truncateInternal(  Locker locker,  boolean countRecords) throws DatabaseException {
    if (databaseImpl == null) {
      throw new DatabaseException("couldn't find database - truncate");
    }
    this.hook43();
    if (handleLocker.isHandleLockTransferrable()) {
      handleLocker.transferHandleLock(this,locker,false);
    }
    boolean operationOk=false;
    try {
      TruncateResult result=envHandle.getEnvironmentImpl().truncate(locker,databaseImpl);
      databaseImpl=result.getDatabase();
      operationOk=true;
      return countRecords ? result.getRecordCount() : -1;
    }
  finally {
      locker.setHandleLockOwner(operationOk,this,false);
    }
  }
  protected void hook43() throws DatabaseException {
  }
// START_OF_INNER_ELEMENT 
// @MethodObject static class Database_truncate {
//     Database_truncate(    Database _this,    Transaction txn,    boolean countRecords){
//       this._this=_this;
//       this.txn=txn;
//       this.countRecords=countRecords;
//     }
//     int execute() throws DatabaseException {
//       _this.checkEnv();
//       _this.checkRequiredDbState(_this.OPEN,"Can't call Database.truncate");
//       _this.checkWritable("truncate");
//       this.hook39();
//       locker=null;
//       this.hook40();
//       operationOk=false;
//       try {
//         locker=LockerFactory.getWritableLocker(_this.envHandle,txn,_this.isTransactional(),true,null);
//         _this.acquireTriggerListReadLock();
//         this.hook41();
//         count=_this.truncateInternal(locker,countRecords);
//         for (int i=0; i < _this.triggerList.size(); i+=1) {
//           obj=_this.triggerList.get(i);
//           if (obj instanceof SecondaryTrigger) {
//             secDb=((SecondaryTrigger)obj).getDb();
//             secDb.truncateInternal(locker,false);
//           }
//         }
//         operationOk=true;
//         return count;
//       }
//   finally {
//         if (locker != null) {
//           locker.operationEnd(operationOk);
//         }
//         this.hook42();
//       }
//     }
//     protected Database _this;
//     protected Transaction txn;
//     protected boolean countRecords;
//     protected Locker locker;
//     protected boolean triggerLock;
//     protected boolean operationOk;
//     protected int count;
//     protected Object obj;
//     protected SecondaryDatabase secDb;
//     protected void hook39() throws DatabaseException {
//     }
//     protected void hook40() throws DatabaseException {
//     }
//     protected void hook41() throws DatabaseException {
//     }
//     protected void hook42() throws DatabaseException {
//     }
//   }
// END_OF_INNER_ELEMENT 
}

2019-09-26 21:28:35.427 [main] DEBUG cruise.umplificator.parser.JavaParser - 1569547715427,1,Umplificator_traces.ump,13,JavaParser,737852016,me_e,parseUnit,Parsing Compilation Unit
2019-09-26 21:28:35.432 [main] DEBUG cruise.umplificator.visitor.JavaClassVisitor - -Visiting PackageDeclaration-com.sleepycat.je
2019-09-26 21:28:35.432 [main] DEBUG cruise.umplificator.visitor.JavaClassVisitor - Visiting ImportDeclarations-com.sleepycat.je.dbi.TruncateResult
2019-09-26 21:28:35.432 [main] DEBUG cruise.umplificator.visitor.JavaClassVisitor - Visiting TypeDeclarations-Database
2019-09-26 21:28:35.432 [main] DEBUG cruise.umplificator.visitor.JavaClassVisitor - Visiting MethodDeclarations-truncate
2019-09-26 21:28:35.432 [main] DEBUG cruise.umplificator.visitor.JavaClassVisitor - Visiting MethodDeclarations-truncateInternal
2019-09-26 21:28:35.433 [main] DEBUG cruise.umplificator.visitor.JavaClassVisitor - Visiting MethodDeclarations-hook43
2019-09-26 21:28:35.433 [main] DEBUG cruise.umplificator.parser.JavaParser - 1569547715433,1,Umplificator_traces.ump,14,JavaParser,737852016,me_x,parseUnit,Initializing Java Visitor for Compilation Unit
2019-09-26 21:28:35.433 [main] DEBUG cruise.umplificator.rules.RuleRunner - 1569547715433,1,Umplificator_traces.ump,26,RuleRunner,1894369629,me_e,insertJavaElements,RuleRunner.insertJavaElements - Insert Java elements into working memory
2019-09-26 21:28:35.433 [main] DEBUG cruise.umplificator.rules.RuleRunner - 1569547715433,1,Umplificator_traces.ump,30,RuleRunner,1894369629,me_e,fireAllRules,RuleRunner.fireAllRules - Fire rules
2019-09-26 21:28:35.433 [main] DEBUG cruise.umplificator.rules.RuleRunner - RuleRunner.fireAllRules - Fire rules LEVEL3
2019-09-26 21:28:35.433 [main] DEBUG cruise.umplificator.rules.RuleRunner - RuleRunner.fireAllRules - Fire rules LEVEL2
2019-09-26 21:28:35.433 [main] DEBUG cruise.umplificator.rules.RuleRunner - RuleRunner.fireAllRules - Fire rules LEVEL2.1
2019-09-26 21:28:35.433 [main] DEBUG cruise.umplificator.rules.RuleRunner - RuleRunner.fireAllRules - Fire rules LEVEL1
2019-09-26 21:28:35.435 [main] DEBUG cruise.umplificator.parser.JavaParser - 1569547715435,1,Umplificator_traces.ump,13,JavaParser,1758910325,me_e,parseUnit,Parsing Compilation Unit
2019-09-26 21:28:35.445 [main] DEBUG cruise.umplificator.visitor.JavaClassVisitor - -Visiting PackageDeclaration-com.sleepycat.je
2019-09-26 21:28:35.446 [main] DEBUG cruise.umplificator.visitor.JavaClassVisitor - Visiting ImportDeclarations-com.sleepycat.je.dbi.TruncateResult
2019-09-26 21:28:35.446 [main] DEBUG cruise.umplificator.visitor.JavaClassVisitor - Visiting TypeDeclarations-Database
2019-09-26 21:28:35.446 [main] DEBUG cruise.umplificator.visitor.JavaClassVisitor - Visiting MethodDeclarations-truncate
2019-09-26 21:28:35.446 [main] DEBUG cruise.umplificator.visitor.JavaClassVisitor - Visiting MethodDeclarations-truncateInternal
2019-09-26 21:28:35.446 [main] DEBUG cruise.umplificator.visitor.JavaClassVisitor - Visiting MethodDeclarations-hook43
2019-09-26 21:28:35.446 [main] DEBUG cruise.umplificator.parser.JavaParser - 1569547715446,1,Umplificator_traces.ump,14,JavaParser,1758910325,me_x,parseUnit,Initializing Java Visitor for Compilation Unit
2019-09-26 21:28:35.446 [main] DEBUG cruise.umplificator.parser.JavaParser - 1569547715446,1,Umplificator_traces.ump,13,JavaParser,191351920,me_e,parseUnit,Parsing Compilation Unit
2019-09-26 21:28:35.450 [main] DEBUG cruise.umplificator.visitor.JavaClassVisitor - -Visiting PackageDeclaration-com.sleepycat.je
2019-09-26 21:28:35.450 [main] DEBUG cruise.umplificator.visitor.JavaClassVisitor - Visiting ImportDeclarations-com.sleepycat.je.dbi.TruncateResult
2019-09-26 21:28:35.450 [main] DEBUG cruise.umplificator.visitor.JavaClassVisitor - Visiting TypeDeclarations-Database
2019-09-26 21:28:35.450 [main] DEBUG cruise.umplificator.visitor.JavaClassVisitor - Visiting MethodDeclarations-truncate
2019-09-26 21:28:35.450 [main] DEBUG cruise.umplificator.visitor.JavaClassVisitor - Visiting MethodDeclarations-truncateInternal
2019-09-26 21:28:35.450 [main] DEBUG cruise.umplificator.visitor.JavaClassVisitor - Visiting MethodDeclarations-hook43
2019-09-26 21:28:35.450 [main] DEBUG cruise.umplificator.parser.JavaParser - 1569547715450,1,Umplificator_traces.ump,14,JavaParser,191351920,me_x,parseUnit,Initializing Java Visitor for Compilation Unit
2019-09-26 21:28:35.450 [main] DEBUG cruise.umplificator.parser.JavaParser - 1569547715450,1,Umplificator_traces.ump,13,JavaParser,4573619,me_e,parseUnit,Parsing Compilation Unit
2019-09-26 21:28:35.459 [main] DEBUG cruise.umplificator.visitor.JavaClassVisitor - -Visiting PackageDeclaration-com.sleepycat.je
2019-09-26 21:28:35.459 [main] DEBUG cruise.umplificator.visitor.JavaClassVisitor - Visiting ImportDeclarations-com.sleepycat.je.dbi.TruncateResult
2019-09-26 21:28:35.459 [main] DEBUG cruise.umplificator.visitor.JavaClassVisitor - Visiting TypeDeclarations-Database
2019-09-26 21:28:35.459 [main] DEBUG cruise.umplificator.visitor.JavaClassVisitor - Visiting MethodDeclarations-truncate
2019-09-26 21:28:35.459 [main] DEBUG cruise.umplificator.visitor.JavaClassVisitor - Visiting MethodDeclarations-truncateInternal
2019-09-26 21:28:35.459 [main] DEBUG cruise.umplificator.visitor.JavaClassVisitor - Visiting MethodDeclarations-hook43
2019-09-26 21:28:35.459 [main] DEBUG cruise.umplificator.parser.JavaParser - 1569547715459,1,Umplificator_traces.ump,14,JavaParser,4573619,me_x,parseUnit,Initializing Java Visitor for Compilation Unit
2019-09-26 21:28:35.459 [main] DEBUG cruise.umplificator.parser.JavaParser - 1569547715459,1,Umplificator_traces.ump,13,JavaParser,951317000,me_e,parseUnit,Parsing Compilation Unit
2019-09-26 21:28:35.463 [main] DEBUG cruise.umplificator.visitor.JavaClassVisitor - -Visiting PackageDeclaration-com.sleepycat.je
2019-09-26 21:28:35.463 [main] DEBUG cruise.umplificator.visitor.JavaClassVisitor - Visiting ImportDeclarations-com.sleepycat.je.dbi.TruncateResult
2019-09-26 21:28:35.463 [main] DEBUG cruise.umplificator.visitor.JavaClassVisitor - Visiting TypeDeclarations-Database
2019-09-26 21:28:35.463 [main] DEBUG cruise.umplificator.visitor.JavaClassVisitor - Visiting MethodDeclarations-truncate
2019-09-26 21:28:35.463 [main] DEBUG cruise.umplificator.visitor.JavaClassVisitor - Visiting MethodDeclarations-truncateInternal
2019-09-26 21:28:35.463 [main] DEBUG cruise.umplificator.visitor.JavaClassVisitor - Visiting MethodDeclarations-hook43
2019-09-26 21:28:35.463 [main] DEBUG cruise.umplificator.parser.JavaParser - 1569547715463,1,Umplificator_traces.ump,14,JavaParser,951317000,me_x,parseUnit,Initializing Java Visitor for Compilation Unit
2019-09-26 21:28:35.464 [main] DEBUG cruise.umplificator.parser.JavaParser - 1569547715464,1,Umplificator_traces.ump,13,JavaParser,1719727892,me_e,parseUnit,Parsing Compilation Unit
2019-09-26 21:28:35.467 [main] DEBUG cruise.umplificator.visitor.JavaClassVisitor - -Visiting PackageDeclaration-com.sleepycat.je
2019-09-26 21:28:35.468 [main] DEBUG cruise.umplificator.visitor.JavaClassVisitor - Visiting ImportDeclarations-com.sleepycat.je.dbi.TruncateResult
2019-09-26 21:28:35.468 [main] DEBUG cruise.umplificator.visitor.JavaClassVisitor - Visiting TypeDeclarations-Database
2019-09-26 21:28:35.468 [main] DEBUG cruise.umplificator.visitor.JavaClassVisitor - Visiting MethodDeclarations-truncate
2019-09-26 21:28:35.468 [main] DEBUG cruise.umplificator.visitor.JavaClassVisitor - Visiting MethodDeclarations-truncateInternal
2019-09-26 21:28:35.468 [main] DEBUG cruise.umplificator.visitor.JavaClassVisitor - Visiting MethodDeclarations-hook43
2019-09-26 21:28:35.468 [main] DEBUG cruise.umplificator.parser.JavaParser - 1569547715468,1,Umplificator_traces.ump,14,JavaParser,1719727892,me_x,parseUnit,Initializing Java Visitor for Compilation Unit
2019-09-26 21:28:35.468 [main] DEBUG cruise.umplificator.parser.JavaParser - 1569547715468,1,Umplificator_traces.ump,13,JavaParser,1404150776,me_e,parseUnit,Parsing Compilation Unit
2019-09-26 21:28:35.471 [main] DEBUG cruise.umplificator.visitor.JavaClassVisitor - -Visiting PackageDeclaration-com.sleepycat.je.dbi
2019-09-26 21:28:35.472 [main] DEBUG cruise.umplificator.visitor.JavaClassVisitor - Visiting ImportDeclarations-de.ovgu.cide.jakutil
2019-09-26 21:28:35.472 [main] DEBUG cruise.umplificator.visitor.JavaClassVisitor - Visiting TypeDeclarations-TruncateResult
2019-09-26 21:28:35.472 [main] DEBUG cruise.umplificator.visitor.JavaClassVisitor - Visiting FieldDeclarations-private DatabaseImpl db;

2019-09-26 21:28:35.472 [main] DEBUG cruise.umplificator.visitor.JavaClassVisitor - Visiting FieldDeclarations-private int count;

2019-09-26 21:28:35.472 [main] DEBUG cruise.umplificator.visitor.JavaClassVisitor - Visiting MethodDeclarations-TruncateResult
2019-09-26 21:28:35.472 [main] DEBUG cruise.umplificator.visitor.JavaClassVisitor - Visiting MethodDeclarations-getDatabase
2019-09-26 21:28:35.472 [main] DEBUG cruise.umplificator.visitor.JavaClassVisitor - Visiting MethodDeclarations-getRecordCount
2019-09-26 21:28:35.472 [main] DEBUG cruise.umplificator.parser.JavaParser - 1569547715472,1,Umplificator_traces.ump,14,JavaParser,1404150776,me_x,parseUnit,Initializing Java Visitor for Compilation Unit
2019-09-26 21:28:35.473 [main] DEBUG cruise.umplificator.parser.JavaParser - 1569547715473,1,Umplificator_traces.ump,13,JavaParser,2107105388,me_e,parseUnit,Parsing Compilation Unit
2019-09-26 21:28:35.476 [main] DEBUG cruise.umplificator.visitor.JavaClassVisitor - -Visiting PackageDeclaration-com.sleepycat.je
2019-09-26 21:28:35.476 [main] DEBUG cruise.umplificator.visitor.JavaClassVisitor - Visiting ImportDeclarations-com.sleepycat.je.dbi.TruncateResult
2019-09-26 21:28:35.476 [main] DEBUG cruise.umplificator.visitor.JavaClassVisitor - Visiting TypeDeclarations-Database
2019-09-26 21:28:35.477 [main] DEBUG cruise.umplificator.visitor.JavaClassVisitor - Visiting MethodDeclarations-truncate
2019-09-26 21:28:35.477 [main] DEBUG cruise.umplificator.visitor.JavaClassVisitor - Visiting MethodDeclarations-truncateInternal
2019-09-26 21:28:35.477 [main] DEBUG cruise.umplificator.visitor.JavaClassVisitor - Visiting MethodDeclarations-hook43
2019-09-26 21:28:35.477 [main] DEBUG cruise.umplificator.parser.JavaParser - 1569547715477,1,Umplificator_traces.ump,14,JavaParser,2107105388,me_x,parseUnit,Initializing Java Visitor for Compilation Unit
2019-09-26 21:28:35.477 [main] DEBUG cruise.umplificator.parser.JavaParser - 1569547715477,1,Umplificator_traces.ump,13,JavaParser,1519611492,me_e,parseUnit,Parsing Compilation Unit
2019-09-26 21:28:35.491 [main] DEBUG cruise.umplificator.visitor.JavaClassVisitor - -Visiting PackageDeclaration-com.sleepycat.je
2019-09-26 21:28:35.492 [main] DEBUG cruise.umplificator.visitor.JavaClassVisitor - Visiting ImportDeclarations-com.sleepycat.je.dbi.TruncateResult
2019-09-26 21:28:35.492 [main] DEBUG cruise.umplificator.visitor.JavaClassVisitor - Visiting TypeDeclarations-Database
2019-09-26 21:28:35.492 [main] DEBUG cruise.umplificator.visitor.JavaClassVisitor - Visiting MethodDeclarations-truncate
2019-09-26 21:28:35.492 [main] DEBUG cruise.umplificator.visitor.JavaClassVisitor - Visiting MethodDeclarations-truncateInternal
2019-09-26 21:28:35.492 [main] DEBUG cruise.umplificator.visitor.JavaClassVisitor - Visiting MethodDeclarations-hook43
2019-09-26 21:28:35.492 [main] DEBUG cruise.umplificator.parser.JavaParser - 1569547715492,1,Umplificator_traces.ump,14,JavaParser,1519611492,me_x,parseUnit,Initializing Java Visitor for Compilation Unit
2019-09-26 21:28:35.492 [main] DEBUG cruise.umplificator.parser.JavaParser - 1569547715492,1,Umplificator_traces.ump,13,JavaParser,994712181,me_e,parseUnit,Parsing Compilation Unit
2019-09-26 21:28:35.495 [main] DEBUG cruise.umplificator.visitor.JavaClassVisitor - -Visiting PackageDeclaration-com.sleepycat.je
2019-09-26 21:28:35.496 [main] DEBUG cruise.umplificator.visitor.JavaClassVisitor - Visiting ImportDeclarations-com.sleepycat.je.dbi.TruncateResult
2019-09-26 21:28:35.496 [main] DEBUG cruise.umplificator.visitor.JavaClassVisitor - Visiting TypeDeclarations-Database
2019-09-26 21:28:35.496 [main] DEBUG cruise.umplificator.visitor.JavaClassVisitor - Visiting MethodDeclarations-truncate
2019-09-26 21:28:35.496 [main] DEBUG cruise.umplificator.visitor.JavaClassVisitor - Visiting MethodDeclarations-truncateInternal
2019-09-26 21:28:35.496 [main] DEBUG cruise.umplificator.visitor.JavaClassVisitor - Visiting MethodDeclarations-hook43
2019-09-26 21:28:35.496 [main] DEBUG cruise.umplificator.parser.JavaParser - 1569547715496,1,Umplificator_traces.ump,14,JavaParser,994712181,me_x,parseUnit,Initializing Java Visitor for Compilation Unit
2019-09-26 21:28:35.496 [main] DEBUG cruise.umplificator.parser.JavaParser - 1569547715496,1,Umplificator_traces.ump,13,JavaParser,1706741895,me_e,parseUnit,Parsing Compilation Unit
2019-09-26 21:28:35.499 [main] DEBUG cruise.umplificator.visitor.JavaClassVisitor - -Visiting PackageDeclaration-com.sleepycat.je
2019-09-26 21:28:35.500 [main] DEBUG cruise.umplificator.visitor.JavaClassVisitor - Visiting ImportDeclarations-com.sleepycat.je.dbi.TruncateResult
2019-09-26 21:28:35.500 [main] DEBUG cruise.umplificator.visitor.JavaClassVisitor - Visiting TypeDeclarations-Database
2019-09-26 21:28:35.500 [main] DEBUG cruise.umplificator.visitor.JavaClassVisitor - Visiting MethodDeclarations-truncate
2019-09-26 21:28:35.500 [main] DEBUG cruise.umplificator.visitor.JavaClassVisitor - Visiting MethodDeclarations-truncateInternal
2019-09-26 21:28:35.500 [main] DEBUG cruise.umplificator.visitor.JavaClassVisitor - Visiting MethodDeclarations-hook43
2019-09-26 21:28:35.500 [main] DEBUG cruise.umplificator.parser.JavaParser - 1569547715500,1,Umplificator_traces.ump,14,JavaParser,1706741895,me_x,parseUnit,Initializing Java Visitor for Compilation Unit
2019-09-26 21:28:35.500 [main] DEBUG cruise.umplificator.parser.JavaParser - 1569547715500,1,Umplificator_traces.ump,13,JavaParser,661440732,me_e,parseUnit,Parsing Compilation Unit
2019-09-26 21:28:35.503 [main] DEBUG cruise.umplificator.visitor.JavaClassVisitor - -Visiting PackageDeclaration-com.sleepycat.je
2019-09-26 21:28:35.504 [main] DEBUG cruise.umplificator.visitor.JavaClassVisitor - Visiting ImportDeclarations-com.sleepycat.je.dbi.TruncateResult
2019-09-26 21:28:35.505 [main] DEBUG cruise.umplificator.visitor.JavaClassVisitor - Visiting TypeDeclarations-Database
2019-09-26 21:28:35.505 [main] DEBUG cruise.umplificator.visitor.JavaClassVisitor - Visiting MethodDeclarations-truncate
2019-09-26 21:28:35.505 [main] DEBUG cruise.umplificator.visitor.JavaClassVisitor - Visiting MethodDeclarations-truncateInternal
2019-09-26 21:28:35.505 [main] DEBUG cruise.umplificator.visitor.JavaClassVisitor - Visiting MethodDeclarations-hook43
2019-09-26 21:28:35.505 [main] DEBUG cruise.umplificator.parser.JavaParser - 1569547715505,1,Umplificator_traces.ump,14,JavaParser,661440732,me_x,parseUnit,Initializing Java Visitor for Compilation Unit
2019-09-26 21:28:35.506 [main] DEBUG cruise.umplificator.parser.JavaParser - 1569547715506,1,Umplificator_traces.ump,13,JavaParser,1724736027,me_e,parseUnit,Parsing Compilation Unit
2019-09-26 21:28:35.513 [main] DEBUG cruise.umplificator.visitor.JavaClassVisitor - -Visiting PackageDeclaration-com.sleepycat.je.dbi
2019-09-26 21:28:35.513 [main] DEBUG cruise.umplificator.visitor.JavaClassVisitor - Visiting TypeDeclarations-DbTree
2019-09-26 21:28:35.513 [main] DEBUG cruise.umplificator.visitor.JavaClassVisitor - Visiting MethodDeclarations-truncate
2019-09-26 21:28:35.514 [main] DEBUG cruise.umplificator.visitor.JavaClassVisitor - Visiting MethodDeclarations-truncate
2019-09-26 21:28:35.514 [main] DEBUG cruise.umplificator.visitor.JavaClassVisitor - Visiting MethodDeclarations-hook294
2019-09-26 21:28:35.514 [main] DEBUG cruise.umplificator.visitor.JavaClassVisitor - Visiting MethodDeclarations-hook295
2019-09-26 21:28:35.514 [main] DEBUG cruise.umplificator.visitor.JavaClassVisitor - Visiting MethodDeclarations-hook296
2019-09-26 21:28:35.514 [main] DEBUG cruise.umplificator.visitor.JavaClassVisitor - Visiting MethodDeclarations-hook297
2019-09-26 21:28:35.514 [main] DEBUG cruise.umplificator.parser.JavaParser - 1569547715514,1,Umplificator_traces.ump,14,JavaParser,1724736027,me_x,parseUnit,Initializing Java Visitor for Compilation Unit
2019-09-26 21:28:35.514 [main] DEBUG cruise.umplificator.parser.JavaParser - 1569547715514,1,Umplificator_traces.ump,13,JavaParser,222250245,me_e,parseUnit,Parsing Compilation Unit
2019-09-26 21:28:35.516 [main] DEBUG cruise.umplificator.visitor.JavaClassVisitor - -Visiting PackageDeclaration-com.sleepycat.je.dbi
2019-09-26 21:28:35.516 [main] DEBUG cruise.umplificator.visitor.JavaClassVisitor - Visiting ImportDeclarations-de.ovgu.cide.jakutil
2019-09-26 21:28:35.516 [main] DEBUG cruise.umplificator.visitor.JavaClassVisitor - Visiting TypeDeclarations-TruncateResult
2019-09-26 21:28:35.517 [main] DEBUG cruise.umplificator.visitor.JavaClassVisitor - Visiting FieldDeclarations-private DatabaseImpl db;

2019-09-26 21:28:35.517 [main] DEBUG cruise.umplificator.visitor.JavaClassVisitor - Visiting FieldDeclarations-private int count;

2019-09-26 21:28:35.517 [main] DEBUG cruise.umplificator.visitor.JavaClassVisitor - Visiting MethodDeclarations-TruncateResult
2019-09-26 21:28:35.517 [main] DEBUG cruise.umplificator.visitor.JavaClassVisitor - Visiting MethodDeclarations-getDatabase
2019-09-26 21:28:35.517 [main] DEBUG cruise.umplificator.visitor.JavaClassVisitor - Visiting MethodDeclarations-getRecordCount
2019-09-26 21:28:35.517 [main] DEBUG cruise.umplificator.parser.JavaParser - 1569547715517,1,Umplificator_traces.ump,14,JavaParser,222250245,me_x,parseUnit,Initializing Java Visitor for Compilation Unit
2019-09-26 21:28:35.517 [main] DEBUG cruise.umplificator.parser.JavaParser - 1569547715517,1,Umplificator_traces.ump,13,JavaParser,1051890381,me_e,parseUnit,Parsing Compilation Unit
2019-09-26 21:28:35.519 [main] DEBUG cruise.umplificator.visitor.JavaClassVisitor - -Visiting PackageDeclaration-com.sleepycat.je.dbi
2019-09-26 21:28:35.519 [main] DEBUG cruise.umplificator.visitor.JavaClassVisitor - Visiting TypeDeclarations-EnvironmentImpl
2019-09-26 21:28:35.519 [main] DEBUG cruise.umplificator.visitor.JavaClassVisitor - Visiting MethodDeclarations-truncate
2019-09-26 21:28:35.519 [main] DEBUG cruise.umplificator.visitor.JavaClassVisitor - Visiting MethodDeclarations-truncate
2019-09-26 21:28:35.520 [main] DEBUG cruise.umplificator.parser.JavaParser - 1569547715520,1,Umplificator_traces.ump,14,JavaParser,1051890381,me_x,parseUnit,Initializing Java Visitor for Compilation Unit
2019-09-26 21:28:35.521 [main] DEBUG cruise.umplificator.parser.JavaParser - 1569547715521,1,Umplificator_traces.ump,13,JavaParser,2144962543,me_e,parseUnit,Parsing Compilation Unit
2019-09-26 21:28:35.527 [main] DEBUG cruise.umplificator.visitor.JavaClassVisitor - -Visiting PackageDeclaration-com.sleepycat.je
2019-09-26 21:28:35.528 [main] DEBUG cruise.umplificator.visitor.JavaClassVisitor - Visiting TypeDeclarations-Environment
2019-09-26 21:28:35.529 [main] DEBUG cruise.umplificator.visitor.JavaClassVisitor - Visiting MethodDeclarations-truncateDatabase
2019-09-26 21:28:35.529 [main] DEBUG cruise.umplificator.parser.JavaParser - 1569547715529,1,Umplificator_traces.ump,14,JavaParser,2144962543,me_x,parseUnit,Initializing Java Visitor for Compilation Unit
2019-09-26 21:28:35.533 [main] INFO  cruise.umplificator.core.Umplificator - Umplification process completed for Database.java!
2019-09-26 21:28:35.618 [main] DEBUG cruise.umplificator.FileHelper - --UmpleClass has been created fornull/Environment.ump--
2019-09-26 21:28:35.627 [main] DEBUG cruise.umplificator.FileHelper - --UmpleClass has been created fornull/EnvironmentImpl.ump--
2019-09-26 21:28:35.631 [main] DEBUG cruise.umplificator.FileHelper - --UmpleClass has been created fornull/TruncateResult.ump--
2019-09-26 21:28:35.683 [main] DEBUG cruise.umplificator.FileHelper - --UmpleClass has been created fornull/DbTree.ump--
2019-09-26 21:28:35.695 [main] DEBUG cruise.umplificator.FileHelper - --UmpleClass has been created fornull/Database.ump--
2019-09-26 21:28:35.695 [main] DEBUG cruise.umplificator.core.Umplificator - Elapsed Time : 3074
2019-09-26 21:28:35.695 [main] DEBUG cruise.umplificator.core.Umplificator - Stop Time : start[1569547712620] time[3074] tag[model]
2019-09-26 21:28:35.695 [main] INFO  cruise.umplificator.UmplificatorMain - Success!
