2019-09-27 15:40:19.634 [main] DEBUG cruise.umplificator.UmplificatorMain - Configure Logger from log4j.properties
2019-09-27 15:40:19.642 [main] DEBUG cruise.umplificator.UmplificatorMain - Umplification process started!
2019-09-27 15:40:19.646 [main] DEBUG cruise.umplificator.core.Umplificator - start time : 1569613219645
2019-09-27 15:40:19.646 [main] INFO  cruise.umplificator.FileHelper - 
Files to be umplified: 
EnvironmentImpl.java

-----------------------
2019-09-27 15:40:19.656 [main] DEBUG cruise.umplificator.rules.RuleRunner - 1569613219656,1,Umplificator_traces.ump,24,RuleRunner,1894369629,me_e,RuleRunner,Instantiate RuleRunner- Resources, FileSystem and Repository created
2019-09-27 15:40:19.656 [main] DEBUG cruise.umplificator.rules.RuleRunner - 1569613219656,1,Umplificator_traces.ump,24,RuleRunner,1894369629,me_e,RuleRunner,Instantiate RuleRunner- Resources, FileSystem and Repository created
2019-09-27 15:40:19.667 [main] DEBUG cruise.umplificator.rules.RuleService - 1569613219667,1,Umplificator_traces.ump,20,RuleService,20224131,me_e,startRuleEngine,RuleService.startRuleEngine
2019-09-27 15:40:19.668 [main] DEBUG cruise.umplificator.rules.RuleRunner - 1569613219668,1,Umplificator_traces.ump,25,RuleRunner,1894369629,me_e,addRuleFile,RuleRunner.addRuleFile - Add Rule Files to Session
2019-09-27 15:40:20.933 [main] DEBUG cruise.umplificator.rules.RuleRunner - 1569613220933,1,Umplificator_traces.ump,28,RuleRunner,1894369629,me_e,insertUmpleModel,RuleRunner.insertUmpleModel - Insert Umple Model into working memory
2019-09-27 15:40:20.934 [main] DEBUG cruise.umplificator.core.Umplificator - Input language is: .java
2019-09-27 15:40:20.935 [main] INFO  cruise.umplificator.core.Umplificator - Attempting Umplification of EnvironmentImpl.java
2019-09-27 15:40:20.939 [main] DEBUG cruise.umplificator.core.Umplificator - ---Input---
2019-09-27 15:40:20.939 [main] DEBUG cruise.umplificator.core.Umplificator - // Original file location:  /home/abdulaziz/Desktop/BerkeleyDb/ALL_FEATURE/features/Derivative_LoggingConsoleHandler_LoggingBase/com/sleepycat/je/dbi/EnvironmentImpl.java
package com.sleepycat.je.dbi;
public class EnvironmentImpl {
// START_OF_INNER_ELEMENT 
// @MethodObject static class EnvironmentImpl_initLogger {
//     Logger execute() throws DatabaseException {
//       Logger result=original();
//       if (_this.configManager.getBoolean(EnvironmentParams.JE_LOGGING_CONSOLE)) {
//         consoleHandler=new ConsoleHandler();
//         consoleHandler.setLevel(level);
//         logger.addHandler(consoleHandler);
//       }
//       return result;
//     }
//   }
// END_OF_INNER_ELEMENT 
}

2019-09-27 15:40:20.939 [main] DEBUG cruise.umplificator.parser.JavaParser - 1569613220939,1,Umplificator_traces.ump,13,JavaParser,2081501023,me_e,parseUnit,Parsing Compilation Unit
2019-09-27 15:40:21.034 [main] DEBUG cruise.umplificator.visitor.JavaClassVisitor - -Visiting PackageDeclaration-com.sleepycat.je.dbi
2019-09-27 15:40:21.035 [main] DEBUG cruise.umplificator.visitor.JavaClassVisitor - Visiting TypeDeclarations-EnvironmentImpl
2019-09-27 15:40:21.035 [main] DEBUG cruise.umplificator.parser.JavaParser - 1569613221035,1,Umplificator_traces.ump,14,JavaParser,2081501023,me_x,parseUnit,Initializing Java Visitor for Compilation Unit
2019-09-27 15:40:21.035 [main] DEBUG cruise.umplificator.rules.RuleRunner - 1569613221035,1,Umplificator_traces.ump,26,RuleRunner,1894369629,me_e,insertJavaElements,RuleRunner.insertJavaElements - Insert Java elements into working memory
2019-09-27 15:40:21.036 [main] DEBUG cruise.umplificator.rules.RuleRunner - 1569613221036,1,Umplificator_traces.ump,30,RuleRunner,1894369629,me_e,fireAllRules,RuleRunner.fireAllRules - Fire rules
2019-09-27 15:40:21.036 [main] DEBUG cruise.umplificator.rules.RuleRunner - RuleRunner.fireAllRules - Fire rules LEVEL3
2019-09-27 15:40:21.036 [main] DEBUG cruise.umplificator.rules.RuleRunner - RuleRunner.fireAllRules - Fire rules LEVEL2
2019-09-27 15:40:21.036 [main] DEBUG cruise.umplificator.rules.RuleRunner - RuleRunner.fireAllRules - Fire rules LEVEL2.1
2019-09-27 15:40:21.037 [main] DEBUG cruise.umplificator.rules.RuleRunner - RuleRunner.fireAllRules - Fire rules LEVEL1
2019-09-27 15:40:21.085 [main] DEBUG cruise.umplificator.parser.JavaParser - 1569613221084,1,Umplificator_traces.ump,13,JavaParser,508323203,me_e,parseUnit,Parsing Compilation Unit
2019-09-27 15:40:21.086 [main] DEBUG cruise.umplificator.visitor.JavaClassVisitor - -Visiting PackageDeclaration-com.sleepycat.je.dbi
2019-09-27 15:40:21.087 [main] DEBUG cruise.umplificator.visitor.JavaClassVisitor - Visiting TypeDeclarations-EnvironmentImpl
2019-09-27 15:40:21.087 [main] DEBUG cruise.umplificator.parser.JavaParser - 1569613221087,1,Umplificator_traces.ump,14,JavaParser,508323203,me_x,parseUnit,Initializing Java Visitor for Compilation Unit
2019-09-27 15:40:21.088 [main] INFO  cruise.umplificator.core.Umplificator - Umplification process completed for EnvironmentImpl.java!
2019-09-27 15:40:21.113 [main] DEBUG cruise.umplificator.FileHelper - --UmpleClass has been created fornull/EnvironmentImpl.ump--
2019-09-27 15:40:21.113 [main] DEBUG cruise.umplificator.core.Umplificator - Elapsed Time : 1467
2019-09-27 15:40:21.113 [main] DEBUG cruise.umplificator.core.Umplificator - Stop Time : start[1569613219645] time[1467] tag[model]
2019-09-27 15:40:21.113 [main] INFO  cruise.umplificator.UmplificatorMain - Success!
