2019-09-27 16:04:42.064 [main] DEBUG cruise.umplificator.UmplificatorMain - Configure Logger from log4j.properties
2019-09-27 16:04:42.073 [main] DEBUG cruise.umplificator.UmplificatorMain - Umplification process started!
2019-09-27 16:04:42.077 [main] DEBUG cruise.umplificator.core.Umplificator - start time : 1569614682076
2019-09-27 16:04:42.077 [main] INFO  cruise.umplificator.FileHelper - 
Files to be umplified: 
FileProcessor.java
UtilizationProfile.java
Cleaner.java
Evictor.java
CursorImpl.java
Checkpointer.java

-----------------------
2019-09-27 16:04:42.087 [main] DEBUG cruise.umplificator.rules.RuleRunner - 1569614682087,1,Umplificator_traces.ump,24,RuleRunner,1894369629,me_e,RuleRunner,Instantiate RuleRunner- Resources, FileSystem and Repository created
2019-09-27 16:04:42.088 [main] DEBUG cruise.umplificator.rules.RuleRunner - 1569614682088,1,Umplificator_traces.ump,24,RuleRunner,1894369629,me_e,RuleRunner,Instantiate RuleRunner- Resources, FileSystem and Repository created
2019-09-27 16:04:42.098 [main] DEBUG cruise.umplificator.rules.RuleService - 1569614682098,1,Umplificator_traces.ump,20,RuleService,20224131,me_e,startRuleEngine,RuleService.startRuleEngine
2019-09-27 16:04:42.098 [main] DEBUG cruise.umplificator.rules.RuleRunner - 1569614682098,1,Umplificator_traces.ump,25,RuleRunner,1894369629,me_e,addRuleFile,RuleRunner.addRuleFile - Add Rule Files to Session
2019-09-27 16:04:43.559 [main] DEBUG cruise.umplificator.rules.RuleRunner - 1569614683559,1,Umplificator_traces.ump,28,RuleRunner,1894369629,me_e,insertUmpleModel,RuleRunner.insertUmpleModel - Insert Umple Model into working memory
2019-09-27 16:04:43.561 [main] DEBUG cruise.umplificator.core.Umplificator - Input language is: .java
2019-09-27 16:04:43.562 [main] INFO  cruise.umplificator.core.Umplificator - Attempting Umplification of FileProcessor.java
2019-09-27 16:04:43.567 [main] DEBUG cruise.umplificator.core.Umplificator - ---Input---
2019-09-27 16:04:43.567 [main] DEBUG cruise.umplificator.core.Umplificator - // Original file location:  /home/abdulaziz/Desktop/BerkeleyDb/ALL_FEATURE/features/Derivative_Evictor_CriticalEviction/com/sleepycat/je/cleaner/FileProcessor.java
package com.sleepycat.je.cleaner;
class FileProcessor {
// START_OF_INNER_ELEMENT 
// @MethodObject static class FileProcessor_processFile {
//     protected void hook119() throws DatabaseException, IOException {
//       if (Cleaner.DO_CRITICAL_EVICTION) {
//         _this.env.getEvictor().doCriticalEviction();
//       }
//       original();
//     }
//     protected void hook120() throws DatabaseException, IOException {
//       if (Cleaner.DO_CRITICAL_EVICTION) {
//         _this.env.getEvictor().doCriticalEviction();
//       }
//       original();
//     }
//   }
// END_OF_INNER_ELEMENT 
}

2019-09-27 16:04:43.567 [main] DEBUG cruise.umplificator.parser.JavaParser - 1569614683567,1,Umplificator_traces.ump,13,JavaParser,2081501023,me_e,parseUnit,Parsing Compilation Unit
2019-09-27 16:04:43.670 [main] DEBUG cruise.umplificator.visitor.JavaClassVisitor - -Visiting PackageDeclaration-com.sleepycat.je.cleaner
2019-09-27 16:04:43.670 [main] DEBUG cruise.umplificator.visitor.JavaClassVisitor - Visiting TypeDeclarations-FileProcessor
2019-09-27 16:04:43.670 [main] DEBUG cruise.umplificator.parser.JavaParser - 1569614683670,1,Umplificator_traces.ump,14,JavaParser,2081501023,me_x,parseUnit,Initializing Java Visitor for Compilation Unit
2019-09-27 16:04:43.670 [main] DEBUG cruise.umplificator.rules.RuleRunner - 1569614683670,1,Umplificator_traces.ump,26,RuleRunner,1894369629,me_e,insertJavaElements,RuleRunner.insertJavaElements - Insert Java elements into working memory
2019-09-27 16:04:43.671 [main] DEBUG cruise.umplificator.rules.RuleRunner - 1569614683671,1,Umplificator_traces.ump,30,RuleRunner,1894369629,me_e,fireAllRules,RuleRunner.fireAllRules - Fire rules
2019-09-27 16:04:43.671 [main] DEBUG cruise.umplificator.rules.RuleRunner - RuleRunner.fireAllRules - Fire rules LEVEL3
2019-09-27 16:04:43.672 [main] DEBUG cruise.umplificator.rules.RuleRunner - RuleRunner.fireAllRules - Fire rules LEVEL2
2019-09-27 16:04:43.672 [main] DEBUG cruise.umplificator.rules.RuleRunner - RuleRunner.fireAllRules - Fire rules LEVEL2.1
2019-09-27 16:04:43.672 [main] DEBUG cruise.umplificator.rules.RuleRunner - RuleRunner.fireAllRules - Fire rules LEVEL1
2019-09-27 16:04:43.717 [main] DEBUG cruise.umplificator.parser.JavaParser - 1569614683717,1,Umplificator_traces.ump,13,JavaParser,1268124507,me_e,parseUnit,Parsing Compilation Unit
2019-09-27 16:04:43.719 [main] DEBUG cruise.umplificator.visitor.JavaClassVisitor - -Visiting PackageDeclaration-com.sleepycat.je.cleaner
2019-09-27 16:04:43.719 [main] DEBUG cruise.umplificator.visitor.JavaClassVisitor - Visiting TypeDeclarations-FileProcessor
2019-09-27 16:04:43.720 [main] DEBUG cruise.umplificator.parser.JavaParser - 1569614683720,1,Umplificator_traces.ump,14,JavaParser,1268124507,me_x,parseUnit,Initializing Java Visitor for Compilation Unit
2019-09-27 16:04:43.721 [main] INFO  cruise.umplificator.core.Umplificator - Umplification process completed for FileProcessor.java!
2019-09-27 16:04:43.721 [main] DEBUG cruise.umplificator.core.Umplificator - Input language is: .java
2019-09-27 16:04:43.721 [main] INFO  cruise.umplificator.core.Umplificator - Attempting Umplification of UtilizationProfile.java
2019-09-27 16:04:43.722 [main] DEBUG cruise.umplificator.core.Umplificator - ---Input---
2019-09-27 16:04:43.722 [main] DEBUG cruise.umplificator.core.Umplificator - // Original file location:  /home/abdulaziz/Desktop/BerkeleyDb/ALL_FEATURE/features/Derivative_Evictor_CriticalEviction/com/sleepycat/je/cleaner/UtilizationProfile.java
package com.sleepycat.je.cleaner;
public class UtilizationProfile {
  protected void hook173() throws DatabaseException {
    env.getEvictor().doCriticalEviction();
    original();
  }
  protected void hook174() throws DatabaseException {
    env.getEvictor().doCriticalEviction();
    original();
  }
  protected void hook175() throws DatabaseException {
    env.getEvictor().doCriticalEviction();
    original();
  }
// START_OF_INNER_ELEMENT 
// @MethodObject static class UtilizationProfile_populateCache {
//     protected void hook176() throws DatabaseException {
//       _this.env.getEvictor().doCriticalEviction();
//       original();
//     }
//   }
// END_OF_INNER_ELEMENT 
}

2019-09-27 16:04:43.722 [main] DEBUG cruise.umplificator.parser.JavaParser - 1569614683722,1,Umplificator_traces.ump,13,JavaParser,2077845538,me_e,parseUnit,Parsing Compilation Unit
2019-09-27 16:04:43.729 [main] DEBUG cruise.umplificator.visitor.JavaClassVisitor - -Visiting PackageDeclaration-com.sleepycat.je.cleaner
2019-09-27 16:04:43.729 [main] DEBUG cruise.umplificator.visitor.JavaClassVisitor - Visiting TypeDeclarations-UtilizationProfile
2019-09-27 16:04:43.730 [main] DEBUG cruise.umplificator.visitor.JavaClassVisitor - Visiting MethodDeclarations-hook173
2019-09-27 16:04:43.730 [main] DEBUG cruise.umplificator.visitor.JavaClassVisitor - Visiting MethodDeclarations-hook174
2019-09-27 16:04:43.730 [main] DEBUG cruise.umplificator.visitor.JavaClassVisitor - Visiting MethodDeclarations-hook175
2019-09-27 16:04:43.730 [main] DEBUG cruise.umplificator.parser.JavaParser - 1569614683730,1,Umplificator_traces.ump,14,JavaParser,2077845538,me_x,parseUnit,Initializing Java Visitor for Compilation Unit
2019-09-27 16:04:43.730 [main] DEBUG cruise.umplificator.rules.RuleRunner - 1569614683730,1,Umplificator_traces.ump,26,RuleRunner,1894369629,me_e,insertJavaElements,RuleRunner.insertJavaElements - Insert Java elements into working memory
2019-09-27 16:04:43.731 [main] DEBUG cruise.umplificator.rules.RuleRunner - 1569614683731,1,Umplificator_traces.ump,30,RuleRunner,1894369629,me_e,fireAllRules,RuleRunner.fireAllRules - Fire rules
2019-09-27 16:04:43.731 [main] DEBUG cruise.umplificator.rules.RuleRunner - RuleRunner.fireAllRules - Fire rules LEVEL3
2019-09-27 16:04:43.731 [main] DEBUG cruise.umplificator.rules.RuleRunner - RuleRunner.fireAllRules - Fire rules LEVEL2
2019-09-27 16:04:43.731 [main] DEBUG cruise.umplificator.rules.RuleRunner - RuleRunner.fireAllRules - Fire rules LEVEL2.1
2019-09-27 16:04:43.731 [main] DEBUG cruise.umplificator.rules.RuleRunner - RuleRunner.fireAllRules - Fire rules LEVEL1
2019-09-27 16:04:43.732 [main] DEBUG cruise.umplificator.parser.JavaParser - 1569614683732,1,Umplificator_traces.ump,13,JavaParser,579590740,me_e,parseUnit,Parsing Compilation Unit
2019-09-27 16:04:43.735 [main] DEBUG cruise.umplificator.visitor.JavaClassVisitor - -Visiting PackageDeclaration-com.sleepycat.je.cleaner
2019-09-27 16:04:43.735 [main] DEBUG cruise.umplificator.visitor.JavaClassVisitor - Visiting TypeDeclarations-UtilizationProfile
2019-09-27 16:04:43.735 [main] DEBUG cruise.umplificator.visitor.JavaClassVisitor - Visiting MethodDeclarations-hook173
2019-09-27 16:04:43.735 [main] DEBUG cruise.umplificator.visitor.JavaClassVisitor - Visiting MethodDeclarations-hook174
2019-09-27 16:04:43.736 [main] DEBUG cruise.umplificator.visitor.JavaClassVisitor - Visiting MethodDeclarations-hook175
2019-09-27 16:04:43.736 [main] DEBUG cruise.umplificator.parser.JavaParser - 1569614683736,1,Umplificator_traces.ump,14,JavaParser,579590740,me_x,parseUnit,Initializing Java Visitor for Compilation Unit
2019-09-27 16:04:43.736 [main] DEBUG cruise.umplificator.parser.JavaParser - 1569614683736,1,Umplificator_traces.ump,13,JavaParser,1974918491,me_e,parseUnit,Parsing Compilation Unit
2019-09-27 16:04:43.738 [main] DEBUG cruise.umplificator.visitor.JavaClassVisitor - -Visiting PackageDeclaration-com.sleepycat.je.cleaner
2019-09-27 16:04:43.739 [main] DEBUG cruise.umplificator.visitor.JavaClassVisitor - Visiting TypeDeclarations-UtilizationProfile
2019-09-27 16:04:43.739 [main] DEBUG cruise.umplificator.visitor.JavaClassVisitor - Visiting MethodDeclarations-hook173
2019-09-27 16:04:43.739 [main] DEBUG cruise.umplificator.visitor.JavaClassVisitor - Visiting MethodDeclarations-hook174
2019-09-27 16:04:43.739 [main] DEBUG cruise.umplificator.visitor.JavaClassVisitor - Visiting MethodDeclarations-hook175
2019-09-27 16:04:43.739 [main] DEBUG cruise.umplificator.parser.JavaParser - 1569614683739,1,Umplificator_traces.ump,14,JavaParser,1974918491,me_x,parseUnit,Initializing Java Visitor for Compilation Unit
2019-09-27 16:04:43.739 [main] DEBUG cruise.umplificator.parser.JavaParser - 1569614683739,1,Umplificator_traces.ump,13,JavaParser,188647125,me_e,parseUnit,Parsing Compilation Unit
2019-09-27 16:04:43.741 [main] DEBUG cruise.umplificator.visitor.JavaClassVisitor - -Visiting PackageDeclaration-com.sleepycat.je.cleaner
2019-09-27 16:04:43.741 [main] DEBUG cruise.umplificator.visitor.JavaClassVisitor - Visiting TypeDeclarations-FileProcessor
2019-09-27 16:04:43.741 [main] DEBUG cruise.umplificator.parser.JavaParser - 1569614683741,1,Umplificator_traces.ump,14,JavaParser,188647125,me_x,parseUnit,Initializing Java Visitor for Compilation Unit
2019-09-27 16:04:43.745 [main] INFO  cruise.umplificator.core.Umplificator - Umplification process completed for UtilizationProfile.java!
2019-09-27 16:04:43.745 [main] DEBUG cruise.umplificator.core.Umplificator - Input language is: .java
2019-09-27 16:04:43.745 [main] INFO  cruise.umplificator.core.Umplificator - Attempting Umplification of Cleaner.java
2019-09-27 16:04:43.746 [main] DEBUG cruise.umplificator.core.Umplificator - ---Input---
2019-09-27 16:04:43.746 [main] DEBUG cruise.umplificator.core.Umplificator - // Original file location:  /home/abdulaziz/Desktop/BerkeleyDb/ALL_FEATURE/features/Derivative_Evictor_CriticalEviction/com/sleepycat/je/cleaner/Cleaner.java
package com.sleepycat.je.cleaner;
public class Cleaner {
// START_OF_INNER_ELEMENT 
// @MethodObject static class Cleaner_processPending {
//     protected void hook86() throws DatabaseException {
//       _this.env.getEvictor().doCriticalEviction();
//       original();
//     }
//   }
// END_OF_INNER_ELEMENT 
}

2019-09-27 16:04:43.746 [main] DEBUG cruise.umplificator.parser.JavaParser - 1569614683746,1,Umplificator_traces.ump,13,JavaParser,1628848368,me_e,parseUnit,Parsing Compilation Unit
2019-09-27 16:04:43.748 [main] DEBUG cruise.umplificator.visitor.JavaClassVisitor - -Visiting PackageDeclaration-com.sleepycat.je.cleaner
2019-09-27 16:04:43.749 [main] DEBUG cruise.umplificator.visitor.JavaClassVisitor - Visiting TypeDeclarations-Cleaner
2019-09-27 16:04:43.749 [main] DEBUG cruise.umplificator.parser.JavaParser - 1569614683749,1,Umplificator_traces.ump,14,JavaParser,1628848368,me_x,parseUnit,Initializing Java Visitor for Compilation Unit
2019-09-27 16:04:43.749 [main] DEBUG cruise.umplificator.rules.RuleRunner - 1569614683749,1,Umplificator_traces.ump,26,RuleRunner,1894369629,me_e,insertJavaElements,RuleRunner.insertJavaElements - Insert Java elements into working memory
2019-09-27 16:04:43.749 [main] DEBUG cruise.umplificator.rules.RuleRunner - 1569614683749,1,Umplificator_traces.ump,30,RuleRunner,1894369629,me_e,fireAllRules,RuleRunner.fireAllRules - Fire rules
2019-09-27 16:04:43.749 [main] DEBUG cruise.umplificator.rules.RuleRunner - RuleRunner.fireAllRules - Fire rules LEVEL3
2019-09-27 16:04:43.749 [main] DEBUG cruise.umplificator.rules.RuleRunner - RuleRunner.fireAllRules - Fire rules LEVEL2
2019-09-27 16:04:43.749 [main] DEBUG cruise.umplificator.rules.RuleRunner - RuleRunner.fireAllRules - Fire rules LEVEL2.1
2019-09-27 16:04:43.749 [main] DEBUG cruise.umplificator.rules.RuleRunner - RuleRunner.fireAllRules - Fire rules LEVEL1
2019-09-27 16:04:43.750 [main] DEBUG cruise.umplificator.parser.JavaParser - 1569614683750,1,Umplificator_traces.ump,13,JavaParser,1928028672,me_e,parseUnit,Parsing Compilation Unit
2019-09-27 16:04:43.752 [main] DEBUG cruise.umplificator.visitor.JavaClassVisitor - -Visiting PackageDeclaration-com.sleepycat.je.cleaner
2019-09-27 16:04:43.752 [main] DEBUG cruise.umplificator.visitor.JavaClassVisitor - Visiting TypeDeclarations-Cleaner
2019-09-27 16:04:43.752 [main] DEBUG cruise.umplificator.parser.JavaParser - 1569614683752,1,Umplificator_traces.ump,14,JavaParser,1928028672,me_x,parseUnit,Initializing Java Visitor for Compilation Unit
2019-09-27 16:04:43.752 [main] DEBUG cruise.umplificator.parser.JavaParser - 1569614683752,1,Umplificator_traces.ump,13,JavaParser,124702413,me_e,parseUnit,Parsing Compilation Unit
2019-09-27 16:04:43.754 [main] DEBUG cruise.umplificator.visitor.JavaClassVisitor - -Visiting PackageDeclaration-com.sleepycat.je.cleaner
2019-09-27 16:04:43.754 [main] DEBUG cruise.umplificator.visitor.JavaClassVisitor - Visiting TypeDeclarations-Cleaner
2019-09-27 16:04:43.754 [main] DEBUG cruise.umplificator.parser.JavaParser - 1569614683754,1,Umplificator_traces.ump,14,JavaParser,124702413,me_x,parseUnit,Initializing Java Visitor for Compilation Unit
2019-09-27 16:04:43.754 [main] DEBUG cruise.umplificator.parser.JavaParser - 1569614683754,1,Umplificator_traces.ump,13,JavaParser,2063581529,me_e,parseUnit,Parsing Compilation Unit
2019-09-27 16:04:43.756 [main] DEBUG cruise.umplificator.visitor.JavaClassVisitor - -Visiting PackageDeclaration-com.sleepycat.je.cleaner
2019-09-27 16:04:43.756 [main] DEBUG cruise.umplificator.visitor.JavaClassVisitor - Visiting TypeDeclarations-Cleaner
2019-09-27 16:04:43.756 [main] DEBUG cruise.umplificator.parser.JavaParser - 1569614683756,1,Umplificator_traces.ump,14,JavaParser,2063581529,me_x,parseUnit,Initializing Java Visitor for Compilation Unit
2019-09-27 16:04:43.756 [main] DEBUG cruise.umplificator.parser.JavaParser - 1569614683756,1,Umplificator_traces.ump,13,JavaParser,377667724,me_e,parseUnit,Parsing Compilation Unit
2019-09-27 16:04:43.759 [main] DEBUG cruise.umplificator.visitor.JavaClassVisitor - -Visiting PackageDeclaration-com.sleepycat.je.cleaner
2019-09-27 16:04:43.759 [main] DEBUG cruise.umplificator.visitor.JavaClassVisitor - Visiting TypeDeclarations-UtilizationProfile
2019-09-27 16:04:43.759 [main] DEBUG cruise.umplificator.visitor.JavaClassVisitor - Visiting MethodDeclarations-hook173
2019-09-27 16:04:43.759 [main] DEBUG cruise.umplificator.visitor.JavaClassVisitor - Visiting MethodDeclarations-hook174
2019-09-27 16:04:43.759 [main] DEBUG cruise.umplificator.visitor.JavaClassVisitor - Visiting MethodDeclarations-hook175
2019-09-27 16:04:43.759 [main] DEBUG cruise.umplificator.parser.JavaParser - 1569614683759,1,Umplificator_traces.ump,14,JavaParser,377667724,me_x,parseUnit,Initializing Java Visitor for Compilation Unit
2019-09-27 16:04:43.760 [main] DEBUG cruise.umplificator.parser.JavaParser - 1569614683760,1,Umplificator_traces.ump,13,JavaParser,1070619454,me_e,parseUnit,Parsing Compilation Unit
2019-09-27 16:04:43.761 [main] DEBUG cruise.umplificator.visitor.JavaClassVisitor - -Visiting PackageDeclaration-com.sleepycat.je.cleaner
2019-09-27 16:04:43.761 [main] DEBUG cruise.umplificator.visitor.JavaClassVisitor - Visiting TypeDeclarations-FileProcessor
2019-09-27 16:04:43.761 [main] DEBUG cruise.umplificator.parser.JavaParser - 1569614683761,1,Umplificator_traces.ump,14,JavaParser,1070619454,me_x,parseUnit,Initializing Java Visitor for Compilation Unit
2019-09-27 16:04:43.762 [main] INFO  cruise.umplificator.core.Umplificator - Umplification process completed for Cleaner.java!
2019-09-27 16:04:43.762 [main] DEBUG cruise.umplificator.core.Umplificator - Input language is: .java
2019-09-27 16:04:43.763 [main] INFO  cruise.umplificator.core.Umplificator - Attempting Umplification of Evictor.java
2019-09-27 16:04:43.763 [main] DEBUG cruise.umplificator.core.Umplificator - ---Input---
2019-09-27 16:04:43.763 [main] DEBUG cruise.umplificator.core.Umplificator - // Original file location:  /home/abdulaziz/Desktop/BerkeleyDb/ALL_FEATURE/features/Derivative_Evictor_CriticalEviction/com/sleepycat/je/evictor/Evictor.java
package com.sleepycat.je.evictor;
public class Evictor {
  /** 
 * Do a check on whether synchronous eviction is needed.
 */
  public void doCriticalEviction() throws DatabaseException {
    new Evictor_doCriticalEviction(this).execute();
  }
// START_OF_INNER_ELEMENT 
// @MethodObject static class Evictor_doCriticalEviction {
//     Evictor_doCriticalEviction(    Evictor _this){
//       this._this=_this;
//     }
//     void execute() throws DatabaseException {
//     }
//     protected Evictor _this;
//     protected MemoryBudget mb;
//     protected long currentUsage;
//     protected long maxMem;
//     protected long over;
//   }
// END_OF_INNER_ELEMENT 
}

2019-09-27 16:04:43.763 [main] DEBUG cruise.umplificator.parser.JavaParser - 1569614683763,1,Umplificator_traces.ump,13,JavaParser,1320809135,me_e,parseUnit,Parsing Compilation Unit
2019-09-27 16:04:43.770 [main] DEBUG cruise.umplificator.visitor.JavaClassVisitor - -Visiting PackageDeclaration-com.sleepycat.je.evictor
2019-09-27 16:04:43.770 [main] DEBUG cruise.umplificator.visitor.JavaClassVisitor - Visiting TypeDeclarations-Evictor
2019-09-27 16:04:43.770 [main] DEBUG cruise.umplificator.visitor.JavaClassVisitor - Visiting MethodDeclarations-doCriticalEviction
2019-09-27 16:04:43.770 [main] DEBUG cruise.umplificator.parser.JavaParser - 1569614683770,1,Umplificator_traces.ump,14,JavaParser,1320809135,me_x,parseUnit,Initializing Java Visitor for Compilation Unit
2019-09-27 16:04:43.770 [main] DEBUG cruise.umplificator.rules.RuleRunner - 1569614683770,1,Umplificator_traces.ump,26,RuleRunner,1894369629,me_e,insertJavaElements,RuleRunner.insertJavaElements - Insert Java elements into working memory
2019-09-27 16:04:43.771 [main] DEBUG cruise.umplificator.rules.RuleRunner - 1569614683771,1,Umplificator_traces.ump,30,RuleRunner,1894369629,me_e,fireAllRules,RuleRunner.fireAllRules - Fire rules
2019-09-27 16:04:43.771 [main] DEBUG cruise.umplificator.rules.RuleRunner - RuleRunner.fireAllRules - Fire rules LEVEL3
2019-09-27 16:04:43.771 [main] DEBUG cruise.umplificator.rules.RuleRunner - RuleRunner.fireAllRules - Fire rules LEVEL2
2019-09-27 16:04:43.771 [main] DEBUG cruise.umplificator.rules.RuleRunner - RuleRunner.fireAllRules - Fire rules LEVEL2.1
2019-09-27 16:04:43.771 [main] DEBUG cruise.umplificator.rules.RuleRunner - RuleRunner.fireAllRules - Fire rules LEVEL1
2019-09-27 16:04:43.772 [main] DEBUG cruise.umplificator.parser.JavaParser - 1569614683772,1,Umplificator_traces.ump,13,JavaParser,1832101486,me_e,parseUnit,Parsing Compilation Unit
2019-09-27 16:04:43.774 [main] DEBUG cruise.umplificator.visitor.JavaClassVisitor - -Visiting PackageDeclaration-com.sleepycat.je.evictor
2019-09-27 16:04:43.774 [main] DEBUG cruise.umplificator.visitor.JavaClassVisitor - Visiting TypeDeclarations-Evictor
2019-09-27 16:04:43.774 [main] DEBUG cruise.umplificator.visitor.JavaClassVisitor - Visiting MethodDeclarations-doCriticalEviction
2019-09-27 16:04:43.774 [main] DEBUG cruise.umplificator.parser.JavaParser - 1569614683774,1,Umplificator_traces.ump,14,JavaParser,1832101486,me_x,parseUnit,Initializing Java Visitor for Compilation Unit
2019-09-27 16:04:43.774 [main] DEBUG cruise.umplificator.parser.JavaParser - 1569614683774,1,Umplificator_traces.ump,13,JavaParser,789885174,me_e,parseUnit,Parsing Compilation Unit
2019-09-27 16:04:43.776 [main] DEBUG cruise.umplificator.visitor.JavaClassVisitor - -Visiting PackageDeclaration-com.sleepycat.je.evictor
2019-09-27 16:04:43.777 [main] DEBUG cruise.umplificator.visitor.JavaClassVisitor - Visiting TypeDeclarations-Evictor
2019-09-27 16:04:43.777 [main] DEBUG cruise.umplificator.visitor.JavaClassVisitor - Visiting MethodDeclarations-doCriticalEviction
2019-09-27 16:04:43.777 [main] DEBUG cruise.umplificator.parser.JavaParser - 1569614683777,1,Umplificator_traces.ump,14,JavaParser,789885174,me_x,parseUnit,Initializing Java Visitor for Compilation Unit
2019-09-27 16:04:43.777 [main] DEBUG cruise.umplificator.parser.JavaParser - 1569614683777,1,Umplificator_traces.ump,13,JavaParser,95553286,me_e,parseUnit,Parsing Compilation Unit
2019-09-27 16:04:43.779 [main] DEBUG cruise.umplificator.visitor.JavaClassVisitor - -Visiting PackageDeclaration-com.sleepycat.je.evictor
2019-09-27 16:04:43.779 [main] DEBUG cruise.umplificator.visitor.JavaClassVisitor - Visiting TypeDeclarations-Evictor
2019-09-27 16:04:43.779 [main] DEBUG cruise.umplificator.visitor.JavaClassVisitor - Visiting MethodDeclarations-doCriticalEviction
2019-09-27 16:04:43.779 [main] DEBUG cruise.umplificator.parser.JavaParser - 1569614683779,1,Umplificator_traces.ump,14,JavaParser,95553286,me_x,parseUnit,Initializing Java Visitor for Compilation Unit
2019-09-27 16:04:43.780 [main] DEBUG cruise.umplificator.parser.JavaParser - 1569614683780,1,Umplificator_traces.ump,13,JavaParser,380556447,me_e,parseUnit,Parsing Compilation Unit
2019-09-27 16:04:43.782 [main] DEBUG cruise.umplificator.visitor.JavaClassVisitor - -Visiting PackageDeclaration-com.sleepycat.je.evictor
2019-09-27 16:04:43.782 [main] DEBUG cruise.umplificator.visitor.JavaClassVisitor - Visiting TypeDeclarations-Evictor
2019-09-27 16:04:43.782 [main] DEBUG cruise.umplificator.visitor.JavaClassVisitor - Visiting MethodDeclarations-doCriticalEviction
2019-09-27 16:04:43.782 [main] DEBUG cruise.umplificator.parser.JavaParser - 1569614683782,1,Umplificator_traces.ump,14,JavaParser,380556447,me_x,parseUnit,Initializing Java Visitor for Compilation Unit
2019-09-27 16:04:43.782 [main] DEBUG cruise.umplificator.parser.JavaParser - 1569614683782,1,Umplificator_traces.ump,13,JavaParser,1725825266,me_e,parseUnit,Parsing Compilation Unit
2019-09-27 16:04:43.783 [main] DEBUG cruise.umplificator.visitor.JavaClassVisitor - -Visiting PackageDeclaration-com.sleepycat.je.cleaner
2019-09-27 16:04:43.784 [main] DEBUG cruise.umplificator.visitor.JavaClassVisitor - Visiting TypeDeclarations-Cleaner
2019-09-27 16:04:43.784 [main] DEBUG cruise.umplificator.parser.JavaParser - 1569614683784,1,Umplificator_traces.ump,14,JavaParser,1725825266,me_x,parseUnit,Initializing Java Visitor for Compilation Unit
2019-09-27 16:04:43.784 [main] DEBUG cruise.umplificator.parser.JavaParser - 1569614683784,1,Umplificator_traces.ump,13,JavaParser,1816633311,me_e,parseUnit,Parsing Compilation Unit
2019-09-27 16:04:43.788 [main] DEBUG cruise.umplificator.visitor.JavaClassVisitor - -Visiting PackageDeclaration-com.sleepycat.je.cleaner
2019-09-27 16:04:43.788 [main] DEBUG cruise.umplificator.visitor.JavaClassVisitor - Visiting TypeDeclarations-UtilizationProfile
2019-09-27 16:04:43.788 [main] DEBUG cruise.umplificator.visitor.JavaClassVisitor - Visiting MethodDeclarations-hook173
2019-09-27 16:04:43.789 [main] DEBUG cruise.umplificator.visitor.JavaClassVisitor - Visiting MethodDeclarations-hook174
2019-09-27 16:04:43.789 [main] DEBUG cruise.umplificator.visitor.JavaClassVisitor - Visiting MethodDeclarations-hook175
2019-09-27 16:04:43.789 [main] DEBUG cruise.umplificator.parser.JavaParser - 1569614683789,1,Umplificator_traces.ump,14,JavaParser,1816633311,me_x,parseUnit,Initializing Java Visitor for Compilation Unit
2019-09-27 16:04:43.789 [main] DEBUG cruise.umplificator.parser.JavaParser - 1569614683789,1,Umplificator_traces.ump,13,JavaParser,2044211046,me_e,parseUnit,Parsing Compilation Unit
2019-09-27 16:04:43.790 [main] DEBUG cruise.umplificator.visitor.JavaClassVisitor - -Visiting PackageDeclaration-com.sleepycat.je.cleaner
2019-09-27 16:04:43.790 [main] DEBUG cruise.umplificator.visitor.JavaClassVisitor - Visiting TypeDeclarations-FileProcessor
2019-09-27 16:04:43.791 [main] DEBUG cruise.umplificator.parser.JavaParser - 1569614683790,1,Umplificator_traces.ump,14,JavaParser,2044211046,me_x,parseUnit,Initializing Java Visitor for Compilation Unit
2019-09-27 16:04:43.791 [main] INFO  cruise.umplificator.core.Umplificator - Umplification process completed for Evictor.java!
2019-09-27 16:04:43.791 [main] DEBUG cruise.umplificator.core.Umplificator - Input language is: .java
2019-09-27 16:04:43.791 [main] INFO  cruise.umplificator.core.Umplificator - Attempting Umplification of CursorImpl.java
2019-09-27 16:04:43.792 [main] DEBUG cruise.umplificator.core.Umplificator - ---Input---
2019-09-27 16:04:43.792 [main] DEBUG cruise.umplificator.core.Umplificator - package com.sleepycat.je.dbi;
public class CursorImpl {
  protected void hook203() throws DatabaseException {
    database.getDbEnvironment().getEvictor().doCriticalEviction();
    original();
  }
  /** 
 * Reset a cursor to an uninitialized state, but unlike close(), allow it to
 * be used further.
 */
  public void reset() throws DatabaseException {
    original();
    if (allowEviction) {
      database.getDbEnvironment().getEvictor().doCriticalEviction();
    }
  }
  /** 
 * Close a cursor.
 * @throws DatabaseExceptionif the cursor was previously closed.
 */
  public void close() throws DatabaseException {
    original();
    if (allowEviction) {
      database.getDbEnvironment().getEvictor().doCriticalEviction();
    }
  }
}

2019-09-27 16:04:43.792 [main] DEBUG cruise.umplificator.parser.JavaParser - 1569614683792,1,Umplificator_traces.ump,13,JavaParser,431097582,me_e,parseUnit,Parsing Compilation Unit
2019-09-27 16:04:43.796 [main] DEBUG cruise.umplificator.visitor.JavaClassVisitor - -Visiting PackageDeclaration-com.sleepycat.je.dbi
2019-09-27 16:04:43.797 [main] DEBUG cruise.umplificator.visitor.JavaClassVisitor - Visiting TypeDeclarations-CursorImpl
2019-09-27 16:04:43.797 [main] DEBUG cruise.umplificator.visitor.JavaClassVisitor - Visiting MethodDeclarations-hook203
2019-09-27 16:04:43.797 [main] DEBUG cruise.umplificator.visitor.JavaClassVisitor - Visiting MethodDeclarations-reset
2019-09-27 16:04:43.797 [main] DEBUG cruise.umplificator.visitor.JavaClassVisitor - Visiting MethodDeclarations-close
2019-09-27 16:04:43.797 [main] DEBUG cruise.umplificator.parser.JavaParser - 1569614683797,1,Umplificator_traces.ump,14,JavaParser,431097582,me_x,parseUnit,Initializing Java Visitor for Compilation Unit
2019-09-27 16:04:43.797 [main] DEBUG cruise.umplificator.rules.RuleRunner - 1569614683797,1,Umplificator_traces.ump,26,RuleRunner,1894369629,me_e,insertJavaElements,RuleRunner.insertJavaElements - Insert Java elements into working memory
2019-09-27 16:04:43.797 [main] DEBUG cruise.umplificator.rules.RuleRunner - 1569614683797,1,Umplificator_traces.ump,30,RuleRunner,1894369629,me_e,fireAllRules,RuleRunner.fireAllRules - Fire rules
2019-09-27 16:04:43.797 [main] DEBUG cruise.umplificator.rules.RuleRunner - RuleRunner.fireAllRules - Fire rules LEVEL3
2019-09-27 16:04:43.797 [main] DEBUG cruise.umplificator.rules.RuleRunner - RuleRunner.fireAllRules - Fire rules LEVEL2
2019-09-27 16:04:43.797 [main] DEBUG cruise.umplificator.rules.RuleRunner - RuleRunner.fireAllRules - Fire rules LEVEL2.1
2019-09-27 16:04:43.797 [main] DEBUG cruise.umplificator.rules.RuleRunner - RuleRunner.fireAllRules - Fire rules LEVEL1
2019-09-27 16:04:43.799 [main] DEBUG cruise.umplificator.parser.JavaParser - 1569614683799,1,Umplificator_traces.ump,13,JavaParser,1720760826,me_e,parseUnit,Parsing Compilation Unit
2019-09-27 16:04:43.802 [main] DEBUG cruise.umplificator.visitor.JavaClassVisitor - -Visiting PackageDeclaration-com.sleepycat.je.dbi
2019-09-27 16:04:43.802 [main] DEBUG cruise.umplificator.visitor.JavaClassVisitor - Visiting TypeDeclarations-CursorImpl
2019-09-27 16:04:43.802 [main] DEBUG cruise.umplificator.visitor.JavaClassVisitor - Visiting MethodDeclarations-hook203
2019-09-27 16:04:43.802 [main] DEBUG cruise.umplificator.visitor.JavaClassVisitor - Visiting MethodDeclarations-reset
2019-09-27 16:04:43.802 [main] DEBUG cruise.umplificator.visitor.JavaClassVisitor - Visiting MethodDeclarations-close
2019-09-27 16:04:43.802 [main] DEBUG cruise.umplificator.parser.JavaParser - 1569614683802,1,Umplificator_traces.ump,14,JavaParser,1720760826,me_x,parseUnit,Initializing Java Visitor for Compilation Unit
2019-09-27 16:04:43.802 [main] DEBUG cruise.umplificator.parser.JavaParser - 1569614683802,1,Umplificator_traces.ump,13,JavaParser,1821228886,me_e,parseUnit,Parsing Compilation Unit
2019-09-27 16:04:43.807 [main] DEBUG cruise.umplificator.visitor.JavaClassVisitor - -Visiting PackageDeclaration-com.sleepycat.je.dbi
2019-09-27 16:04:43.807 [main] DEBUG cruise.umplificator.visitor.JavaClassVisitor - Visiting TypeDeclarations-CursorImpl
2019-09-27 16:04:43.808 [main] DEBUG cruise.umplificator.visitor.JavaClassVisitor - Visiting MethodDeclarations-hook203
2019-09-27 16:04:43.808 [main] DEBUG cruise.umplificator.visitor.JavaClassVisitor - Visiting MethodDeclarations-reset
2019-09-27 16:04:43.808 [main] DEBUG cruise.umplificator.visitor.JavaClassVisitor - Visiting MethodDeclarations-close
2019-09-27 16:04:43.808 [main] DEBUG cruise.umplificator.parser.JavaParser - 1569614683808,1,Umplificator_traces.ump,14,JavaParser,1821228886,me_x,parseUnit,Initializing Java Visitor for Compilation Unit
2019-09-27 16:04:43.808 [main] DEBUG cruise.umplificator.parser.JavaParser - 1569614683808,1,Umplificator_traces.ump,13,JavaParser,1228603887,me_e,parseUnit,Parsing Compilation Unit
2019-09-27 16:04:43.811 [main] DEBUG cruise.umplificator.visitor.JavaClassVisitor - -Visiting PackageDeclaration-com.sleepycat.je.dbi
2019-09-27 16:04:43.811 [main] DEBUG cruise.umplificator.visitor.JavaClassVisitor - Visiting TypeDeclarations-CursorImpl
2019-09-27 16:04:43.811 [main] DEBUG cruise.umplificator.visitor.JavaClassVisitor - Visiting MethodDeclarations-hook203
2019-09-27 16:04:43.811 [main] DEBUG cruise.umplificator.visitor.JavaClassVisitor - Visiting MethodDeclarations-reset
2019-09-27 16:04:43.811 [main] DEBUG cruise.umplificator.visitor.JavaClassVisitor - Visiting MethodDeclarations-close
2019-09-27 16:04:43.811 [main] DEBUG cruise.umplificator.parser.JavaParser - 1569614683811,1,Umplificator_traces.ump,14,JavaParser,1228603887,me_x,parseUnit,Initializing Java Visitor for Compilation Unit
2019-09-27 16:04:43.812 [main] DEBUG cruise.umplificator.parser.JavaParser - 1569614683812,1,Umplificator_traces.ump,13,JavaParser,918738473,me_e,parseUnit,Parsing Compilation Unit
2019-09-27 16:04:43.814 [main] DEBUG cruise.umplificator.visitor.JavaClassVisitor - -Visiting PackageDeclaration-com.sleepycat.je.dbi
2019-09-27 16:04:43.815 [main] DEBUG cruise.umplificator.visitor.JavaClassVisitor - Visiting TypeDeclarations-CursorImpl
2019-09-27 16:04:43.815 [main] DEBUG cruise.umplificator.visitor.JavaClassVisitor - Visiting MethodDeclarations-hook203
2019-09-27 16:04:43.815 [main] DEBUG cruise.umplificator.visitor.JavaClassVisitor - Visiting MethodDeclarations-reset
2019-09-27 16:04:43.815 [main] DEBUG cruise.umplificator.visitor.JavaClassVisitor - Visiting MethodDeclarations-close
2019-09-27 16:04:43.815 [main] DEBUG cruise.umplificator.parser.JavaParser - 1569614683815,1,Umplificator_traces.ump,14,JavaParser,918738473,me_x,parseUnit,Initializing Java Visitor for Compilation Unit
2019-09-27 16:04:43.815 [main] DEBUG cruise.umplificator.parser.JavaParser - 1569614683815,1,Umplificator_traces.ump,13,JavaParser,1442768482,me_e,parseUnit,Parsing Compilation Unit
2019-09-27 16:04:43.819 [main] DEBUG cruise.umplificator.visitor.JavaClassVisitor - -Visiting PackageDeclaration-com.sleepycat.je.dbi
2019-09-27 16:04:43.819 [main] DEBUG cruise.umplificator.visitor.JavaClassVisitor - Visiting TypeDeclarations-CursorImpl
2019-09-27 16:04:43.819 [main] DEBUG cruise.umplificator.visitor.JavaClassVisitor - Visiting MethodDeclarations-hook203
2019-09-27 16:04:43.819 [main] DEBUG cruise.umplificator.visitor.JavaClassVisitor - Visiting MethodDeclarations-reset
2019-09-27 16:04:43.819 [main] DEBUG cruise.umplificator.visitor.JavaClassVisitor - Visiting MethodDeclarations-close
2019-09-27 16:04:43.819 [main] DEBUG cruise.umplificator.parser.JavaParser - 1569614683819,1,Umplificator_traces.ump,14,JavaParser,1442768482,me_x,parseUnit,Initializing Java Visitor for Compilation Unit
2019-09-27 16:04:43.819 [main] DEBUG cruise.umplificator.parser.JavaParser - 1569614683819,1,Umplificator_traces.ump,13,JavaParser,1409848452,me_e,parseUnit,Parsing Compilation Unit
2019-09-27 16:04:43.821 [main] DEBUG cruise.umplificator.visitor.JavaClassVisitor - -Visiting PackageDeclaration-com.sleepycat.je.evictor
2019-09-27 16:04:43.821 [main] DEBUG cruise.umplificator.visitor.JavaClassVisitor - Visiting TypeDeclarations-Evictor
2019-09-27 16:04:43.821 [main] DEBUG cruise.umplificator.visitor.JavaClassVisitor - Visiting MethodDeclarations-doCriticalEviction
2019-09-27 16:04:43.821 [main] DEBUG cruise.umplificator.parser.JavaParser - 1569614683821,1,Umplificator_traces.ump,14,JavaParser,1409848452,me_x,parseUnit,Initializing Java Visitor for Compilation Unit
2019-09-27 16:04:43.822 [main] DEBUG cruise.umplificator.parser.JavaParser - 1569614683822,1,Umplificator_traces.ump,13,JavaParser,1169015699,me_e,parseUnit,Parsing Compilation Unit
2019-09-27 16:04:43.823 [main] DEBUG cruise.umplificator.visitor.JavaClassVisitor - -Visiting PackageDeclaration-com.sleepycat.je.cleaner
2019-09-27 16:04:43.823 [main] DEBUG cruise.umplificator.visitor.JavaClassVisitor - Visiting TypeDeclarations-Cleaner
2019-09-27 16:04:43.823 [main] DEBUG cruise.umplificator.parser.JavaParser - 1569614683823,1,Umplificator_traces.ump,14,JavaParser,1169015699,me_x,parseUnit,Initializing Java Visitor for Compilation Unit
2019-09-27 16:04:43.823 [main] DEBUG cruise.umplificator.parser.JavaParser - 1569614683823,1,Umplificator_traces.ump,13,JavaParser,1711154833,me_e,parseUnit,Parsing Compilation Unit
2019-09-27 16:04:43.825 [main] DEBUG cruise.umplificator.visitor.JavaClassVisitor - -Visiting PackageDeclaration-com.sleepycat.je.cleaner
2019-09-27 16:04:43.826 [main] DEBUG cruise.umplificator.visitor.JavaClassVisitor - Visiting TypeDeclarations-UtilizationProfile
2019-09-27 16:04:43.826 [main] DEBUG cruise.umplificator.visitor.JavaClassVisitor - Visiting MethodDeclarations-hook173
2019-09-27 16:04:43.826 [main] DEBUG cruise.umplificator.visitor.JavaClassVisitor - Visiting MethodDeclarations-hook174
2019-09-27 16:04:43.827 [main] DEBUG cruise.umplificator.visitor.JavaClassVisitor - Visiting MethodDeclarations-hook175
2019-09-27 16:04:43.827 [main] DEBUG cruise.umplificator.parser.JavaParser - 1569614683827,1,Umplificator_traces.ump,14,JavaParser,1711154833,me_x,parseUnit,Initializing Java Visitor for Compilation Unit
2019-09-27 16:04:43.827 [main] DEBUG cruise.umplificator.parser.JavaParser - 1569614683827,1,Umplificator_traces.ump,13,JavaParser,1200689594,me_e,parseUnit,Parsing Compilation Unit
2019-09-27 16:04:43.829 [main] DEBUG cruise.umplificator.visitor.JavaClassVisitor - -Visiting PackageDeclaration-com.sleepycat.je.cleaner
2019-09-27 16:04:43.829 [main] DEBUG cruise.umplificator.visitor.JavaClassVisitor - Visiting TypeDeclarations-FileProcessor
2019-09-27 16:04:43.829 [main] DEBUG cruise.umplificator.parser.JavaParser - 1569614683829,1,Umplificator_traces.ump,14,JavaParser,1200689594,me_x,parseUnit,Initializing Java Visitor for Compilation Unit
2019-09-27 16:04:43.830 [main] INFO  cruise.umplificator.core.Umplificator - Umplification process completed for CursorImpl.java!
2019-09-27 16:04:43.830 [main] DEBUG cruise.umplificator.core.Umplificator - Input language is: .java
2019-09-27 16:04:43.830 [main] INFO  cruise.umplificator.core.Umplificator - Attempting Umplification of Checkpointer.java
2019-09-27 16:04:43.831 [main] DEBUG cruise.umplificator.core.Umplificator - ---Input---
2019-09-27 16:04:43.831 [main] DEBUG cruise.umplificator.core.Umplificator - package com.sleepycat.je.recovery;
public class Checkpointer {
  protected void hook520() throws DatabaseException {
    envImpl.getEvictor().doCriticalEviction();
    original();
  }
}

2019-09-27 16:04:43.831 [main] DEBUG cruise.umplificator.parser.JavaParser - 1569614683831,1,Umplificator_traces.ump,13,JavaParser,1470959992,me_e,parseUnit,Parsing Compilation Unit
2019-09-27 16:04:43.833 [main] DEBUG cruise.umplificator.visitor.JavaClassVisitor - -Visiting PackageDeclaration-com.sleepycat.je.recovery
2019-09-27 16:04:43.833 [main] DEBUG cruise.umplificator.visitor.JavaClassVisitor - Visiting TypeDeclarations-Checkpointer
2019-09-27 16:04:43.833 [main] DEBUG cruise.umplificator.visitor.JavaClassVisitor - Visiting MethodDeclarations-hook520
2019-09-27 16:04:43.833 [main] DEBUG cruise.umplificator.parser.JavaParser - 1569614683833,1,Umplificator_traces.ump,14,JavaParser,1470959992,me_x,parseUnit,Initializing Java Visitor for Compilation Unit
2019-09-27 16:04:43.833 [main] DEBUG cruise.umplificator.rules.RuleRunner - 1569614683833,1,Umplificator_traces.ump,26,RuleRunner,1894369629,me_e,insertJavaElements,RuleRunner.insertJavaElements - Insert Java elements into working memory
2019-09-27 16:04:43.833 [main] DEBUG cruise.umplificator.rules.RuleRunner - 1569614683833,1,Umplificator_traces.ump,30,RuleRunner,1894369629,me_e,fireAllRules,RuleRunner.fireAllRules - Fire rules
2019-09-27 16:04:43.833 [main] DEBUG cruise.umplificator.rules.RuleRunner - RuleRunner.fireAllRules - Fire rules LEVEL3
2019-09-27 16:04:43.833 [main] DEBUG cruise.umplificator.rules.RuleRunner - RuleRunner.fireAllRules - Fire rules LEVEL2
2019-09-27 16:04:43.833 [main] DEBUG cruise.umplificator.rules.RuleRunner - RuleRunner.fireAllRules - Fire rules LEVEL2.1
2019-09-27 16:04:43.833 [main] DEBUG cruise.umplificator.rules.RuleRunner - RuleRunner.fireAllRules - Fire rules LEVEL1
2019-09-27 16:04:43.834 [main] DEBUG cruise.umplificator.parser.JavaParser - 1569614683834,1,Umplificator_traces.ump,13,JavaParser,1532874332,me_e,parseUnit,Parsing Compilation Unit
2019-09-27 16:04:43.836 [main] DEBUG cruise.umplificator.visitor.JavaClassVisitor - -Visiting PackageDeclaration-com.sleepycat.je.recovery
2019-09-27 16:04:43.836 [main] DEBUG cruise.umplificator.visitor.JavaClassVisitor - Visiting TypeDeclarations-Checkpointer
2019-09-27 16:04:43.836 [main] DEBUG cruise.umplificator.visitor.JavaClassVisitor - Visiting MethodDeclarations-hook520
2019-09-27 16:04:43.836 [main] DEBUG cruise.umplificator.parser.JavaParser - 1569614683836,1,Umplificator_traces.ump,14,JavaParser,1532874332,me_x,parseUnit,Initializing Java Visitor for Compilation Unit
2019-09-27 16:04:43.837 [main] DEBUG cruise.umplificator.parser.JavaParser - 1569614683837,1,Umplificator_traces.ump,13,JavaParser,2135359921,me_e,parseUnit,Parsing Compilation Unit
2019-09-27 16:04:43.841 [main] DEBUG cruise.umplificator.visitor.JavaClassVisitor - -Visiting PackageDeclaration-com.sleepycat.je.recovery
2019-09-27 16:04:43.841 [main] DEBUG cruise.umplificator.visitor.JavaClassVisitor - Visiting TypeDeclarations-Checkpointer
2019-09-27 16:04:43.841 [main] DEBUG cruise.umplificator.visitor.JavaClassVisitor - Visiting MethodDeclarations-hook520
2019-09-27 16:04:43.842 [main] DEBUG cruise.umplificator.parser.JavaParser - 1569614683842,1,Umplificator_traces.ump,14,JavaParser,2135359921,me_x,parseUnit,Initializing Java Visitor for Compilation Unit
2019-09-27 16:04:43.842 [main] DEBUG cruise.umplificator.parser.JavaParser - 1569614683842,1,Umplificator_traces.ump,13,JavaParser,182254297,me_e,parseUnit,Parsing Compilation Unit
2019-09-27 16:04:43.843 [main] DEBUG cruise.umplificator.visitor.JavaClassVisitor - -Visiting PackageDeclaration-com.sleepycat.je.recovery
2019-09-27 16:04:43.845 [main] DEBUG cruise.umplificator.visitor.JavaClassVisitor - Visiting TypeDeclarations-Checkpointer
2019-09-27 16:04:43.846 [main] DEBUG cruise.umplificator.visitor.JavaClassVisitor - Visiting MethodDeclarations-hook520
2019-09-27 16:04:43.846 [main] DEBUG cruise.umplificator.parser.JavaParser - 1569614683846,1,Umplificator_traces.ump,14,JavaParser,182254297,me_x,parseUnit,Initializing Java Visitor for Compilation Unit
2019-09-27 16:04:43.846 [main] DEBUG cruise.umplificator.parser.JavaParser - 1569614683846,1,Umplificator_traces.ump,13,JavaParser,263495647,me_e,parseUnit,Parsing Compilation Unit
2019-09-27 16:04:43.848 [main] DEBUG cruise.umplificator.visitor.JavaClassVisitor - -Visiting PackageDeclaration-com.sleepycat.je.recovery
2019-09-27 16:04:43.848 [main] DEBUG cruise.umplificator.visitor.JavaClassVisitor - Visiting TypeDeclarations-Checkpointer
2019-09-27 16:04:43.848 [main] DEBUG cruise.umplificator.visitor.JavaClassVisitor - Visiting MethodDeclarations-hook520
2019-09-27 16:04:43.848 [main] DEBUG cruise.umplificator.parser.JavaParser - 1569614683848,1,Umplificator_traces.ump,14,JavaParser,263495647,me_x,parseUnit,Initializing Java Visitor for Compilation Unit
2019-09-27 16:04:43.848 [main] DEBUG cruise.umplificator.parser.JavaParser - 1569614683848,1,Umplificator_traces.ump,13,JavaParser,976133979,me_e,parseUnit,Parsing Compilation Unit
2019-09-27 16:04:43.850 [main] DEBUG cruise.umplificator.visitor.JavaClassVisitor - -Visiting PackageDeclaration-com.sleepycat.je.recovery
2019-09-27 16:04:43.850 [main] DEBUG cruise.umplificator.visitor.JavaClassVisitor - Visiting TypeDeclarations-Checkpointer
2019-09-27 16:04:43.850 [main] DEBUG cruise.umplificator.visitor.JavaClassVisitor - Visiting MethodDeclarations-hook520
2019-09-27 16:04:43.850 [main] DEBUG cruise.umplificator.parser.JavaParser - 1569614683850,1,Umplificator_traces.ump,14,JavaParser,976133979,me_x,parseUnit,Initializing Java Visitor for Compilation Unit
2019-09-27 16:04:43.850 [main] DEBUG cruise.umplificator.parser.JavaParser - 1569614683850,1,Umplificator_traces.ump,13,JavaParser,2107853606,me_e,parseUnit,Parsing Compilation Unit
2019-09-27 16:04:43.851 [main] DEBUG cruise.umplificator.visitor.JavaClassVisitor - -Visiting PackageDeclaration-com.sleepycat.je.recovery
2019-09-27 16:04:43.852 [main] DEBUG cruise.umplificator.visitor.JavaClassVisitor - Visiting TypeDeclarations-Checkpointer
2019-09-27 16:04:43.852 [main] DEBUG cruise.umplificator.visitor.JavaClassVisitor - Visiting MethodDeclarations-hook520
2019-09-27 16:04:43.852 [main] DEBUG cruise.umplificator.parser.JavaParser - 1569614683852,1,Umplificator_traces.ump,14,JavaParser,2107853606,me_x,parseUnit,Initializing Java Visitor for Compilation Unit
2019-09-27 16:04:43.852 [main] DEBUG cruise.umplificator.parser.JavaParser - 1569614683852,1,Umplificator_traces.ump,13,JavaParser,281312377,me_e,parseUnit,Parsing Compilation Unit
2019-09-27 16:04:43.854 [main] DEBUG cruise.umplificator.visitor.JavaClassVisitor - -Visiting PackageDeclaration-com.sleepycat.je.dbi
2019-09-27 16:04:43.854 [main] DEBUG cruise.umplificator.visitor.JavaClassVisitor - Visiting TypeDeclarations-CursorImpl
2019-09-27 16:04:43.854 [main] DEBUG cruise.umplificator.visitor.JavaClassVisitor - Visiting MethodDeclarations-hook203
2019-09-27 16:04:43.854 [main] DEBUG cruise.umplificator.visitor.JavaClassVisitor - Visiting MethodDeclarations-reset
2019-09-27 16:04:43.854 [main] DEBUG cruise.umplificator.visitor.JavaClassVisitor - Visiting MethodDeclarations-close
2019-09-27 16:04:43.854 [main] DEBUG cruise.umplificator.parser.JavaParser - 1569614683854,1,Umplificator_traces.ump,14,JavaParser,281312377,me_x,parseUnit,Initializing Java Visitor for Compilation Unit
2019-09-27 16:04:43.855 [main] DEBUG cruise.umplificator.parser.JavaParser - 1569614683855,1,Umplificator_traces.ump,13,JavaParser,992302041,me_e,parseUnit,Parsing Compilation Unit
2019-09-27 16:04:43.856 [main] DEBUG cruise.umplificator.visitor.JavaClassVisitor - -Visiting PackageDeclaration-com.sleepycat.je.evictor
2019-09-27 16:04:43.856 [main] DEBUG cruise.umplificator.visitor.JavaClassVisitor - Visiting TypeDeclarations-Evictor
2019-09-27 16:04:43.856 [main] DEBUG cruise.umplificator.visitor.JavaClassVisitor - Visiting MethodDeclarations-doCriticalEviction
2019-09-27 16:04:43.856 [main] DEBUG cruise.umplificator.parser.JavaParser - 1569614683856,1,Umplificator_traces.ump,14,JavaParser,992302041,me_x,parseUnit,Initializing Java Visitor for Compilation Unit
2019-09-27 16:04:43.857 [main] DEBUG cruise.umplificator.parser.JavaParser - 1569614683857,1,Umplificator_traces.ump,13,JavaParser,1967118241,me_e,parseUnit,Parsing Compilation Unit
2019-09-27 16:04:43.858 [main] DEBUG cruise.umplificator.visitor.JavaClassVisitor - -Visiting PackageDeclaration-com.sleepycat.je.cleaner
2019-09-27 16:04:43.858 [main] DEBUG cruise.umplificator.visitor.JavaClassVisitor - Visiting TypeDeclarations-Cleaner
2019-09-27 16:04:43.858 [main] DEBUG cruise.umplificator.parser.JavaParser - 1569614683858,1,Umplificator_traces.ump,14,JavaParser,1967118241,me_x,parseUnit,Initializing Java Visitor for Compilation Unit
2019-09-27 16:04:43.858 [main] DEBUG cruise.umplificator.parser.JavaParser - 1569614683858,1,Umplificator_traces.ump,13,JavaParser,312629339,me_e,parseUnit,Parsing Compilation Unit
2019-09-27 16:04:43.859 [main] DEBUG cruise.umplificator.visitor.JavaClassVisitor - -Visiting PackageDeclaration-com.sleepycat.je.cleaner
2019-09-27 16:04:43.860 [main] DEBUG cruise.umplificator.visitor.JavaClassVisitor - Visiting TypeDeclarations-UtilizationProfile
2019-09-27 16:04:43.860 [main] DEBUG cruise.umplificator.visitor.JavaClassVisitor - Visiting MethodDeclarations-hook173
2019-09-27 16:04:43.860 [main] DEBUG cruise.umplificator.visitor.JavaClassVisitor - Visiting MethodDeclarations-hook174
2019-09-27 16:04:43.860 [main] DEBUG cruise.umplificator.visitor.JavaClassVisitor - Visiting MethodDeclarations-hook175
2019-09-27 16:04:43.860 [main] DEBUG cruise.umplificator.parser.JavaParser - 1569614683860,1,Umplificator_traces.ump,14,JavaParser,312629339,me_x,parseUnit,Initializing Java Visitor for Compilation Unit
2019-09-27 16:04:43.860 [main] DEBUG cruise.umplificator.parser.JavaParser - 1569614683860,1,Umplificator_traces.ump,13,JavaParser,565627330,me_e,parseUnit,Parsing Compilation Unit
2019-09-27 16:04:43.861 [main] DEBUG cruise.umplificator.visitor.JavaClassVisitor - -Visiting PackageDeclaration-com.sleepycat.je.cleaner
2019-09-27 16:04:43.861 [main] DEBUG cruise.umplificator.visitor.JavaClassVisitor - Visiting TypeDeclarations-FileProcessor
2019-09-27 16:04:43.861 [main] DEBUG cruise.umplificator.parser.JavaParser - 1569614683861,1,Umplificator_traces.ump,14,JavaParser,565627330,me_x,parseUnit,Initializing Java Visitor for Compilation Unit
2019-09-27 16:04:43.862 [main] INFO  cruise.umplificator.core.Umplificator - Umplification process completed for Checkpointer.java!
2019-09-27 16:04:43.885 [main] DEBUG cruise.umplificator.FileHelper - --UmpleClass has been created fornull/FileProcessor.ump--
2019-09-27 16:04:43.907 [main] DEBUG cruise.umplificator.FileHelper - --UmpleClass has been created fornull/UtilizationProfile.ump--
2019-09-27 16:04:43.908 [main] DEBUG cruise.umplificator.FileHelper - --UmpleClass has been created fornull/Cleaner.ump--
2019-09-27 16:04:43.912 [main] DEBUG cruise.umplificator.FileHelper - --UmpleClass has been created fornull/Evictor.ump--
2019-09-27 16:04:43.918 [main] DEBUG cruise.umplificator.FileHelper - --UmpleClass has been created fornull/CursorImpl.ump--
2019-09-27 16:04:43.921 [main] DEBUG cruise.umplificator.FileHelper - --UmpleClass has been created fornull/Checkpointer.ump--
2019-09-27 16:04:43.922 [main] DEBUG cruise.umplificator.core.Umplificator - Elapsed Time : 1845
2019-09-27 16:04:43.922 [main] DEBUG cruise.umplificator.core.Umplificator - Stop Time : start[1569614682076] time[1845] tag[model]
2019-09-27 16:04:43.922 [main] INFO  cruise.umplificator.UmplificatorMain - Success!
