2019-09-27 15:30:43.020 [main] DEBUG cruise.umplificator.UmplificatorMain - Configure Logger from log4j.properties
2019-09-27 15:30:43.027 [main] DEBUG cruise.umplificator.UmplificatorMain - Umplification process started!
2019-09-27 15:30:43.030 [main] DEBUG cruise.umplificator.core.Umplificator - start time : 1569612643030
2019-09-27 15:30:43.030 [main] INFO  cruise.umplificator.FileHelper - 
Files to be umplified: 
EnvironmentParams.java
Tree.java
IN.java
EnvironmentImpl.java
Txn.java
RecoveryManager.java

-----------------------
2019-09-27 15:30:43.038 [main] DEBUG cruise.umplificator.rules.RuleRunner - 1569612643038,1,Umplificator_traces.ump,24,RuleRunner,1894369629,me_e,RuleRunner,Instantiate RuleRunner- Resources, FileSystem and Repository created
2019-09-27 15:30:43.039 [main] DEBUG cruise.umplificator.rules.RuleRunner - 1569612643039,1,Umplificator_traces.ump,24,RuleRunner,1894369629,me_e,RuleRunner,Instantiate RuleRunner- Resources, FileSystem and Repository created
2019-09-27 15:30:43.050 [main] DEBUG cruise.umplificator.rules.RuleService - 1569612643050,1,Umplificator_traces.ump,20,RuleService,20224131,me_e,startRuleEngine,RuleService.startRuleEngine
2019-09-27 15:30:43.050 [main] DEBUG cruise.umplificator.rules.RuleRunner - 1569612643050,1,Umplificator_traces.ump,25,RuleRunner,1894369629,me_e,addRuleFile,RuleRunner.addRuleFile - Add Rule Files to Session
2019-09-27 15:30:44.588 [main] DEBUG cruise.umplificator.rules.RuleRunner - 1569612644588,1,Umplificator_traces.ump,28,RuleRunner,1894369629,me_e,insertUmpleModel,RuleRunner.insertUmpleModel - Insert Umple Model into working memory
2019-09-27 15:30:44.590 [main] DEBUG cruise.umplificator.core.Umplificator - Input language is: .java
2019-09-27 15:30:44.591 [main] INFO  cruise.umplificator.core.Umplificator - Attempting Umplification of EnvironmentParams.java
2019-09-27 15:30:44.597 [main] DEBUG cruise.umplificator.core.Umplificator - ---Input---
2019-09-27 15:30:44.597 [main] DEBUG cruise.umplificator.core.Umplificator - package com.sleepycat.je.config;
public class EnvironmentParams {
  public static final ConfigParam JE_LOGGING_LEVEL_LOCKMGR=new ConfigParam("java.util.logging.level.lockMgr","FINE",false,"# Lock manager specific trace messages will be issued at this level.\n" + "# Value should be one of the predefined java.util.logging.Level values");
}

2019-09-27 15:30:44.597 [main] DEBUG cruise.umplificator.parser.JavaParser - 1569612644597,1,Umplificator_traces.ump,13,JavaParser,2081501023,me_e,parseUnit,Parsing Compilation Unit
2019-09-27 15:30:44.724 [main] DEBUG cruise.umplificator.visitor.JavaClassVisitor - -Visiting PackageDeclaration-com.sleepycat.je.config
2019-09-27 15:30:44.725 [main] DEBUG cruise.umplificator.visitor.JavaClassVisitor - Visiting TypeDeclarations-EnvironmentParams
2019-09-27 15:30:44.725 [main] DEBUG cruise.umplificator.visitor.JavaClassVisitor - Visiting FieldDeclarations-public static final ConfigParam JE_LOGGING_LEVEL_LOCKMGR=new ConfigParam("java.util.logging.level.lockMgr","FINE",false,"# Lock manager specific trace messages will be issued at this level.\n" + "# Value should be one of the predefined java.util.logging.Level values");

2019-09-27 15:30:44.725 [main] DEBUG cruise.umplificator.parser.JavaParser - 1569612644725,1,Umplificator_traces.ump,14,JavaParser,2081501023,me_x,parseUnit,Initializing Java Visitor for Compilation Unit
2019-09-27 15:30:44.726 [main] DEBUG cruise.umplificator.rules.RuleRunner - 1569612644725,1,Umplificator_traces.ump,26,RuleRunner,1894369629,me_e,insertJavaElements,RuleRunner.insertJavaElements - Insert Java elements into working memory
2019-09-27 15:30:44.726 [main] DEBUG cruise.umplificator.rules.RuleRunner - 1569612644726,1,Umplificator_traces.ump,30,RuleRunner,1894369629,me_e,fireAllRules,RuleRunner.fireAllRules - Fire rules
2019-09-27 15:30:44.727 [main] DEBUG cruise.umplificator.rules.RuleRunner - RuleRunner.fireAllRules - Fire rules LEVEL3
2019-09-27 15:30:44.727 [main] DEBUG cruise.umplificator.rules.RuleRunner - RuleRunner.fireAllRules - Fire rules LEVEL2
2019-09-27 15:30:44.727 [main] DEBUG cruise.umplificator.rules.RuleRunner - RuleRunner.fireAllRules - Fire rules LEVEL2.1
2019-09-27 15:30:44.727 [main] DEBUG cruise.umplificator.rules.RuleRunner - RuleRunner.fireAllRules - Fire rules LEVEL1
2019-09-27 15:30:44.781 [main] DEBUG cruise.umplificator.parser.JavaParser - 1569612644781,1,Umplificator_traces.ump,13,JavaParser,495984416,me_e,parseUnit,Parsing Compilation Unit
2019-09-27 15:30:44.784 [main] DEBUG cruise.umplificator.visitor.JavaClassVisitor - -Visiting PackageDeclaration-com.sleepycat.je.config
2019-09-27 15:30:44.784 [main] DEBUG cruise.umplificator.visitor.JavaClassVisitor - Visiting TypeDeclarations-EnvironmentParams
2019-09-27 15:30:44.784 [main] DEBUG cruise.umplificator.visitor.JavaClassVisitor - Visiting FieldDeclarations-public static final ConfigParam JE_LOGGING_LEVEL_LOCKMGR=new ConfigParam("java.util.logging.level.lockMgr","FINE",false,"# Lock manager specific trace messages will be issued at this level.\n" + "# Value should be one of the predefined java.util.logging.Level values");

2019-09-27 15:30:44.784 [main] DEBUG cruise.umplificator.parser.JavaParser - 1569612644784,1,Umplificator_traces.ump,14,JavaParser,495984416,me_x,parseUnit,Initializing Java Visitor for Compilation Unit
2019-09-27 15:30:44.788 [main] INFO  cruise.umplificator.core.Umplificator - Umplification process completed for EnvironmentParams.java!
2019-09-27 15:30:44.789 [main] DEBUG cruise.umplificator.core.Umplificator - Input language is: .java
2019-09-27 15:30:44.789 [main] INFO  cruise.umplificator.core.Umplificator - Attempting Umplification of Tree.java
2019-09-27 15:30:44.790 [main] DEBUG cruise.umplificator.core.Umplificator - ---Input---
2019-09-27 15:30:44.790 [main] DEBUG cruise.umplificator.core.Umplificator - // Original file location:  /home/abdulaziz/Desktop/BerkeleyDb/ALL_FEATURE/features/LoggingFine/com/sleepycat/je/tree/Tree.java
package com.sleepycat.je.tree;
public final class Tree {
  /** 
 * Send trace messages to the java.util.logger. Don't rely on the logger
 * alone to conditionalize whether we send this message, we don't even want
 * to construct the message if the level is not enabled.
 */
  private void traceSplitRoot(  Level level,  String splitType,  IN newRoot,  long newRootLsn,  IN oldRoot,  long oldRootLsn){
    new Tree_traceSplitRoot(this,level,splitType,newRoot,newRootLsn,oldRoot,oldRootLsn).execute();
  }
  /** 
 * Send trace messages to the java.util.logger. Don't rely on the logger
 * alone to conditionalize whether we send this message, we don't even want
 * to construct the message if the level is not enabled.
 */
  private void traceMutate(  Level level,  BIN theBin,  LN existingLn,  LN newLn,  long newLsn,  DupCountLN dupCountLN,  long dupRootLsn,  DIN dupRoot,  long ddinLsn,  DBIN dupBin,  long dbinLsn){
    new Tree_traceMutate(this,level,theBin,existingLn,newLn,newLsn,dupCountLN,dupRootLsn,dupRoot,ddinLsn,dupBin,dbinLsn).execute();
  }
  protected void hook661() throws DatabaseException, NodeNotEmptyException, CursorsExistException {
    RecoveryManager.traceRootDeletion(Level.FINE,database);
    original();
  }
  protected void hook662(  IN curRoot,  long curRootLsn,  long logLsn,  IN newRoot) throws DatabaseException {
    traceSplitRoot(Level.FINE,TRACE_ROOT_SPLIT,newRoot,logLsn,curRoot,curRootLsn);
    original(curRoot,curRootLsn,logLsn,newRoot);
  }
  protected void hook663(  DIN curRoot,  DIN newRoot,  long curRootLsn,  long logLsn) throws DatabaseException {
    traceSplitRoot(Level.FINE,TRACE_DUP_ROOT_SPLIT,newRoot,logLsn,curRoot,curRootLsn);
    original(curRoot,newRoot,curRootLsn,logLsn);
  }
  protected void hook664(  LN newLN,  DIN dupRoot,  DBIN dupBin,  BIN bin,  LN existingLN,  DupCountLN dupCountLN,  long dbinLsn,  long dinLsn,  long dupCountLsn,  long newLsn) throws DatabaseException {
    traceMutate(Level.FINE,bin,existingLN,newLN,newLsn,dupCountLN,dupCountLsn,dupRoot,dinLsn,dupBin,dbinLsn);
    original(newLN,dupRoot,dupBin,bin,existingLN,dupCountLN,dbinLsn,dinLsn,dupCountLsn,newLsn);
  }
  protected void hook665(  IN subtreeRoot) throws DatabaseException {
    Tracer.trace(Level.FINE,database.getDbEnvironment(),"SubtreeRemoval: subtreeRoot = " + subtreeRoot.getNodeId());
    original(subtreeRoot);
  }
// START_OF_INNER_ELEMENT 
// @MethodObject static class Tree_traceMutate {
//     Tree_traceMutate(    Tree _this,    Level level,    BIN theBin,    LN existingLn,    LN newLn,    long newLsn,    DupCountLN dupCountLN,    long dupRootLsn,    DIN dupRoot,    long ddinLsn,    DBIN dupBin,    long dbinLsn){
//       this._this=_this;
//       this.level=level;
//       this.theBin=theBin;
//       this.existingLn=existingLn;
//       this.newLn=newLn;
//       this.newLsn=newLsn;
//       this.dupCountLN=dupCountLN;
//       this.dupRootLsn=dupRootLsn;
//       this.dupRoot=dupRoot;
//       this.ddinLsn=ddinLsn;
//       this.dupBin=dupBin;
//       this.dbinLsn=dbinLsn;
//     }
//     void execute(){
//     }
//     protected Tree _this;
//     protected Level level;
//     protected BIN theBin;
//     protected LN existingLn;
//     protected LN newLn;
//     protected long newLsn;
//     protected DupCountLN dupCountLN;
//     protected long dupRootLsn;
//     protected DIN dupRoot;
//     protected long ddinLsn;
//     protected DBIN dupBin;
//     protected long dbinLsn;
//     protected Logger logger;
//     protected StringBuffer sb;
//   }
// END_OF_INNER_ELEMENT 
// START_OF_INNER_ELEMENT 
// @MethodObject static class Tree_traceSplitRoot {
//     Tree_traceSplitRoot(    Tree _this,    Level level,    String splitType,    IN newRoot,    long newRootLsn,    IN oldRoot,    long oldRootLsn){
//       this._this=_this;
//       this.level=level;
//       this.splitType=splitType;
//       this.newRoot=newRoot;
//       this.newRootLsn=newRootLsn;
//       this.oldRoot=oldRoot;
//       this.oldRootLsn=oldRootLsn;
//     }
//     void execute(){
//     }
//     protected Tree _this;
//     protected Level level;
//     protected String splitType;
//     protected IN newRoot;
//     protected long newRootLsn;
//     protected IN oldRoot;
//     protected long oldRootLsn;
//     protected Logger logger;
//     protected StringBuffer sb;
//   }
// END_OF_INNER_ELEMENT 
}

2019-09-27 15:30:44.790 [main] DEBUG cruise.umplificator.parser.JavaParser - 1569612644790,1,Umplificator_traces.ump,13,JavaParser,313881452,me_e,parseUnit,Parsing Compilation Unit
2019-09-27 15:30:44.814 [main] DEBUG cruise.umplificator.visitor.JavaClassVisitor - -Visiting PackageDeclaration-com.sleepycat.je.tree
2019-09-27 15:30:44.815 [main] DEBUG cruise.umplificator.visitor.JavaClassVisitor - Visiting TypeDeclarations-Tree
2019-09-27 15:30:44.815 [main] DEBUG cruise.umplificator.visitor.JavaClassVisitor - Visiting MethodDeclarations-traceSplitRoot
2019-09-27 15:30:44.815 [main] DEBUG cruise.umplificator.visitor.JavaClassVisitor - Visiting MethodDeclarations-traceMutate
2019-09-27 15:30:44.817 [main] DEBUG cruise.umplificator.visitor.JavaClassVisitor - Visiting MethodDeclarations-hook661
2019-09-27 15:30:44.817 [main] DEBUG cruise.umplificator.visitor.JavaClassVisitor - Visiting MethodDeclarations-hook662
2019-09-27 15:30:44.817 [main] DEBUG cruise.umplificator.visitor.JavaClassVisitor - Visiting MethodDeclarations-hook663
2019-09-27 15:30:44.817 [main] DEBUG cruise.umplificator.visitor.JavaClassVisitor - Visiting MethodDeclarations-hook664
2019-09-27 15:30:44.817 [main] DEBUG cruise.umplificator.visitor.JavaClassVisitor - Visiting MethodDeclarations-hook665
2019-09-27 15:30:44.817 [main] DEBUG cruise.umplificator.parser.JavaParser - 1569612644817,1,Umplificator_traces.ump,14,JavaParser,313881452,me_x,parseUnit,Initializing Java Visitor for Compilation Unit
2019-09-27 15:30:44.817 [main] DEBUG cruise.umplificator.rules.RuleRunner - 1569612644817,1,Umplificator_traces.ump,26,RuleRunner,1894369629,me_e,insertJavaElements,RuleRunner.insertJavaElements - Insert Java elements into working memory
2019-09-27 15:30:44.818 [main] DEBUG cruise.umplificator.rules.RuleRunner - 1569612644818,1,Umplificator_traces.ump,30,RuleRunner,1894369629,me_e,fireAllRules,RuleRunner.fireAllRules - Fire rules
2019-09-27 15:30:44.819 [main] DEBUG cruise.umplificator.rules.RuleRunner - RuleRunner.fireAllRules - Fire rules LEVEL3
2019-09-27 15:30:44.819 [main] DEBUG cruise.umplificator.rules.RuleRunner - RuleRunner.fireAllRules - Fire rules LEVEL2
2019-09-27 15:30:44.819 [main] DEBUG cruise.umplificator.rules.RuleRunner - RuleRunner.fireAllRules - Fire rules LEVEL2.1
2019-09-27 15:30:44.819 [main] DEBUG cruise.umplificator.rules.RuleRunner - RuleRunner.fireAllRules - Fire rules LEVEL1
2019-09-27 15:30:44.821 [main] DEBUG cruise.umplificator.parser.JavaParser - 1569612644821,1,Umplificator_traces.ump,13,JavaParser,1898730595,me_e,parseUnit,Parsing Compilation Unit
2019-09-27 15:30:44.837 [main] DEBUG cruise.umplificator.visitor.JavaClassVisitor - -Visiting PackageDeclaration-com.sleepycat.je.tree
2019-09-27 15:30:44.838 [main] DEBUG cruise.umplificator.visitor.JavaClassVisitor - Visiting TypeDeclarations-Tree
2019-09-27 15:30:44.838 [main] DEBUG cruise.umplificator.visitor.JavaClassVisitor - Visiting MethodDeclarations-traceSplitRoot
2019-09-27 15:30:44.838 [main] DEBUG cruise.umplificator.visitor.JavaClassVisitor - Visiting MethodDeclarations-traceMutate
2019-09-27 15:30:44.838 [main] DEBUG cruise.umplificator.visitor.JavaClassVisitor - Visiting MethodDeclarations-hook661
2019-09-27 15:30:44.838 [main] DEBUG cruise.umplificator.visitor.JavaClassVisitor - Visiting MethodDeclarations-hook662
2019-09-27 15:30:44.838 [main] DEBUG cruise.umplificator.visitor.JavaClassVisitor - Visiting MethodDeclarations-hook663
2019-09-27 15:30:44.838 [main] DEBUG cruise.umplificator.visitor.JavaClassVisitor - Visiting MethodDeclarations-hook664
2019-09-27 15:30:44.838 [main] DEBUG cruise.umplificator.visitor.JavaClassVisitor - Visiting MethodDeclarations-hook665
2019-09-27 15:30:44.839 [main] DEBUG cruise.umplificator.parser.JavaParser - 1569612644839,1,Umplificator_traces.ump,14,JavaParser,1898730595,me_x,parseUnit,Initializing Java Visitor for Compilation Unit
2019-09-27 15:30:44.840 [main] DEBUG cruise.umplificator.parser.JavaParser - 1569612644840,1,Umplificator_traces.ump,13,JavaParser,1832101486,me_e,parseUnit,Parsing Compilation Unit
2019-09-27 15:30:44.851 [main] DEBUG cruise.umplificator.visitor.JavaClassVisitor - -Visiting PackageDeclaration-com.sleepycat.je.tree
2019-09-27 15:30:44.851 [main] DEBUG cruise.umplificator.visitor.JavaClassVisitor - Visiting TypeDeclarations-Tree
2019-09-27 15:30:44.852 [main] DEBUG cruise.umplificator.visitor.JavaClassVisitor - Visiting MethodDeclarations-traceSplitRoot
2019-09-27 15:30:44.852 [main] DEBUG cruise.umplificator.visitor.JavaClassVisitor - Visiting MethodDeclarations-traceMutate
2019-09-27 15:30:44.852 [main] DEBUG cruise.umplificator.visitor.JavaClassVisitor - Visiting MethodDeclarations-hook661
2019-09-27 15:30:44.852 [main] DEBUG cruise.umplificator.visitor.JavaClassVisitor - Visiting MethodDeclarations-hook662
2019-09-27 15:30:44.852 [main] DEBUG cruise.umplificator.visitor.JavaClassVisitor - Visiting MethodDeclarations-hook663
2019-09-27 15:30:44.852 [main] DEBUG cruise.umplificator.visitor.JavaClassVisitor - Visiting MethodDeclarations-hook664
2019-09-27 15:30:44.852 [main] DEBUG cruise.umplificator.visitor.JavaClassVisitor - Visiting MethodDeclarations-hook665
2019-09-27 15:30:44.853 [main] DEBUG cruise.umplificator.parser.JavaParser - 1569612644853,1,Umplificator_traces.ump,14,JavaParser,1832101486,me_x,parseUnit,Initializing Java Visitor for Compilation Unit
2019-09-27 15:30:44.853 [main] DEBUG cruise.umplificator.parser.JavaParser - 1569612644853,1,Umplificator_traces.ump,13,JavaParser,789885174,me_e,parseUnit,Parsing Compilation Unit
2019-09-27 15:30:44.855 [main] DEBUG cruise.umplificator.visitor.JavaClassVisitor - -Visiting PackageDeclaration-com.sleepycat.je.config
2019-09-27 15:30:44.855 [main] DEBUG cruise.umplificator.visitor.JavaClassVisitor - Visiting TypeDeclarations-EnvironmentParams
2019-09-27 15:30:44.855 [main] DEBUG cruise.umplificator.visitor.JavaClassVisitor - Visiting FieldDeclarations-public static final ConfigParam JE_LOGGING_LEVEL_LOCKMGR=new ConfigParam("java.util.logging.level.lockMgr","FINE",false,"# Lock manager specific trace messages will be issued at this level.\n" + "# Value should be one of the predefined java.util.logging.Level values");

2019-09-27 15:30:44.855 [main] DEBUG cruise.umplificator.parser.JavaParser - 1569612644855,1,Umplificator_traces.ump,14,JavaParser,789885174,me_x,parseUnit,Initializing Java Visitor for Compilation Unit
2019-09-27 15:30:44.862 [main] INFO  cruise.umplificator.core.Umplificator - Umplification process completed for Tree.java!
2019-09-27 15:30:44.863 [main] DEBUG cruise.umplificator.core.Umplificator - Input language is: .java
2019-09-27 15:30:44.863 [main] INFO  cruise.umplificator.core.Umplificator - Attempting Umplification of IN.java
2019-09-27 15:30:44.863 [main] DEBUG cruise.umplificator.core.Umplificator - ---Input---
2019-09-27 15:30:44.864 [main] DEBUG cruise.umplificator.core.Umplificator - // Original file location:  /home/abdulaziz/Desktop/BerkeleyDb/ALL_FEATURE/features/LoggingFine/com/sleepycat/je/tree/IN.java
package com.sleepycat.je.tree;
public class IN {
  /** 
 * Send trace messages to the java.util.logger. Don't rely on the logger
 * alone to conditionalize whether we send this message, we don't even want
 * to construct the message if the level is not enabled.
 */
  private void traceSplit(  Level level,  IN parent,  IN newSibling,  long parentLsn,  long myNewLsn,  long newSiblingLsn,  int splitIndex,  int idKeyIndex,  int childIndex){
    new IN_traceSplit(this,level,parent,newSibling,parentLsn,myNewLsn,newSiblingLsn,splitIndex,idKeyIndex,childIndex).execute();
  }
// START_OF_INNER_ELEMENT 
// @MethodObject static class IN_traceSplit {
//     IN_traceSplit(    IN _this,    Level level,    IN parent,    IN newSibling,    long parentLsn,    long myNewLsn,    long newSiblingLsn,    int splitIndex,    int idKeyIndex,    int childIndex){
//       this._this=_this;
//       this.level=level;
//       this.parent=parent;
//       this.newSibling=newSibling;
//       this.parentLsn=parentLsn;
//       this.myNewLsn=myNewLsn;
//       this.newSiblingLsn=newSiblingLsn;
//       this.splitIndex=splitIndex;
//       this.idKeyIndex=idKeyIndex;
//       this.childIndex=childIndex;
//     }
//     void execute(){
//     }
//     protected IN _this;
//     protected Level level;
//     protected IN parent;
//     protected IN newSibling;
//     protected long parentLsn;
//     protected long myNewLsn;
//     protected long newSiblingLsn;
//     protected int splitIndex;
//     protected int idKeyIndex;
//     protected int childIndex;
//     protected Logger logger;
//     protected StringBuffer sb;
//   }
// END_OF_INNER_ELEMENT 
// START_OF_INNER_ELEMENT 
// @MethodObject static class IN_splitInternal {
//     protected void hook617() throws DatabaseException {
//       _this.traceSplit(Level.FINE,parent,newSibling,parentLsn,myNewLsn,newSiblingLsn,splitIndex,idKeyIndex,childIndex);
//       original();
//     }
//   }
// END_OF_INNER_ELEMENT 
}

2019-09-27 15:30:44.864 [main] DEBUG cruise.umplificator.parser.JavaParser - 1569612644864,1,Umplificator_traces.ump,13,JavaParser,2044211046,me_e,parseUnit,Parsing Compilation Unit
2019-09-27 15:30:44.867 [main] DEBUG cruise.umplificator.visitor.JavaClassVisitor - -Visiting PackageDeclaration-com.sleepycat.je.tree
2019-09-27 15:30:44.867 [main] DEBUG cruise.umplificator.visitor.JavaClassVisitor - Visiting TypeDeclarations-IN
2019-09-27 15:30:44.867 [main] DEBUG cruise.umplificator.visitor.JavaClassVisitor - Visiting MethodDeclarations-traceSplit
2019-09-27 15:30:44.868 [main] DEBUG cruise.umplificator.parser.JavaParser - 1569612644868,1,Umplificator_traces.ump,14,JavaParser,2044211046,me_x,parseUnit,Initializing Java Visitor for Compilation Unit
2019-09-27 15:30:44.868 [main] DEBUG cruise.umplificator.rules.RuleRunner - 1569612644868,1,Umplificator_traces.ump,26,RuleRunner,1894369629,me_e,insertJavaElements,RuleRunner.insertJavaElements - Insert Java elements into working memory
2019-09-27 15:30:44.868 [main] DEBUG cruise.umplificator.rules.RuleRunner - 1569612644868,1,Umplificator_traces.ump,30,RuleRunner,1894369629,me_e,fireAllRules,RuleRunner.fireAllRules - Fire rules
2019-09-27 15:30:44.868 [main] DEBUG cruise.umplificator.rules.RuleRunner - RuleRunner.fireAllRules - Fire rules LEVEL3
2019-09-27 15:30:44.868 [main] DEBUG cruise.umplificator.rules.RuleRunner - RuleRunner.fireAllRules - Fire rules LEVEL2
2019-09-27 15:30:44.868 [main] DEBUG cruise.umplificator.rules.RuleRunner - RuleRunner.fireAllRules - Fire rules LEVEL2.1
2019-09-27 15:30:44.868 [main] DEBUG cruise.umplificator.rules.RuleRunner - RuleRunner.fireAllRules - Fire rules LEVEL1
2019-09-27 15:30:44.869 [main] DEBUG cruise.umplificator.parser.JavaParser - 1569612644869,1,Umplificator_traces.ump,13,JavaParser,1845746463,me_e,parseUnit,Parsing Compilation Unit
2019-09-27 15:30:44.872 [main] DEBUG cruise.umplificator.visitor.JavaClassVisitor - -Visiting PackageDeclaration-com.sleepycat.je.tree
2019-09-27 15:30:44.872 [main] DEBUG cruise.umplificator.visitor.JavaClassVisitor - Visiting TypeDeclarations-IN
2019-09-27 15:30:44.872 [main] DEBUG cruise.umplificator.visitor.JavaClassVisitor - Visiting MethodDeclarations-traceSplit
2019-09-27 15:30:44.873 [main] DEBUG cruise.umplificator.parser.JavaParser - 1569612644873,1,Umplificator_traces.ump,14,JavaParser,1845746463,me_x,parseUnit,Initializing Java Visitor for Compilation Unit
2019-09-27 15:30:44.873 [main] DEBUG cruise.umplificator.parser.JavaParser - 1569612644873,1,Umplificator_traces.ump,13,JavaParser,201245433,me_e,parseUnit,Parsing Compilation Unit
2019-09-27 15:30:44.878 [main] DEBUG cruise.umplificator.visitor.JavaClassVisitor - -Visiting PackageDeclaration-com.sleepycat.je.tree
2019-09-27 15:30:44.878 [main] DEBUG cruise.umplificator.visitor.JavaClassVisitor - Visiting TypeDeclarations-IN
2019-09-27 15:30:44.878 [main] DEBUG cruise.umplificator.visitor.JavaClassVisitor - Visiting MethodDeclarations-traceSplit
2019-09-27 15:30:44.878 [main] DEBUG cruise.umplificator.parser.JavaParser - 1569612644878,1,Umplificator_traces.ump,14,JavaParser,201245433,me_x,parseUnit,Initializing Java Visitor for Compilation Unit
2019-09-27 15:30:44.879 [main] DEBUG cruise.umplificator.parser.JavaParser - 1569612644879,1,Umplificator_traces.ump,13,JavaParser,1888400144,me_e,parseUnit,Parsing Compilation Unit
2019-09-27 15:30:44.882 [main] DEBUG cruise.umplificator.visitor.JavaClassVisitor - -Visiting PackageDeclaration-com.sleepycat.je.tree
2019-09-27 15:30:44.882 [main] DEBUG cruise.umplificator.visitor.JavaClassVisitor - Visiting TypeDeclarations-IN
2019-09-27 15:30:44.882 [main] DEBUG cruise.umplificator.visitor.JavaClassVisitor - Visiting MethodDeclarations-traceSplit
2019-09-27 15:30:44.882 [main] DEBUG cruise.umplificator.parser.JavaParser - 1569612644882,1,Umplificator_traces.ump,14,JavaParser,1888400144,me_x,parseUnit,Initializing Java Visitor for Compilation Unit
2019-09-27 15:30:44.883 [main] DEBUG cruise.umplificator.parser.JavaParser - 1569612644883,1,Umplificator_traces.ump,13,JavaParser,1857852787,me_e,parseUnit,Parsing Compilation Unit
2019-09-27 15:30:44.891 [main] DEBUG cruise.umplificator.visitor.JavaClassVisitor - -Visiting PackageDeclaration-com.sleepycat.je.tree
2019-09-27 15:30:44.891 [main] DEBUG cruise.umplificator.visitor.JavaClassVisitor - Visiting TypeDeclarations-Tree
2019-09-27 15:30:44.891 [main] DEBUG cruise.umplificator.visitor.JavaClassVisitor - Visiting MethodDeclarations-traceSplitRoot
2019-09-27 15:30:44.891 [main] DEBUG cruise.umplificator.visitor.JavaClassVisitor - Visiting MethodDeclarations-traceMutate
2019-09-27 15:30:44.893 [main] DEBUG cruise.umplificator.visitor.JavaClassVisitor - Visiting MethodDeclarations-hook661
2019-09-27 15:30:44.894 [main] DEBUG cruise.umplificator.visitor.JavaClassVisitor - Visiting MethodDeclarations-hook662
2019-09-27 15:30:44.894 [main] DEBUG cruise.umplificator.visitor.JavaClassVisitor - Visiting MethodDeclarations-hook663
2019-09-27 15:30:44.894 [main] DEBUG cruise.umplificator.visitor.JavaClassVisitor - Visiting MethodDeclarations-hook664
2019-09-27 15:30:44.894 [main] DEBUG cruise.umplificator.visitor.JavaClassVisitor - Visiting MethodDeclarations-hook665
2019-09-27 15:30:44.894 [main] DEBUG cruise.umplificator.parser.JavaParser - 1569612644894,1,Umplificator_traces.ump,14,JavaParser,1857852787,me_x,parseUnit,Initializing Java Visitor for Compilation Unit
2019-09-27 15:30:44.894 [main] DEBUG cruise.umplificator.parser.JavaParser - 1569612644894,1,Umplificator_traces.ump,13,JavaParser,513241240,me_e,parseUnit,Parsing Compilation Unit
2019-09-27 15:30:44.897 [main] DEBUG cruise.umplificator.visitor.JavaClassVisitor - -Visiting PackageDeclaration-com.sleepycat.je.config
2019-09-27 15:30:44.897 [main] DEBUG cruise.umplificator.visitor.JavaClassVisitor - Visiting TypeDeclarations-EnvironmentParams
2019-09-27 15:30:44.897 [main] DEBUG cruise.umplificator.visitor.JavaClassVisitor - Visiting FieldDeclarations-public static final ConfigParam JE_LOGGING_LEVEL_LOCKMGR=new ConfigParam("java.util.logging.level.lockMgr","FINE",false,"# Lock manager specific trace messages will be issued at this level.\n" + "# Value should be one of the predefined java.util.logging.Level values");

2019-09-27 15:30:44.897 [main] DEBUG cruise.umplificator.parser.JavaParser - 1569612644897,1,Umplificator_traces.ump,14,JavaParser,513241240,me_x,parseUnit,Initializing Java Visitor for Compilation Unit
2019-09-27 15:30:44.898 [main] INFO  cruise.umplificator.core.Umplificator - Umplification process completed for IN.java!
2019-09-27 15:30:44.899 [main] DEBUG cruise.umplificator.core.Umplificator - Input language is: .java
2019-09-27 15:30:44.899 [main] INFO  cruise.umplificator.core.Umplificator - Attempting Umplification of EnvironmentImpl.java
2019-09-27 15:30:44.900 [main] DEBUG cruise.umplificator.core.Umplificator - ---Input---
2019-09-27 15:30:44.900 [main] DEBUG cruise.umplificator.core.Umplificator - package com.sleepycat.je.dbi;
public class EnvironmentImpl {
  protected void hook318() throws DatabaseException {
    Tracer.trace(Level.FINE,this,"Env " + envHome + " daemons shutdown");
    original();
  }
  protected void hook319() throws DatabaseException {
    Tracer.trace(Level.FINE,this,"Close of environment " + envHome + " started");
    original();
  }
}

2019-09-27 15:30:44.900 [main] DEBUG cruise.umplificator.parser.JavaParser - 1569612644900,1,Umplificator_traces.ump,13,JavaParser,1661178041,me_e,parseUnit,Parsing Compilation Unit
2019-09-27 15:30:44.903 [main] DEBUG cruise.umplificator.visitor.JavaClassVisitor - -Visiting PackageDeclaration-com.sleepycat.je.dbi
2019-09-27 15:30:44.903 [main] DEBUG cruise.umplificator.visitor.JavaClassVisitor - Visiting TypeDeclarations-EnvironmentImpl
2019-09-27 15:30:44.904 [main] DEBUG cruise.umplificator.visitor.JavaClassVisitor - Visiting MethodDeclarations-hook318
2019-09-27 15:30:44.904 [main] DEBUG cruise.umplificator.visitor.JavaClassVisitor - Visiting MethodDeclarations-hook319
2019-09-27 15:30:44.904 [main] DEBUG cruise.umplificator.parser.JavaParser - 1569612644904,1,Umplificator_traces.ump,14,JavaParser,1661178041,me_x,parseUnit,Initializing Java Visitor for Compilation Unit
2019-09-27 15:30:44.904 [main] DEBUG cruise.umplificator.rules.RuleRunner - 1569612644904,1,Umplificator_traces.ump,26,RuleRunner,1894369629,me_e,insertJavaElements,RuleRunner.insertJavaElements - Insert Java elements into working memory
2019-09-27 15:30:44.904 [main] DEBUG cruise.umplificator.rules.RuleRunner - 1569612644904,1,Umplificator_traces.ump,30,RuleRunner,1894369629,me_e,fireAllRules,RuleRunner.fireAllRules - Fire rules
2019-09-27 15:30:44.904 [main] DEBUG cruise.umplificator.rules.RuleRunner - RuleRunner.fireAllRules - Fire rules LEVEL3
2019-09-27 15:30:44.904 [main] DEBUG cruise.umplificator.rules.RuleRunner - RuleRunner.fireAllRules - Fire rules LEVEL2
2019-09-27 15:30:44.904 [main] DEBUG cruise.umplificator.rules.RuleRunner - RuleRunner.fireAllRules - Fire rules LEVEL2.1
2019-09-27 15:30:44.904 [main] DEBUG cruise.umplificator.rules.RuleRunner - RuleRunner.fireAllRules - Fire rules LEVEL1
2019-09-27 15:30:44.905 [main] DEBUG cruise.umplificator.parser.JavaParser - 1569612644905,1,Umplificator_traces.ump,13,JavaParser,1169015699,me_e,parseUnit,Parsing Compilation Unit
2019-09-27 15:30:44.908 [main] DEBUG cruise.umplificator.visitor.JavaClassVisitor - -Visiting PackageDeclaration-com.sleepycat.je.dbi
2019-09-27 15:30:44.909 [main] DEBUG cruise.umplificator.visitor.JavaClassVisitor - Visiting TypeDeclarations-EnvironmentImpl
2019-09-27 15:30:44.910 [main] DEBUG cruise.umplificator.visitor.JavaClassVisitor - Visiting MethodDeclarations-hook318
2019-09-27 15:30:44.910 [main] DEBUG cruise.umplificator.visitor.JavaClassVisitor - Visiting MethodDeclarations-hook319
2019-09-27 15:30:44.911 [main] DEBUG cruise.umplificator.parser.JavaParser - 1569612644910,1,Umplificator_traces.ump,14,JavaParser,1169015699,me_x,parseUnit,Initializing Java Visitor for Compilation Unit
2019-09-27 15:30:44.911 [main] DEBUG cruise.umplificator.parser.JavaParser - 1569612644911,1,Umplificator_traces.ump,13,JavaParser,1711154833,me_e,parseUnit,Parsing Compilation Unit
2019-09-27 15:30:44.914 [main] DEBUG cruise.umplificator.visitor.JavaClassVisitor - -Visiting PackageDeclaration-com.sleepycat.je.dbi
2019-09-27 15:30:44.914 [main] DEBUG cruise.umplificator.visitor.JavaClassVisitor - Visiting TypeDeclarations-EnvironmentImpl
2019-09-27 15:30:44.914 [main] DEBUG cruise.umplificator.visitor.JavaClassVisitor - Visiting MethodDeclarations-hook318
2019-09-27 15:30:44.914 [main] DEBUG cruise.umplificator.visitor.JavaClassVisitor - Visiting MethodDeclarations-hook319
2019-09-27 15:30:44.914 [main] DEBUG cruise.umplificator.parser.JavaParser - 1569612644914,1,Umplificator_traces.ump,14,JavaParser,1711154833,me_x,parseUnit,Initializing Java Visitor for Compilation Unit
2019-09-27 15:30:44.914 [main] DEBUG cruise.umplificator.parser.JavaParser - 1569612644914,1,Umplificator_traces.ump,13,JavaParser,1200689594,me_e,parseUnit,Parsing Compilation Unit
2019-09-27 15:30:44.917 [main] DEBUG cruise.umplificator.visitor.JavaClassVisitor - -Visiting PackageDeclaration-com.sleepycat.je.dbi
2019-09-27 15:30:44.917 [main] DEBUG cruise.umplificator.visitor.JavaClassVisitor - Visiting TypeDeclarations-EnvironmentImpl
2019-09-27 15:30:44.917 [main] DEBUG cruise.umplificator.visitor.JavaClassVisitor - Visiting MethodDeclarations-hook318
2019-09-27 15:30:44.917 [main] DEBUG cruise.umplificator.visitor.JavaClassVisitor - Visiting MethodDeclarations-hook319
2019-09-27 15:30:44.917 [main] DEBUG cruise.umplificator.parser.JavaParser - 1569612644917,1,Umplificator_traces.ump,14,JavaParser,1200689594,me_x,parseUnit,Initializing Java Visitor for Compilation Unit
2019-09-27 15:30:44.917 [main] DEBUG cruise.umplificator.parser.JavaParser - 1569612644917,1,Umplificator_traces.ump,13,JavaParser,1470959992,me_e,parseUnit,Parsing Compilation Unit
2019-09-27 15:30:44.919 [main] DEBUG cruise.umplificator.visitor.JavaClassVisitor - -Visiting PackageDeclaration-com.sleepycat.je.dbi
2019-09-27 15:30:44.920 [main] DEBUG cruise.umplificator.visitor.JavaClassVisitor - Visiting TypeDeclarations-EnvironmentImpl
2019-09-27 15:30:44.920 [main] DEBUG cruise.umplificator.visitor.JavaClassVisitor - Visiting MethodDeclarations-hook318
2019-09-27 15:30:44.920 [main] DEBUG cruise.umplificator.visitor.JavaClassVisitor - Visiting MethodDeclarations-hook319
2019-09-27 15:30:44.920 [main] DEBUG cruise.umplificator.parser.JavaParser - 1569612644920,1,Umplificator_traces.ump,14,JavaParser,1470959992,me_x,parseUnit,Initializing Java Visitor for Compilation Unit
2019-09-27 15:30:44.920 [main] DEBUG cruise.umplificator.parser.JavaParser - 1569612644920,1,Umplificator_traces.ump,13,JavaParser,2084041029,me_e,parseUnit,Parsing Compilation Unit
2019-09-27 15:30:44.923 [main] DEBUG cruise.umplificator.visitor.JavaClassVisitor - -Visiting PackageDeclaration-com.sleepycat.je.tree
2019-09-27 15:30:44.923 [main] DEBUG cruise.umplificator.visitor.JavaClassVisitor - Visiting TypeDeclarations-IN
2019-09-27 15:30:44.923 [main] DEBUG cruise.umplificator.visitor.JavaClassVisitor - Visiting MethodDeclarations-traceSplit
2019-09-27 15:30:44.923 [main] DEBUG cruise.umplificator.parser.JavaParser - 1569612644923,1,Umplificator_traces.ump,14,JavaParser,2084041029,me_x,parseUnit,Initializing Java Visitor for Compilation Unit
2019-09-27 15:30:44.924 [main] DEBUG cruise.umplificator.parser.JavaParser - 1569612644924,1,Umplificator_traces.ump,13,JavaParser,1751751420,me_e,parseUnit,Parsing Compilation Unit
2019-09-27 15:30:44.932 [main] DEBUG cruise.umplificator.visitor.JavaClassVisitor - -Visiting PackageDeclaration-com.sleepycat.je.tree
2019-09-27 15:30:44.932 [main] DEBUG cruise.umplificator.visitor.JavaClassVisitor - Visiting TypeDeclarations-Tree
2019-09-27 15:30:44.932 [main] DEBUG cruise.umplificator.visitor.JavaClassVisitor - Visiting MethodDeclarations-traceSplitRoot
2019-09-27 15:30:44.933 [main] DEBUG cruise.umplificator.visitor.JavaClassVisitor - Visiting MethodDeclarations-traceMutate
2019-09-27 15:30:44.933 [main] DEBUG cruise.umplificator.visitor.JavaClassVisitor - Visiting MethodDeclarations-hook661
2019-09-27 15:30:44.933 [main] DEBUG cruise.umplificator.visitor.JavaClassVisitor - Visiting MethodDeclarations-hook662
2019-09-27 15:30:44.933 [main] DEBUG cruise.umplificator.visitor.JavaClassVisitor - Visiting MethodDeclarations-hook663
2019-09-27 15:30:44.933 [main] DEBUG cruise.umplificator.visitor.JavaClassVisitor - Visiting MethodDeclarations-hook664
2019-09-27 15:30:44.933 [main] DEBUG cruise.umplificator.visitor.JavaClassVisitor - Visiting MethodDeclarations-hook665
2019-09-27 15:30:44.933 [main] DEBUG cruise.umplificator.parser.JavaParser - 1569612644933,1,Umplificator_traces.ump,14,JavaParser,1751751420,me_x,parseUnit,Initializing Java Visitor for Compilation Unit
2019-09-27 15:30:44.933 [main] DEBUG cruise.umplificator.parser.JavaParser - 1569612644933,1,Umplificator_traces.ump,13,JavaParser,658135690,me_e,parseUnit,Parsing Compilation Unit
2019-09-27 15:30:44.935 [main] DEBUG cruise.umplificator.visitor.JavaClassVisitor - -Visiting PackageDeclaration-com.sleepycat.je.config
2019-09-27 15:30:44.935 [main] DEBUG cruise.umplificator.visitor.JavaClassVisitor - Visiting TypeDeclarations-EnvironmentParams
2019-09-27 15:30:44.935 [main] DEBUG cruise.umplificator.visitor.JavaClassVisitor - Visiting FieldDeclarations-public static final ConfigParam JE_LOGGING_LEVEL_LOCKMGR=new ConfigParam("java.util.logging.level.lockMgr","FINE",false,"# Lock manager specific trace messages will be issued at this level.\n" + "# Value should be one of the predefined java.util.logging.Level values");

2019-09-27 15:30:44.935 [main] DEBUG cruise.umplificator.parser.JavaParser - 1569612644935,1,Umplificator_traces.ump,14,JavaParser,658135690,me_x,parseUnit,Initializing Java Visitor for Compilation Unit
2019-09-27 15:30:44.936 [main] INFO  cruise.umplificator.core.Umplificator - Umplification process completed for EnvironmentImpl.java!
2019-09-27 15:30:44.937 [main] DEBUG cruise.umplificator.core.Umplificator - Input language is: .java
2019-09-27 15:30:44.937 [main] INFO  cruise.umplificator.core.Umplificator - Attempting Umplification of Txn.java
2019-09-27 15:30:44.937 [main] DEBUG cruise.umplificator.core.Umplificator - ---Input---
2019-09-27 15:30:44.937 [main] DEBUG cruise.umplificator.core.Umplificator - package com.sleepycat.je.txn;
public class Txn {
  protected void hook799(  int numReadLocks,  int numWriteLocks,  boolean openCursors) throws DatabaseException {
    Tracer.trace(Level.FINE,envImpl,"Abort:id = " + id + " numWriteLocks= "+ numWriteLocks+ " numReadLocks= "+ numReadLocks+ " openCursors= "+ openCursors);
    original(numReadLocks,numWriteLocks,openCursors);
  }
}

2019-09-27 15:30:44.937 [main] DEBUG cruise.umplificator.parser.JavaParser - 1569612644937,1,Umplificator_traces.ump,13,JavaParser,404994500,me_e,parseUnit,Parsing Compilation Unit
2019-09-27 15:30:44.940 [main] DEBUG cruise.umplificator.visitor.JavaClassVisitor - -Visiting PackageDeclaration-com.sleepycat.je.txn
2019-09-27 15:30:44.940 [main] DEBUG cruise.umplificator.visitor.JavaClassVisitor - Visiting TypeDeclarations-Txn
2019-09-27 15:30:44.940 [main] DEBUG cruise.umplificator.visitor.JavaClassVisitor - Visiting MethodDeclarations-hook799
2019-09-27 15:30:44.940 [main] DEBUG cruise.umplificator.parser.JavaParser - 1569612644940,1,Umplificator_traces.ump,14,JavaParser,404994500,me_x,parseUnit,Initializing Java Visitor for Compilation Unit
2019-09-27 15:30:44.940 [main] DEBUG cruise.umplificator.rules.RuleRunner - 1569612644940,1,Umplificator_traces.ump,26,RuleRunner,1894369629,me_e,insertJavaElements,RuleRunner.insertJavaElements - Insert Java elements into working memory
2019-09-27 15:30:44.940 [main] DEBUG cruise.umplificator.rules.RuleRunner - 1569612644940,1,Umplificator_traces.ump,30,RuleRunner,1894369629,me_e,fireAllRules,RuleRunner.fireAllRules - Fire rules
2019-09-27 15:30:44.940 [main] DEBUG cruise.umplificator.rules.RuleRunner - RuleRunner.fireAllRules - Fire rules LEVEL3
2019-09-27 15:30:44.940 [main] DEBUG cruise.umplificator.rules.RuleRunner - RuleRunner.fireAllRules - Fire rules LEVEL2
2019-09-27 15:30:44.940 [main] DEBUG cruise.umplificator.rules.RuleRunner - RuleRunner.fireAllRules - Fire rules LEVEL2.1
2019-09-27 15:30:44.940 [main] DEBUG cruise.umplificator.rules.RuleRunner - RuleRunner.fireAllRules - Fire rules LEVEL1
2019-09-27 15:30:44.942 [main] DEBUG cruise.umplificator.parser.JavaParser - 1569612644942,1,Umplificator_traces.ump,13,JavaParser,976133979,me_e,parseUnit,Parsing Compilation Unit
2019-09-27 15:30:44.946 [main] DEBUG cruise.umplificator.visitor.JavaClassVisitor - -Visiting PackageDeclaration-com.sleepycat.je.txn
2019-09-27 15:30:44.946 [main] DEBUG cruise.umplificator.visitor.JavaClassVisitor - Visiting TypeDeclarations-Txn
2019-09-27 15:30:44.946 [main] DEBUG cruise.umplificator.visitor.JavaClassVisitor - Visiting MethodDeclarations-hook799
2019-09-27 15:30:44.946 [main] DEBUG cruise.umplificator.parser.JavaParser - 1569612644946,1,Umplificator_traces.ump,14,JavaParser,976133979,me_x,parseUnit,Initializing Java Visitor for Compilation Unit
2019-09-27 15:30:44.946 [main] DEBUG cruise.umplificator.parser.JavaParser - 1569612644946,1,Umplificator_traces.ump,13,JavaParser,2107853606,me_e,parseUnit,Parsing Compilation Unit
2019-09-27 15:30:44.948 [main] DEBUG cruise.umplificator.visitor.JavaClassVisitor - -Visiting PackageDeclaration-com.sleepycat.je.txn
2019-09-27 15:30:44.949 [main] DEBUG cruise.umplificator.visitor.JavaClassVisitor - Visiting TypeDeclarations-Txn
2019-09-27 15:30:44.949 [main] DEBUG cruise.umplificator.visitor.JavaClassVisitor - Visiting MethodDeclarations-hook799
2019-09-27 15:30:44.949 [main] DEBUG cruise.umplificator.parser.JavaParser - 1569612644949,1,Umplificator_traces.ump,14,JavaParser,2107853606,me_x,parseUnit,Initializing Java Visitor for Compilation Unit
2019-09-27 15:30:44.949 [main] DEBUG cruise.umplificator.parser.JavaParser - 1569612644949,1,Umplificator_traces.ump,13,JavaParser,281312377,me_e,parseUnit,Parsing Compilation Unit
2019-09-27 15:30:44.951 [main] DEBUG cruise.umplificator.visitor.JavaClassVisitor - -Visiting PackageDeclaration-com.sleepycat.je.txn
2019-09-27 15:30:44.951 [main] DEBUG cruise.umplificator.visitor.JavaClassVisitor - Visiting TypeDeclarations-Txn
2019-09-27 15:30:44.951 [main] DEBUG cruise.umplificator.visitor.JavaClassVisitor - Visiting MethodDeclarations-hook799
2019-09-27 15:30:44.951 [main] DEBUG cruise.umplificator.parser.JavaParser - 1569612644951,1,Umplificator_traces.ump,14,JavaParser,281312377,me_x,parseUnit,Initializing Java Visitor for Compilation Unit
2019-09-27 15:30:44.952 [main] DEBUG cruise.umplificator.parser.JavaParser - 1569612644952,1,Umplificator_traces.ump,13,JavaParser,992302041,me_e,parseUnit,Parsing Compilation Unit
2019-09-27 15:30:44.954 [main] DEBUG cruise.umplificator.visitor.JavaClassVisitor - -Visiting PackageDeclaration-com.sleepycat.je.txn
2019-09-27 15:30:44.954 [main] DEBUG cruise.umplificator.visitor.JavaClassVisitor - Visiting TypeDeclarations-Txn
2019-09-27 15:30:44.954 [main] DEBUG cruise.umplificator.visitor.JavaClassVisitor - Visiting MethodDeclarations-hook799
2019-09-27 15:30:44.954 [main] DEBUG cruise.umplificator.parser.JavaParser - 1569612644954,1,Umplificator_traces.ump,14,JavaParser,992302041,me_x,parseUnit,Initializing Java Visitor for Compilation Unit
2019-09-27 15:30:44.954 [main] DEBUG cruise.umplificator.parser.JavaParser - 1569612644954,1,Umplificator_traces.ump,13,JavaParser,1967118241,me_e,parseUnit,Parsing Compilation Unit
2019-09-27 15:30:44.961 [main] DEBUG cruise.umplificator.visitor.JavaClassVisitor - -Visiting PackageDeclaration-com.sleepycat.je.txn
2019-09-27 15:30:44.961 [main] DEBUG cruise.umplificator.visitor.JavaClassVisitor - Visiting TypeDeclarations-Txn
2019-09-27 15:30:44.961 [main] DEBUG cruise.umplificator.visitor.JavaClassVisitor - Visiting MethodDeclarations-hook799
2019-09-27 15:30:44.962 [main] DEBUG cruise.umplificator.parser.JavaParser - 1569612644962,1,Umplificator_traces.ump,14,JavaParser,1967118241,me_x,parseUnit,Initializing Java Visitor for Compilation Unit
2019-09-27 15:30:44.962 [main] DEBUG cruise.umplificator.parser.JavaParser - 1569612644962,1,Umplificator_traces.ump,13,JavaParser,312629339,me_e,parseUnit,Parsing Compilation Unit
2019-09-27 15:30:44.964 [main] DEBUG cruise.umplificator.visitor.JavaClassVisitor - -Visiting PackageDeclaration-com.sleepycat.je.dbi
2019-09-27 15:30:44.964 [main] DEBUG cruise.umplificator.visitor.JavaClassVisitor - Visiting TypeDeclarations-EnvironmentImpl
2019-09-27 15:30:44.964 [main] DEBUG cruise.umplificator.visitor.JavaClassVisitor - Visiting MethodDeclarations-hook318
2019-09-27 15:30:44.964 [main] DEBUG cruise.umplificator.visitor.JavaClassVisitor - Visiting MethodDeclarations-hook319
2019-09-27 15:30:44.964 [main] DEBUG cruise.umplificator.parser.JavaParser - 1569612644964,1,Umplificator_traces.ump,14,JavaParser,312629339,me_x,parseUnit,Initializing Java Visitor for Compilation Unit
2019-09-27 15:30:44.964 [main] DEBUG cruise.umplificator.parser.JavaParser - 1569612644964,1,Umplificator_traces.ump,13,JavaParser,565627330,me_e,parseUnit,Parsing Compilation Unit
2019-09-27 15:30:44.966 [main] DEBUG cruise.umplificator.visitor.JavaClassVisitor - -Visiting PackageDeclaration-com.sleepycat.je.tree
2019-09-27 15:30:44.967 [main] DEBUG cruise.umplificator.visitor.JavaClassVisitor - Visiting TypeDeclarations-IN
2019-09-27 15:30:44.967 [main] DEBUG cruise.umplificator.visitor.JavaClassVisitor - Visiting MethodDeclarations-traceSplit
2019-09-27 15:30:44.967 [main] DEBUG cruise.umplificator.parser.JavaParser - 1569612644967,1,Umplificator_traces.ump,14,JavaParser,565627330,me_x,parseUnit,Initializing Java Visitor for Compilation Unit
2019-09-27 15:30:44.967 [main] DEBUG cruise.umplificator.parser.JavaParser - 1569612644967,1,Umplificator_traces.ump,13,JavaParser,815590838,me_e,parseUnit,Parsing Compilation Unit
2019-09-27 15:30:44.971 [main] DEBUG cruise.umplificator.visitor.JavaClassVisitor - -Visiting PackageDeclaration-com.sleepycat.je.tree
2019-09-27 15:30:44.971 [main] DEBUG cruise.umplificator.visitor.JavaClassVisitor - Visiting TypeDeclarations-Tree
2019-09-27 15:30:44.971 [main] DEBUG cruise.umplificator.visitor.JavaClassVisitor - Visiting MethodDeclarations-traceSplitRoot
2019-09-27 15:30:44.971 [main] DEBUG cruise.umplificator.visitor.JavaClassVisitor - Visiting MethodDeclarations-traceMutate
2019-09-27 15:30:44.971 [main] DEBUG cruise.umplificator.visitor.JavaClassVisitor - Visiting MethodDeclarations-hook661
2019-09-27 15:30:44.972 [main] DEBUG cruise.umplificator.visitor.JavaClassVisitor - Visiting MethodDeclarations-hook662
2019-09-27 15:30:44.972 [main] DEBUG cruise.umplificator.visitor.JavaClassVisitor - Visiting MethodDeclarations-hook663
2019-09-27 15:30:44.972 [main] DEBUG cruise.umplificator.visitor.JavaClassVisitor - Visiting MethodDeclarations-hook664
2019-09-27 15:30:44.972 [main] DEBUG cruise.umplificator.visitor.JavaClassVisitor - Visiting MethodDeclarations-hook665
2019-09-27 15:30:44.972 [main] DEBUG cruise.umplificator.parser.JavaParser - 1569612644972,1,Umplificator_traces.ump,14,JavaParser,815590838,me_x,parseUnit,Initializing Java Visitor for Compilation Unit
2019-09-27 15:30:44.972 [main] DEBUG cruise.umplificator.parser.JavaParser - 1569612644972,1,Umplificator_traces.ump,13,JavaParser,999663323,me_e,parseUnit,Parsing Compilation Unit
2019-09-27 15:30:44.974 [main] DEBUG cruise.umplificator.visitor.JavaClassVisitor - -Visiting PackageDeclaration-com.sleepycat.je.config
2019-09-27 15:30:44.974 [main] DEBUG cruise.umplificator.visitor.JavaClassVisitor - Visiting TypeDeclarations-EnvironmentParams
2019-09-27 15:30:44.974 [main] DEBUG cruise.umplificator.visitor.JavaClassVisitor - Visiting FieldDeclarations-public static final ConfigParam JE_LOGGING_LEVEL_LOCKMGR=new ConfigParam("java.util.logging.level.lockMgr","FINE",false,"# Lock manager specific trace messages will be issued at this level.\n" + "# Value should be one of the predefined java.util.logging.Level values");

2019-09-27 15:30:44.974 [main] DEBUG cruise.umplificator.parser.JavaParser - 1569612644974,1,Umplificator_traces.ump,14,JavaParser,999663323,me_x,parseUnit,Initializing Java Visitor for Compilation Unit
2019-09-27 15:30:44.975 [main] INFO  cruise.umplificator.core.Umplificator - Umplification process completed for Txn.java!
2019-09-27 15:30:44.976 [main] DEBUG cruise.umplificator.core.Umplificator - Input language is: .java
2019-09-27 15:30:44.977 [main] INFO  cruise.umplificator.core.Umplificator - Attempting Umplification of RecoveryManager.java
2019-09-27 15:30:44.977 [main] DEBUG cruise.umplificator.core.Umplificator - ---Input---
2019-09-27 15:30:44.978 [main] DEBUG cruise.umplificator.core.Umplificator - // Original file location:  /home/abdulaziz/Desktop/BerkeleyDb/ALL_FEATURE/features/LoggingFine/com/sleepycat/je/recovery/RecoveryManager.java
package com.sleepycat.je.recovery;
public class RecoveryManager {
  /** 
 * Log trace information about root deletions, called by INCompressor and
 * recovery.
 */
  public static void traceRootDeletion(  Level level,  DatabaseImpl database){
    new RecoveryManager_traceRootDeletion(level,database).execute();
  }
  protected void hook557(  DatabaseImpl db) throws DatabaseException {
    traceRootDeletion(Level.FINE,db);
    original(db);
  }
// START_OF_INNER_ELEMENT 
// @MethodObject static class RecoveryManager_traceRootDeletion {
//     RecoveryManager_traceRootDeletion(    Level level,    DatabaseImpl database){
//       this.level=level;
//       this.database=database;
//     }
//     void execute(){
//     }
//     protected Level level;
//     protected DatabaseImpl database;
//     protected Logger logger;
//     protected StringBuffer sb;
//   }
// END_OF_INNER_ELEMENT 
}

2019-09-27 15:30:44.978 [main] DEBUG cruise.umplificator.parser.JavaParser - 1569612644978,1,Umplificator_traces.ump,13,JavaParser,1005928818,me_e,parseUnit,Parsing Compilation Unit
2019-09-27 15:30:44.980 [main] DEBUG cruise.umplificator.visitor.JavaClassVisitor - -Visiting PackageDeclaration-com.sleepycat.je.recovery
2019-09-27 15:30:44.980 [main] DEBUG cruise.umplificator.visitor.JavaClassVisitor - Visiting TypeDeclarations-RecoveryManager
2019-09-27 15:30:44.980 [main] DEBUG cruise.umplificator.visitor.JavaClassVisitor - Visiting MethodDeclarations-traceRootDeletion
2019-09-27 15:30:44.980 [main] DEBUG cruise.umplificator.visitor.JavaClassVisitor - Visiting MethodDeclarations-hook557
2019-09-27 15:30:44.980 [main] DEBUG cruise.umplificator.parser.JavaParser - 1569612644980,1,Umplificator_traces.ump,14,JavaParser,1005928818,me_x,parseUnit,Initializing Java Visitor for Compilation Unit
2019-09-27 15:30:44.980 [main] DEBUG cruise.umplificator.rules.RuleRunner - 1569612644980,1,Umplificator_traces.ump,26,RuleRunner,1894369629,me_e,insertJavaElements,RuleRunner.insertJavaElements - Insert Java elements into working memory
2019-09-27 15:30:44.981 [main] DEBUG cruise.umplificator.rules.RuleRunner - 1569612644981,1,Umplificator_traces.ump,30,RuleRunner,1894369629,me_e,fireAllRules,RuleRunner.fireAllRules - Fire rules
2019-09-27 15:30:44.981 [main] DEBUG cruise.umplificator.rules.RuleRunner - RuleRunner.fireAllRules - Fire rules LEVEL3
2019-09-27 15:30:44.981 [main] DEBUG cruise.umplificator.rules.RuleRunner - RuleRunner.fireAllRules - Fire rules LEVEL2
2019-09-27 15:30:44.981 [main] DEBUG cruise.umplificator.rules.RuleRunner - RuleRunner.fireAllRules - Fire rules LEVEL2.1
2019-09-27 15:30:44.981 [main] DEBUG cruise.umplificator.rules.RuleRunner - RuleRunner.fireAllRules - Fire rules LEVEL1
2019-09-27 15:30:44.982 [main] DEBUG cruise.umplificator.parser.JavaParser - 1569612644982,1,Umplificator_traces.ump,13,JavaParser,510207317,me_e,parseUnit,Parsing Compilation Unit
2019-09-27 15:30:44.984 [main] DEBUG cruise.umplificator.visitor.JavaClassVisitor - -Visiting PackageDeclaration-com.sleepycat.je.recovery
2019-09-27 15:30:44.984 [main] DEBUG cruise.umplificator.visitor.JavaClassVisitor - Visiting TypeDeclarations-RecoveryManager
2019-09-27 15:30:44.984 [main] DEBUG cruise.umplificator.visitor.JavaClassVisitor - Visiting MethodDeclarations-traceRootDeletion
2019-09-27 15:30:44.984 [main] DEBUG cruise.umplificator.visitor.JavaClassVisitor - Visiting MethodDeclarations-hook557
2019-09-27 15:30:44.984 [main] DEBUG cruise.umplificator.parser.JavaParser - 1569612644984,1,Umplificator_traces.ump,14,JavaParser,510207317,me_x,parseUnit,Initializing Java Visitor for Compilation Unit
2019-09-27 15:30:44.985 [main] DEBUG cruise.umplificator.parser.JavaParser - 1569612644985,1,Umplificator_traces.ump,13,JavaParser,1000386113,me_e,parseUnit,Parsing Compilation Unit
2019-09-27 15:30:44.987 [main] DEBUG cruise.umplificator.visitor.JavaClassVisitor - -Visiting PackageDeclaration-com.sleepycat.je.recovery
2019-09-27 15:30:44.987 [main] DEBUG cruise.umplificator.visitor.JavaClassVisitor - Visiting TypeDeclarations-RecoveryManager
2019-09-27 15:30:44.987 [main] DEBUG cruise.umplificator.visitor.JavaClassVisitor - Visiting MethodDeclarations-traceRootDeletion
2019-09-27 15:30:44.987 [main] DEBUG cruise.umplificator.visitor.JavaClassVisitor - Visiting MethodDeclarations-hook557
2019-09-27 15:30:44.987 [main] DEBUG cruise.umplificator.parser.JavaParser - 1569612644987,1,Umplificator_traces.ump,14,JavaParser,1000386113,me_x,parseUnit,Initializing Java Visitor for Compilation Unit
2019-09-27 15:30:44.987 [main] DEBUG cruise.umplificator.parser.JavaParser - 1569612644987,1,Umplificator_traces.ump,13,JavaParser,1996385500,me_e,parseUnit,Parsing Compilation Unit
2019-09-27 15:30:44.990 [main] DEBUG cruise.umplificator.visitor.JavaClassVisitor - -Visiting PackageDeclaration-com.sleepycat.je.recovery
2019-09-27 15:30:44.990 [main] DEBUG cruise.umplificator.visitor.JavaClassVisitor - Visiting TypeDeclarations-RecoveryManager
2019-09-27 15:30:44.990 [main] DEBUG cruise.umplificator.visitor.JavaClassVisitor - Visiting MethodDeclarations-traceRootDeletion
2019-09-27 15:30:44.990 [main] DEBUG cruise.umplificator.visitor.JavaClassVisitor - Visiting MethodDeclarations-hook557
2019-09-27 15:30:44.990 [main] DEBUG cruise.umplificator.parser.JavaParser - 1569612644990,1,Umplificator_traces.ump,14,JavaParser,1996385500,me_x,parseUnit,Initializing Java Visitor for Compilation Unit
2019-09-27 15:30:44.991 [main] DEBUG cruise.umplificator.parser.JavaParser - 1569612644991,1,Umplificator_traces.ump,13,JavaParser,804993772,me_e,parseUnit,Parsing Compilation Unit
2019-09-27 15:30:44.993 [main] DEBUG cruise.umplificator.visitor.JavaClassVisitor - -Visiting PackageDeclaration-com.sleepycat.je.recovery
2019-09-27 15:30:44.993 [main] DEBUG cruise.umplificator.visitor.JavaClassVisitor - Visiting TypeDeclarations-RecoveryManager
2019-09-27 15:30:44.993 [main] DEBUG cruise.umplificator.visitor.JavaClassVisitor - Visiting MethodDeclarations-traceRootDeletion
2019-09-27 15:30:44.993 [main] DEBUG cruise.umplificator.visitor.JavaClassVisitor - Visiting MethodDeclarations-hook557
2019-09-27 15:30:44.994 [main] DEBUG cruise.umplificator.parser.JavaParser - 1569612644994,1,Umplificator_traces.ump,14,JavaParser,804993772,me_x,parseUnit,Initializing Java Visitor for Compilation Unit
2019-09-27 15:30:44.994 [main] DEBUG cruise.umplificator.parser.JavaParser - 1569612644994,1,Umplificator_traces.ump,13,JavaParser,2020602315,me_e,parseUnit,Parsing Compilation Unit
2019-09-27 15:30:44.996 [main] DEBUG cruise.umplificator.visitor.JavaClassVisitor - -Visiting PackageDeclaration-com.sleepycat.je.recovery
2019-09-27 15:30:44.996 [main] DEBUG cruise.umplificator.visitor.JavaClassVisitor - Visiting TypeDeclarations-RecoveryManager
2019-09-27 15:30:44.996 [main] DEBUG cruise.umplificator.visitor.JavaClassVisitor - Visiting MethodDeclarations-traceRootDeletion
2019-09-27 15:30:44.996 [main] DEBUG cruise.umplificator.visitor.JavaClassVisitor - Visiting MethodDeclarations-hook557
2019-09-27 15:30:44.996 [main] DEBUG cruise.umplificator.parser.JavaParser - 1569612644996,1,Umplificator_traces.ump,14,JavaParser,2020602315,me_x,parseUnit,Initializing Java Visitor for Compilation Unit
2019-09-27 15:30:44.996 [main] DEBUG cruise.umplificator.parser.JavaParser - 1569612644996,1,Umplificator_traces.ump,13,JavaParser,1174641185,me_e,parseUnit,Parsing Compilation Unit
2019-09-27 15:30:44.998 [main] DEBUG cruise.umplificator.visitor.JavaClassVisitor - -Visiting PackageDeclaration-com.sleepycat.je.recovery
2019-09-27 15:30:44.998 [main] DEBUG cruise.umplificator.visitor.JavaClassVisitor - Visiting TypeDeclarations-RecoveryManager
2019-09-27 15:30:44.998 [main] DEBUG cruise.umplificator.visitor.JavaClassVisitor - Visiting MethodDeclarations-traceRootDeletion
2019-09-27 15:30:44.998 [main] DEBUG cruise.umplificator.visitor.JavaClassVisitor - Visiting MethodDeclarations-hook557
2019-09-27 15:30:44.998 [main] DEBUG cruise.umplificator.parser.JavaParser - 1569612644998,1,Umplificator_traces.ump,14,JavaParser,1174641185,me_x,parseUnit,Initializing Java Visitor for Compilation Unit
2019-09-27 15:30:44.999 [main] DEBUG cruise.umplificator.parser.JavaParser - 1569612644999,1,Umplificator_traces.ump,13,JavaParser,1126074033,me_e,parseUnit,Parsing Compilation Unit
2019-09-27 15:30:45.000 [main] DEBUG cruise.umplificator.visitor.JavaClassVisitor - -Visiting PackageDeclaration-com.sleepycat.je.txn
2019-09-27 15:30:45.001 [main] DEBUG cruise.umplificator.visitor.JavaClassVisitor - Visiting TypeDeclarations-Txn
2019-09-27 15:30:45.001 [main] DEBUG cruise.umplificator.visitor.JavaClassVisitor - Visiting MethodDeclarations-hook799
2019-09-27 15:30:45.001 [main] DEBUG cruise.umplificator.parser.JavaParser - 1569612645001,1,Umplificator_traces.ump,14,JavaParser,1126074033,me_x,parseUnit,Initializing Java Visitor for Compilation Unit
2019-09-27 15:30:45.001 [main] DEBUG cruise.umplificator.parser.JavaParser - 1569612645001,1,Umplificator_traces.ump,13,JavaParser,902096996,me_e,parseUnit,Parsing Compilation Unit
2019-09-27 15:30:45.003 [main] DEBUG cruise.umplificator.visitor.JavaClassVisitor - -Visiting PackageDeclaration-com.sleepycat.je.dbi
2019-09-27 15:30:45.003 [main] DEBUG cruise.umplificator.visitor.JavaClassVisitor - Visiting TypeDeclarations-EnvironmentImpl
2019-09-27 15:30:45.003 [main] DEBUG cruise.umplificator.visitor.JavaClassVisitor - Visiting MethodDeclarations-hook318
2019-09-27 15:30:45.003 [main] DEBUG cruise.umplificator.visitor.JavaClassVisitor - Visiting MethodDeclarations-hook319
2019-09-27 15:30:45.003 [main] DEBUG cruise.umplificator.parser.JavaParser - 1569612645003,1,Umplificator_traces.ump,14,JavaParser,902096996,me_x,parseUnit,Initializing Java Visitor for Compilation Unit
2019-09-27 15:30:45.003 [main] DEBUG cruise.umplificator.parser.JavaParser - 1569612645003,1,Umplificator_traces.ump,13,JavaParser,849520318,me_e,parseUnit,Parsing Compilation Unit
2019-09-27 15:30:45.005 [main] DEBUG cruise.umplificator.visitor.JavaClassVisitor - -Visiting PackageDeclaration-com.sleepycat.je.tree
2019-09-27 15:30:45.005 [main] DEBUG cruise.umplificator.visitor.JavaClassVisitor - Visiting TypeDeclarations-IN
2019-09-27 15:30:45.005 [main] DEBUG cruise.umplificator.visitor.JavaClassVisitor - Visiting MethodDeclarations-traceSplit
2019-09-27 15:30:45.005 [main] DEBUG cruise.umplificator.parser.JavaParser - 1569612645005,1,Umplificator_traces.ump,14,JavaParser,849520318,me_x,parseUnit,Initializing Java Visitor for Compilation Unit
2019-09-27 15:30:45.006 [main] DEBUG cruise.umplificator.parser.JavaParser - 1569612645006,1,Umplificator_traces.ump,13,JavaParser,1747644505,me_e,parseUnit,Parsing Compilation Unit
2019-09-27 15:30:45.011 [main] DEBUG cruise.umplificator.visitor.JavaClassVisitor - -Visiting PackageDeclaration-com.sleepycat.je.tree
2019-09-27 15:30:45.011 [main] DEBUG cruise.umplificator.visitor.JavaClassVisitor - Visiting TypeDeclarations-Tree
2019-09-27 15:30:45.011 [main] DEBUG cruise.umplificator.visitor.JavaClassVisitor - Visiting MethodDeclarations-traceSplitRoot
2019-09-27 15:30:45.012 [main] DEBUG cruise.umplificator.visitor.JavaClassVisitor - Visiting MethodDeclarations-traceMutate
2019-09-27 15:30:45.012 [main] DEBUG cruise.umplificator.visitor.JavaClassVisitor - Visiting MethodDeclarations-hook661
2019-09-27 15:30:45.012 [main] DEBUG cruise.umplificator.visitor.JavaClassVisitor - Visiting MethodDeclarations-hook662
2019-09-27 15:30:45.012 [main] DEBUG cruise.umplificator.visitor.JavaClassVisitor - Visiting MethodDeclarations-hook663
2019-09-27 15:30:45.012 [main] DEBUG cruise.umplificator.visitor.JavaClassVisitor - Visiting MethodDeclarations-hook664
2019-09-27 15:30:45.012 [main] DEBUG cruise.umplificator.visitor.JavaClassVisitor - Visiting MethodDeclarations-hook665
2019-09-27 15:30:45.012 [main] DEBUG cruise.umplificator.parser.JavaParser - 1569612645012,1,Umplificator_traces.ump,14,JavaParser,1747644505,me_x,parseUnit,Initializing Java Visitor for Compilation Unit
2019-09-27 15:30:45.012 [main] DEBUG cruise.umplificator.parser.JavaParser - 1569612645012,1,Umplificator_traces.ump,13,JavaParser,1597425891,me_e,parseUnit,Parsing Compilation Unit
2019-09-27 15:30:45.013 [main] DEBUG cruise.umplificator.visitor.JavaClassVisitor - -Visiting PackageDeclaration-com.sleepycat.je.config
2019-09-27 15:30:45.014 [main] DEBUG cruise.umplificator.visitor.JavaClassVisitor - Visiting TypeDeclarations-EnvironmentParams
2019-09-27 15:30:45.014 [main] DEBUG cruise.umplificator.visitor.JavaClassVisitor - Visiting FieldDeclarations-public static final ConfigParam JE_LOGGING_LEVEL_LOCKMGR=new ConfigParam("java.util.logging.level.lockMgr","FINE",false,"# Lock manager specific trace messages will be issued at this level.\n" + "# Value should be one of the predefined java.util.logging.Level values");

2019-09-27 15:30:45.014 [main] DEBUG cruise.umplificator.parser.JavaParser - 1569612645014,1,Umplificator_traces.ump,14,JavaParser,1597425891,me_x,parseUnit,Initializing Java Visitor for Compilation Unit
2019-09-27 15:30:45.015 [main] INFO  cruise.umplificator.core.Umplificator - Umplification process completed for RecoveryManager.java!
2019-09-27 15:30:45.059 [main] DEBUG cruise.umplificator.FileHelper - --UmpleClass has been created fornull/EnvironmentParams.ump--
2019-09-27 15:30:45.077 [main] DEBUG cruise.umplificator.FileHelper - --UmpleClass has been created fornull/Tree.ump--
2019-09-27 15:30:45.081 [main] DEBUG cruise.umplificator.FileHelper - --UmpleClass has been created fornull/IN.ump--
2019-09-27 15:30:45.086 [main] DEBUG cruise.umplificator.FileHelper - --UmpleClass has been created fornull/EnvironmentImpl.ump--
2019-09-27 15:30:45.101 [main] DEBUG cruise.umplificator.FileHelper - --UmpleClass has been created fornull/Txn.ump--
2019-09-27 15:30:45.109 [main] DEBUG cruise.umplificator.FileHelper - --UmpleClass has been created fornull/RecoveryManager.ump--
2019-09-27 15:30:45.109 [main] DEBUG cruise.umplificator.core.Umplificator - Elapsed Time : 2079
2019-09-27 15:30:45.109 [main] DEBUG cruise.umplificator.core.Umplificator - Stop Time : start[1569612643030] time[2079] tag[model]
2019-09-27 15:30:45.109 [main] INFO  cruise.umplificator.UmplificatorMain - Success!
